2025.11.29 00:53:13 INFO  Started: Metals version 1.6.4 in folders 'D:\ProyectoFinalLenguajesFront' for client Visual Studio Code 1.106.3.
2025.11.29 00:53:13 ERROR org.h2.jdbc.JdbcSQLNonTransientConnectionException: Archivo corrupto mientras se leía el registro: "D:/ProyectoFinalLenguajesFront/.metals/metals.mv.db". Solución Posible: use la herramienta de recuperación (recovery tool)
File corrupted while reading record: "D:/ProyectoFinalLenguajesFront/.metals/metals.mv.db". Possible solution: use the recovery tool [90030-240]
	at org.h2.message.DbException.getJdbcSQLException(DbException.java:690)
	at org.h2.message.DbException.getJdbcSQLException(DbException.java:489)
	at org.h2.message.DbException.get(DbException.java:212)
	at org.h2.mvstore.db.Store.convertMVStoreException(Store.java:163)
	at org.h2.mvstore.db.Store.<init>(Store.java:142)
	at org.h2.engine.Database.<init>(Database.java:328)
	at org.h2.engine.Engine.openSession(Engine.java:92)
	at org.h2.engine.Engine.openSession(Engine.java:222)
	at org.h2.engine.Engine.createSession(Engine.java:201)
	at org.h2.engine.SessionRemote.connectEmbeddedOrServer(SessionRemote.java:350)
	at org.h2.jdbc.JdbcConnection.<init>(JdbcConnection.java:124)
	at org.h2.Driver.connect(Driver.java:59)
	at java.sql.DriverManager.getConnection(DriverManager.java:613)
	at java.sql.DriverManager.getConnection(DriverManager.java:199)
	at scala.meta.internal.metals.H2ConnectionProvider.upgradeIfNeeded(H2ConnectionProvider.scala:132)
	at scala.meta.internal.metals.H2ConnectionProvider.persistentConnection(H2ConnectionProvider.scala:108)
	at scala.meta.internal.metals.H2ConnectionProvider.tryAutoServer(H2ConnectionProvider.scala:62)
	at scala.meta.internal.metals.H2ConnectionProvider.connect(H2ConnectionProvider.scala:44)
	at scala.meta.internal.metals.H2ConnectionProvider.connection(H2ConnectionProvider.scala:34)
	at scala.meta.internal.metals.Tables.$anonfun$dependencySources$1(Tables.scala:23)
	at scala.meta.internal.metals.DependencySources.getBuildTarget(DependencySources.scala:25)
	at scala.meta.internal.metals.BuildTargets.$anonfun$inverseSources$2(BuildTargets.scala:260)
	at scala.Option.flatMap(Option.scala:283)
	at scala.meta.internal.metals.BuildTargets.inverseSources(BuildTargets.scala:260)
	at scala.meta.internal.metals.ModuleStatus.refresh(ModuleStatus.scala:45)
	at scala.meta.internal.metals.WorkspaceLspService.setFocusedDocument(WorkspaceLspService.scala:213)
	at scala.meta.internal.metals.WorkspaceLspService.didOpen(WorkspaceLspService.scala:463)
	at scala.meta.metals.lsp.DelegatingScalaService.didOpen(DelegatingScalaService.scala:38)
	at jdk.internal.reflect.DirectMethodHandleAccessor.invoke(DirectMethodHandleAccessor.java:104)
	at java.lang.reflect.Method.invoke(Method.java:565)
	at org.eclipse.lsp4j.jsonrpc.services.GenericEndpoint.lambda$recursiveFindRpcMethods$0(GenericEndpoint.java:65)
	at org.eclipse.lsp4j.jsonrpc.services.GenericEndpoint.notify(GenericEndpoint.java:160)
	at org.eclipse.lsp4j.jsonrpc.RemoteEndpoint.handleNotification(RemoteEndpoint.java:231)
	at org.eclipse.lsp4j.jsonrpc.RemoteEndpoint.consume(RemoteEndpoint.java:198)
	at org.eclipse.lsp4j.jsonrpc.json.StreamMessageProducer.handleMessage(StreamMessageProducer.java:185)
	at org.eclipse.lsp4j.jsonrpc.json.StreamMessageProducer.listen(StreamMessageProducer.java:97)
	at org.eclipse.lsp4j.jsonrpc.json.ConcurrentMessageProcessor.run(ConcurrentMessageProcessor.java:114)
	at java.util.concurrent.Executors$RunnableAdapter.call(Executors.java:545)
	at java.util.concurrent.FutureTask.run(FutureTask.java:328)
	at java.util.concurrent.ThreadPoolExecutor.runWorker(ThreadPoolExecutor.java:1090)
	at java.util.concurrent.ThreadPoolExecutor$Worker.run(ThreadPoolExecutor.java:614)
	at java.lang.Thread.run(Thread.java:1474)
Caused by: org.h2.mvstore.MVStoreException: File is corrupted - unable to recover a valid set of chunks [2.4.240/6]
	at org.h2.mvstore.DataUtils.newMVStoreException(DataUtils.java:996)
	at org.h2.mvstore.RandomAccessStore.readStoreHeader(RandomAccessStore.java:320)
	at org.h2.mvstore.FileStore.start(FileStore.java:919)
	at org.h2.mvstore.MVStore.<init>(MVStore.java:294)
	at org.h2.mvstore.MVStore$Builder.open(MVStore.java:2164)
	at org.h2.mvstore.db.Store.<init>(Store.java:133)
	at org.h2.engine.Database.<init>(Database.java:328)
	at org.h2.engine.Engine.openSession(Engine.java:92)
	at org.h2.engine.Engine.openSession(Engine.java:222)
	at org.h2.engine.Engine.createSession(Engine.java:201)
	at org.h2.engine.SessionRemote.connectEmbeddedOrServer(SessionRemote.java:350)
	at org.h2.jdbc.JdbcConnection.<init>(JdbcConnection.java:124)
	at org.h2.Driver.connect(Driver.java:59)
	at java.sql.DriverManager.getConnection(DriverManager.java:613)
	at java.sql.DriverManager.getConnection(DriverManager.java:199)
	at scala.meta.internal.metals.H2ConnectionProvider.upgradeIfNeeded(H2ConnectionProvider.scala:132)
	at scala.meta.internal.metals.H2ConnectionProvider.persistentConnection(H2ConnectionProvider.scala:108)
	at scala.meta.internal.metals.H2ConnectionProvider.tryAutoServer(H2ConnectionProvider.scala:62)
	at scala.meta.internal.metals.H2ConnectionProvider.connect(H2ConnectionProvider.scala:44)
	at scala.meta.internal.metals.H2ConnectionProvider.connection(H2ConnectionProvider.scala:34)
	at scala.meta.internal.metals.Tables.$anonfun$dependencySources$1(Tables.scala:23)
	at scala.meta.internal.metals.DependencySources.getBuildTarget(DependencySources.scala:25)
	at scala.meta.internal.metals.BuildTargets.$anonfun$inverseSources$2(BuildTargets.scala:260)
	at scala.Option.flatMap(Option.scala:283)
	at scala.meta.internal.metals.BuildTargets.inverseSources(BuildTargets.scala:260)
	at scala.meta.internal.metals.ModuleStatus.refresh(ModuleStatus.scala:45)
	at scala.meta.internal.metals.WorkspaceLspService.setFocusedDocument(WorkspaceLspService.scala:213)
	at scala.meta.internal.metals.WorkspaceLspService.didOpen(WorkspaceLspService.scala:463)
	at scala.meta.metals.lsp.DelegatingScalaService.didOpen(DelegatingScalaService.scala:38)
	at jdk.internal.reflect.DirectMethodHandleAccessor.invoke(DirectMethodHandleAccessor.java:104)
	at java.lang.reflect.Method.invoke(Method.java:565)
	at org.eclipse.lsp4j.jsonrpc.services.GenericEndpoint.lambda$recursiveFindRpcMethods$0(GenericEndpoint.java:65)
	at org.eclipse.lsp4j.jsonrpc.services.GenericEndpoint.notify(GenericEndpoint.java:160)
	at org.eclipse.lsp4j.jsonrpc.RemoteEndpoint.handleNotification(RemoteEndpoint.java:231)
	at org.eclipse.lsp4j.jsonrpc.RemoteEndpoint.consume(RemoteEndpoint.java:198)
	at org.eclipse.lsp4j.jsonrpc.json.StreamMessageProducer.handleMessage(StreamMessageProducer.java:185)
	at org.eclipse.lsp4j.jsonrpc.json.StreamMessageProducer.listen(StreamMessageProducer.java:97)
	at org.eclipse.lsp4j.jsonrpc.json.ConcurrentMessageProcessor.run(ConcurrentMessageProcessor.java:114)
	at java.util.concurrent.Executors$RunnableAdapter.call(Executors.java:545)
	at java.util.concurrent.FutureTask.run(FutureTask.java:328)
	at java.util.concurrent.ThreadPoolExecutor.runWorker(ThreadPoolExecutor.java:1090)
	at java.util.concurrent.ThreadPoolExecutor$Worker.run(ThreadPoolExecutor.java:614)
	at java.lang.Thread.run(Thread.java:1474)

2025.11.29 00:53:13 ERROR unable to setup persistent H2 database with AUTO_SERVER=false, falling back to in-memory database. This means you may be redundantly asked to execute 'Import build', even if it's not needed. Also, code navigation will not work for existing files in the .metals/readonly/ directory. To fix this problem, make sure you only have one running Metals server in the directory 'D:\ProyectoFinalLenguajesFront'.
org.h2.jdbc.JdbcSQLNonTransientConnectionException: Archivo corrupto mientras se leía el registro: "D:/ProyectoFinalLenguajesFront/.metals/metals.mv.db". Solución Posible: use la herramienta de recuperación (recovery tool)
File corrupted while reading record: "D:/ProyectoFinalLenguajesFront/.metals/metals.mv.db". Possible solution: use the recovery tool [90030-240]
	at org.h2.message.DbException.getJdbcSQLException(DbException.java:690)
	at org.h2.message.DbException.getJdbcSQLException(DbException.java:489)
	at org.h2.message.DbException.get(DbException.java:212)
	at org.h2.mvstore.db.Store.convertMVStoreException(Store.java:163)
	at org.h2.mvstore.db.Store.<init>(Store.java:142)
	at org.h2.engine.Database.<init>(Database.java:328)
	at org.h2.engine.Engine.openSession(Engine.java:92)
	at org.h2.engine.Engine.openSession(Engine.java:222)
	at org.h2.engine.Engine.createSession(Engine.java:201)
	at org.h2.engine.SessionRemote.connectEmbeddedOrServer(SessionRemote.java:350)
	at org.h2.jdbc.JdbcConnection.<init>(JdbcConnection.java:124)
	at org.h2.Driver.connect(Driver.java:59)
	at java.sql.DriverManager.getConnection(DriverManager.java:613)
	at java.sql.DriverManager.getConnection(DriverManager.java:199)
	at scala.meta.internal.metals.H2ConnectionProvider.upgradeIfNeeded(H2ConnectionProvider.scala:132)
	at scala.meta.internal.metals.H2ConnectionProvider.persistentConnection(H2ConnectionProvider.scala:108)
	at scala.meta.internal.metals.Tables.tryNoAutoServer(Tables.scala:37)
	at scala.meta.internal.metals.H2ConnectionProvider.tryAutoServer(H2ConnectionProvider.scala:73)
	at scala.meta.internal.metals.H2ConnectionProvider.connect(H2ConnectionProvider.scala:44)
	at scala.meta.internal.metals.H2ConnectionProvider.connection(H2ConnectionProvider.scala:34)
	at scala.meta.internal.metals.Tables.$anonfun$dependencySources$1(Tables.scala:23)
	at scala.meta.internal.metals.DependencySources.getBuildTarget(DependencySources.scala:25)
	at scala.meta.internal.metals.BuildTargets.$anonfun$inverseSources$2(BuildTargets.scala:260)
	at scala.Option.flatMap(Option.scala:283)
	at scala.meta.internal.metals.BuildTargets.inverseSources(BuildTargets.scala:260)
	at scala.meta.internal.metals.ModuleStatus.refresh(ModuleStatus.scala:45)
	at scala.meta.internal.metals.WorkspaceLspService.setFocusedDocument(WorkspaceLspService.scala:213)
	at scala.meta.internal.metals.WorkspaceLspService.didOpen(WorkspaceLspService.scala:463)
	at scala.meta.metals.lsp.DelegatingScalaService.didOpen(DelegatingScalaService.scala:38)
	at jdk.internal.reflect.DirectMethodHandleAccessor.invoke(DirectMethodHandleAccessor.java:104)
	at java.lang.reflect.Method.invoke(Method.java:565)
	at org.eclipse.lsp4j.jsonrpc.services.GenericEndpoint.lambda$recursiveFindRpcMethods$0(GenericEndpoint.java:65)
	at org.eclipse.lsp4j.jsonrpc.services.GenericEndpoint.notify(GenericEndpoint.java:160)
	at org.eclipse.lsp4j.jsonrpc.RemoteEndpoint.handleNotification(RemoteEndpoint.java:231)
	at org.eclipse.lsp4j.jsonrpc.RemoteEndpoint.consume(RemoteEndpoint.java:198)
	at org.eclipse.lsp4j.jsonrpc.json.StreamMessageProducer.handleMessage(StreamMessageProducer.java:185)
	at org.eclipse.lsp4j.jsonrpc.json.StreamMessageProducer.listen(StreamMessageProducer.java:97)
	at org.eclipse.lsp4j.jsonrpc.json.ConcurrentMessageProcessor.run(ConcurrentMessageProcessor.java:114)
	at java.util.concurrent.Executors$RunnableAdapter.call(Executors.java:545)
	at java.util.concurrent.FutureTask.run(FutureTask.java:328)
	at java.util.concurrent.ThreadPoolExecutor.runWorker(ThreadPoolExecutor.java:1090)
	at java.util.concurrent.ThreadPoolExecutor$Worker.run(ThreadPoolExecutor.java:614)
	at java.lang.Thread.run(Thread.java:1474)
Caused by: org.h2.mvstore.MVStoreException: File is corrupted - unable to recover a valid set of chunks [2.4.240/6]
	at org.h2.mvstore.DataUtils.newMVStoreException(DataUtils.java:996)
	at org.h2.mvstore.RandomAccessStore.readStoreHeader(RandomAccessStore.java:320)
	at org.h2.mvstore.FileStore.start(FileStore.java:919)
	at org.h2.mvstore.MVStore.<init>(MVStore.java:294)
	at org.h2.mvstore.MVStore$Builder.open(MVStore.java:2164)
	at org.h2.mvstore.db.Store.<init>(Store.java:133)
	at org.h2.engine.Database.<init>(Database.java:328)
	at org.h2.engine.Engine.openSession(Engine.java:92)
	at org.h2.engine.Engine.openSession(Engine.java:222)
	at org.h2.engine.Engine.createSession(Engine.java:201)
	at org.h2.engine.SessionRemote.connectEmbeddedOrServer(SessionRemote.java:350)
	at org.h2.jdbc.JdbcConnection.<init>(JdbcConnection.java:124)
	at org.h2.Driver.connect(Driver.java:59)
	at java.sql.DriverManager.getConnection(DriverManager.java:613)
	at java.sql.DriverManager.getConnection(DriverManager.java:199)
	at scala.meta.internal.metals.H2ConnectionProvider.upgradeIfNeeded(H2ConnectionProvider.scala:132)
	at scala.meta.internal.metals.H2ConnectionProvider.persistentConnection(H2ConnectionProvider.scala:108)
	at scala.meta.internal.metals.Tables.tryNoAutoServer(Tables.scala:37)
	at scala.meta.internal.metals.H2ConnectionProvider.tryAutoServer(H2ConnectionProvider.scala:73)
	at scala.meta.internal.metals.H2ConnectionProvider.connect(H2ConnectionProvider.scala:44)
	at scala.meta.internal.metals.H2ConnectionProvider.connection(H2ConnectionProvider.scala:34)
	at scala.meta.internal.metals.Tables.$anonfun$dependencySources$1(Tables.scala:23)
	at scala.meta.internal.metals.DependencySources.getBuildTarget(DependencySources.scala:25)
	at scala.meta.internal.metals.BuildTargets.$anonfun$inverseSources$2(BuildTargets.scala:260)
	at scala.Option.flatMap(Option.scala:283)
	at scala.meta.internal.metals.BuildTargets.inverseSources(BuildTargets.scala:260)
	at scala.meta.internal.metals.ModuleStatus.refresh(ModuleStatus.scala:45)
	at scala.meta.internal.metals.WorkspaceLspService.setFocusedDocument(WorkspaceLspService.scala:213)
	at scala.meta.internal.metals.WorkspaceLspService.didOpen(WorkspaceLspService.scala:463)
	at scala.meta.metals.lsp.DelegatingScalaService.didOpen(DelegatingScalaService.scala:38)
	at jdk.internal.reflect.DirectMethodHandleAccessor.invoke(DirectMethodHandleAccessor.java:104)
	at java.lang.reflect.Method.invoke(Method.java:565)
	at org.eclipse.lsp4j.jsonrpc.services.GenericEndpoint.lambda$recursiveFindRpcMethods$0(GenericEndpoint.java:65)
	at org.eclipse.lsp4j.jsonrpc.services.GenericEndpoint.notify(GenericEndpoint.java:160)
	at org.eclipse.lsp4j.jsonrpc.RemoteEndpoint.handleNotification(RemoteEndpoint.java:231)
	at org.eclipse.lsp4j.jsonrpc.RemoteEndpoint.consume(RemoteEndpoint.java:198)
	at org.eclipse.lsp4j.jsonrpc.json.StreamMessageProducer.handleMessage(StreamMessageProducer.java:185)
	at org.eclipse.lsp4j.jsonrpc.json.StreamMessageProducer.listen(StreamMessageProducer.java:97)
	at org.eclipse.lsp4j.jsonrpc.json.ConcurrentMessageProcessor.run(ConcurrentMessageProcessor.java:114)
	at java.util.concurrent.Executors$RunnableAdapter.call(Executors.java:545)
	at java.util.concurrent.FutureTask.run(FutureTask.java:328)
	at java.util.concurrent.ThreadPoolExecutor.runWorker(ThreadPoolExecutor.java:1090)
	at java.util.concurrent.ThreadPoolExecutor$Worker.run(ThreadPoolExecutor.java:614)
	at java.lang.Thread.run(Thread.java:1474)

2025.11.29 00:53:13 WARN  Using H2 2.4.240 which is newer than the version Flyway has been verified with. The latest verified version of H2 is 2.3.232.
2025.11.29 00:53:14 INFO  no build target found for D:\ProyectoFinalLenguajesFront\frontend\src\main\scala\app\views\ReporteView.scala. Using presentation compiler with project's scala-library version: 3.3.6
2025.11.29 00:53:14 INFO  Attempting to connect to the build server...
2025.11.29 00:53:14 INFO  Found a Bloop server running
2025.11.29 00:53:14 INFO  tracing is disabled for protocol BSP, to enable tracing of incoming and outgoing JSON messages create an empty file at D:\ProyectoFinalLenguajesFront\.metals\bsp.trace.json or C:\Users\HP - Victus\AppData\Local\scalameta\metals\cache\bsp.trace.json
2025.11.29 00:53:14 INFO  Attempting to connect to the build server...
2025.11.29 00:53:14 INFO  Found a Bloop server running
2025.11.29 00:53:14 INFO  Attempting to connect to the build server...
2025.11.29 00:53:14 INFO  Found a Bloop server running
2025.11.29 00:53:14 INFO  tracing is disabled for protocol BSP, to enable tracing of incoming and outgoing JSON messages create an empty file at D:\ProyectoFinalLenguajesFront\project\project\.metals\bsp.trace.json or C:\Users\HP - Victus\AppData\Local\scalameta\metals\cache\bsp.trace.json
2025.11.29 00:53:14 INFO  tracing is disabled for protocol BSP, to enable tracing of incoming and outgoing JSON messages create an empty file at D:\ProyectoFinalLenguajesFront\project\.metals\bsp.trace.json or C:\Users\HP - Victus\AppData\Local\scalameta\metals\cache\bsp.trace.json
2025.11.29 00:53:14 INFO  time: Connected to build server in 0.61s
2025.11.29 00:53:14 INFO  Connected to Build server: Bloop v2.0.17
2025.11.29 00:53:15 INFO  time: Imported build in 0.41s
2025.11.29 00:53:15 WARN  2.13.13 is no longer supported in the current Metals versions, using the last known supported version 1.6.2
2025.11.29 00:53:18 WARN  Using H2 2.4.240 which is newer than the version Flyway has been verified with. The latest verified version of H2 is 2.3.232.
2025.11.29 00:53:24 INFO  time: indexed workspace in 8.72s
2025.11.29 00:53:24 WARN  no build target for: D:\ProyectoFinalLenguajesFront\frontend\src\main\scala\app\views\ReporteView.scala
2025.11.29 00:53:24 INFO  no build target found for D:\ProyectoFinalLenguajesFront\frontend\src\main\scala\app\views\ReporteView.scala. Using presentation compiler with project's scala-library version: 2.13.18
2025.11.29 00:53:24 INFO  no build target found for D:\ProyectoFinalLenguajesFront\frontend\src\main\scala\app\views\ReporteView.scala. Using presentation compiler with project's scala-library version: 2.13.18
2025.11.29 00:53:24 WARN  no build target for: D:\ProyectoFinalLenguajesFront\frontend\src\main\scala\app\views\ReporteView.scala
2025.11.29 00:53:25 INFO  Generated JavaScript file 'D:\ProyectoFinalLenguajesFront-main\.bloop\frontend\frontend-test-js'
2025.11.29 00:53:25 WARN  Cannot discover test frameworks, missing node_modules in test project, expected them at D:\ProyectoFinalLenguajesFront-main\frontend\node_modules
2025.11.29 00:53:26 INFO  time: code lens generation in 1.98s
2025.11.29 00:53:28 INFO  no build target found for D:\ProyectoFinalLenguajesFront\frontend\src\main\scala\app\views\ReporteView.scala. Using presentation compiler with project's scala-library version: 2.13.18
2025.11.29 00:54:54 INFO  no build target found for D:\ProyectoFinalLenguajesFront\frontend\src\main\scala\app\views\ReporteView.scala. Using presentation compiler with project's scala-library version: 2.13.18
2025.11.29 00:55:04 INFO  no build target found for D:\ProyectoFinalLenguajesFront\frontend\src\main\scala\app\views\ReporteView.scala. Using presentation compiler with project's scala-library version: 2.13.18
2025.11.29 00:55:08 INFO  Shutting down server
2025.11.29 00:55:08 INFO  shutting down Metals
2025.11.29 00:55:08 INFO  Shut down connection with build server.
2025.11.29 00:55:08 INFO  Shut down connection with build server.
2025.11.29 00:55:08 INFO  Shut down connection with build server.
2025.11.29 00:55:08 INFO  Exiting server
2025.11.29 01:09:03 INFO  Started: Metals version 1.6.4 in folders 'D:\ProyectoFinalLenguajesFront' for client Visual Studio Code 1.106.3.
2025.11.29 01:09:03 ERROR org.h2.jdbc.JdbcSQLNonTransientConnectionException: Archivo corrupto mientras se leía el registro: "D:/ProyectoFinalLenguajesFront/.metals/metals.mv.db". Solución Posible: use la herramienta de recuperación (recovery tool)
File corrupted while reading record: "D:/ProyectoFinalLenguajesFront/.metals/metals.mv.db". Possible solution: use the recovery tool [90030-240]
	at org.h2.message.DbException.getJdbcSQLException(DbException.java:690)
	at org.h2.message.DbException.getJdbcSQLException(DbException.java:489)
	at org.h2.message.DbException.get(DbException.java:212)
	at org.h2.mvstore.db.Store.convertMVStoreException(Store.java:163)
	at org.h2.mvstore.db.Store.<init>(Store.java:142)
	at org.h2.engine.Database.<init>(Database.java:328)
	at org.h2.engine.Engine.openSession(Engine.java:92)
	at org.h2.engine.Engine.openSession(Engine.java:222)
	at org.h2.engine.Engine.createSession(Engine.java:201)
	at org.h2.engine.SessionRemote.connectEmbeddedOrServer(SessionRemote.java:350)
	at org.h2.jdbc.JdbcConnection.<init>(JdbcConnection.java:124)
	at org.h2.Driver.connect(Driver.java:59)
	at java.sql.DriverManager.getConnection(DriverManager.java:613)
	at java.sql.DriverManager.getConnection(DriverManager.java:199)
	at scala.meta.internal.metals.H2ConnectionProvider.upgradeIfNeeded(H2ConnectionProvider.scala:132)
	at scala.meta.internal.metals.H2ConnectionProvider.persistentConnection(H2ConnectionProvider.scala:108)
	at scala.meta.internal.metals.H2ConnectionProvider.tryAutoServer(H2ConnectionProvider.scala:62)
	at scala.meta.internal.metals.H2ConnectionProvider.connect(H2ConnectionProvider.scala:44)
	at scala.meta.internal.metals.H2ConnectionProvider.connection(H2ConnectionProvider.scala:34)
	at scala.meta.internal.metals.Tables.$anonfun$dependencySources$1(Tables.scala:23)
	at scala.meta.internal.metals.DependencySources.getBuildTarget(DependencySources.scala:25)
	at scala.meta.internal.metals.BuildTargets.$anonfun$inverseSources$2(BuildTargets.scala:260)
	at scala.Option.flatMap(Option.scala:283)
	at scala.meta.internal.metals.BuildTargets.inverseSources(BuildTargets.scala:260)
	at scala.meta.internal.metals.ModuleStatus.refresh(ModuleStatus.scala:45)
	at scala.meta.internal.metals.WorkspaceLspService.setFocusedDocument(WorkspaceLspService.scala:213)
	at scala.meta.internal.metals.WorkspaceLspService.didOpen(WorkspaceLspService.scala:463)
	at scala.meta.metals.lsp.DelegatingScalaService.didOpen(DelegatingScalaService.scala:38)
	at jdk.internal.reflect.DirectMethodHandleAccessor.invoke(DirectMethodHandleAccessor.java:104)
	at java.lang.reflect.Method.invoke(Method.java:565)
	at org.eclipse.lsp4j.jsonrpc.services.GenericEndpoint.lambda$recursiveFindRpcMethods$0(GenericEndpoint.java:65)
	at org.eclipse.lsp4j.jsonrpc.services.GenericEndpoint.notify(GenericEndpoint.java:160)
	at org.eclipse.lsp4j.jsonrpc.RemoteEndpoint.handleNotification(RemoteEndpoint.java:231)
	at org.eclipse.lsp4j.jsonrpc.RemoteEndpoint.consume(RemoteEndpoint.java:198)
	at org.eclipse.lsp4j.jsonrpc.json.StreamMessageProducer.handleMessage(StreamMessageProducer.java:185)
	at org.eclipse.lsp4j.jsonrpc.json.StreamMessageProducer.listen(StreamMessageProducer.java:97)
	at org.eclipse.lsp4j.jsonrpc.json.ConcurrentMessageProcessor.run(ConcurrentMessageProcessor.java:114)
	at java.util.concurrent.Executors$RunnableAdapter.call(Executors.java:545)
	at java.util.concurrent.FutureTask.run(FutureTask.java:328)
	at java.util.concurrent.ThreadPoolExecutor.runWorker(ThreadPoolExecutor.java:1090)
	at java.util.concurrent.ThreadPoolExecutor$Worker.run(ThreadPoolExecutor.java:614)
	at java.lang.Thread.run(Thread.java:1474)
Caused by: org.h2.mvstore.MVStoreException: File is corrupted - unable to recover a valid set of chunks [2.4.240/6]
	at org.h2.mvstore.DataUtils.newMVStoreException(DataUtils.java:996)
	at org.h2.mvstore.RandomAccessStore.readStoreHeader(RandomAccessStore.java:320)
	at org.h2.mvstore.FileStore.start(FileStore.java:919)
	at org.h2.mvstore.MVStore.<init>(MVStore.java:294)
	at org.h2.mvstore.MVStore$Builder.open(MVStore.java:2164)
	at org.h2.mvstore.db.Store.<init>(Store.java:133)
	at org.h2.engine.Database.<init>(Database.java:328)
	at org.h2.engine.Engine.openSession(Engine.java:92)
	at org.h2.engine.Engine.openSession(Engine.java:222)
	at org.h2.engine.Engine.createSession(Engine.java:201)
	at org.h2.engine.SessionRemote.connectEmbeddedOrServer(SessionRemote.java:350)
	at org.h2.jdbc.JdbcConnection.<init>(JdbcConnection.java:124)
	at org.h2.Driver.connect(Driver.java:59)
	at java.sql.DriverManager.getConnection(DriverManager.java:613)
	at java.sql.DriverManager.getConnection(DriverManager.java:199)
	at scala.meta.internal.metals.H2ConnectionProvider.upgradeIfNeeded(H2ConnectionProvider.scala:132)
	at scala.meta.internal.metals.H2ConnectionProvider.persistentConnection(H2ConnectionProvider.scala:108)
	at scala.meta.internal.metals.H2ConnectionProvider.tryAutoServer(H2ConnectionProvider.scala:62)
	at scala.meta.internal.metals.H2ConnectionProvider.connect(H2ConnectionProvider.scala:44)
	at scala.meta.internal.metals.H2ConnectionProvider.connection(H2ConnectionProvider.scala:34)
	at scala.meta.internal.metals.Tables.$anonfun$dependencySources$1(Tables.scala:23)
	at scala.meta.internal.metals.DependencySources.getBuildTarget(DependencySources.scala:25)
	at scala.meta.internal.metals.BuildTargets.$anonfun$inverseSources$2(BuildTargets.scala:260)
	at scala.Option.flatMap(Option.scala:283)
	at scala.meta.internal.metals.BuildTargets.inverseSources(BuildTargets.scala:260)
	at scala.meta.internal.metals.ModuleStatus.refresh(ModuleStatus.scala:45)
	at scala.meta.internal.metals.WorkspaceLspService.setFocusedDocument(WorkspaceLspService.scala:213)
	at scala.meta.internal.metals.WorkspaceLspService.didOpen(WorkspaceLspService.scala:463)
	at scala.meta.metals.lsp.DelegatingScalaService.didOpen(DelegatingScalaService.scala:38)
	at jdk.internal.reflect.DirectMethodHandleAccessor.invoke(DirectMethodHandleAccessor.java:104)
	at java.lang.reflect.Method.invoke(Method.java:565)
	at org.eclipse.lsp4j.jsonrpc.services.GenericEndpoint.lambda$recursiveFindRpcMethods$0(GenericEndpoint.java:65)
	at org.eclipse.lsp4j.jsonrpc.services.GenericEndpoint.notify(GenericEndpoint.java:160)
	at org.eclipse.lsp4j.jsonrpc.RemoteEndpoint.handleNotification(RemoteEndpoint.java:231)
	at org.eclipse.lsp4j.jsonrpc.RemoteEndpoint.consume(RemoteEndpoint.java:198)
	at org.eclipse.lsp4j.jsonrpc.json.StreamMessageProducer.handleMessage(StreamMessageProducer.java:185)
	at org.eclipse.lsp4j.jsonrpc.json.StreamMessageProducer.listen(StreamMessageProducer.java:97)
	at org.eclipse.lsp4j.jsonrpc.json.ConcurrentMessageProcessor.run(ConcurrentMessageProcessor.java:114)
	at java.util.concurrent.Executors$RunnableAdapter.call(Executors.java:545)
	at java.util.concurrent.FutureTask.run(FutureTask.java:328)
	at java.util.concurrent.ThreadPoolExecutor.runWorker(ThreadPoolExecutor.java:1090)
	at java.util.concurrent.ThreadPoolExecutor$Worker.run(ThreadPoolExecutor.java:614)
	at java.lang.Thread.run(Thread.java:1474)

2025.11.29 01:09:03 ERROR unable to setup persistent H2 database with AUTO_SERVER=false, falling back to in-memory database. This means you may be redundantly asked to execute 'Import build', even if it's not needed. Also, code navigation will not work for existing files in the .metals/readonly/ directory. To fix this problem, make sure you only have one running Metals server in the directory 'D:\ProyectoFinalLenguajesFront'.
org.h2.jdbc.JdbcSQLNonTransientConnectionException: Archivo corrupto mientras se leía el registro: "D:/ProyectoFinalLenguajesFront/.metals/metals.mv.db". Solución Posible: use la herramienta de recuperación (recovery tool)
File corrupted while reading record: "D:/ProyectoFinalLenguajesFront/.metals/metals.mv.db". Possible solution: use the recovery tool [90030-240]
	at org.h2.message.DbException.getJdbcSQLException(DbException.java:690)
	at org.h2.message.DbException.getJdbcSQLException(DbException.java:489)
	at org.h2.message.DbException.get(DbException.java:212)
	at org.h2.mvstore.db.Store.convertMVStoreException(Store.java:163)
	at org.h2.mvstore.db.Store.<init>(Store.java:142)
	at org.h2.engine.Database.<init>(Database.java:328)
	at org.h2.engine.Engine.openSession(Engine.java:92)
	at org.h2.engine.Engine.openSession(Engine.java:222)
	at org.h2.engine.Engine.createSession(Engine.java:201)
	at org.h2.engine.SessionRemote.connectEmbeddedOrServer(SessionRemote.java:350)
	at org.h2.jdbc.JdbcConnection.<init>(JdbcConnection.java:124)
	at org.h2.Driver.connect(Driver.java:59)
	at java.sql.DriverManager.getConnection(DriverManager.java:613)
	at java.sql.DriverManager.getConnection(DriverManager.java:199)
	at scala.meta.internal.metals.H2ConnectionProvider.upgradeIfNeeded(H2ConnectionProvider.scala:132)
	at scala.meta.internal.metals.H2ConnectionProvider.persistentConnection(H2ConnectionProvider.scala:108)
	at scala.meta.internal.metals.Tables.tryNoAutoServer(Tables.scala:37)
	at scala.meta.internal.metals.H2ConnectionProvider.tryAutoServer(H2ConnectionProvider.scala:73)
	at scala.meta.internal.metals.H2ConnectionProvider.connect(H2ConnectionProvider.scala:44)
	at scala.meta.internal.metals.H2ConnectionProvider.connection(H2ConnectionProvider.scala:34)
	at scala.meta.internal.metals.Tables.$anonfun$dependencySources$1(Tables.scala:23)
	at scala.meta.internal.metals.DependencySources.getBuildTarget(DependencySources.scala:25)
	at scala.meta.internal.metals.BuildTargets.$anonfun$inverseSources$2(BuildTargets.scala:260)
	at scala.Option.flatMap(Option.scala:283)
	at scala.meta.internal.metals.BuildTargets.inverseSources(BuildTargets.scala:260)
	at scala.meta.internal.metals.ModuleStatus.refresh(ModuleStatus.scala:45)
	at scala.meta.internal.metals.WorkspaceLspService.setFocusedDocument(WorkspaceLspService.scala:213)
	at scala.meta.internal.metals.WorkspaceLspService.didOpen(WorkspaceLspService.scala:463)
	at scala.meta.metals.lsp.DelegatingScalaService.didOpen(DelegatingScalaService.scala:38)
	at jdk.internal.reflect.DirectMethodHandleAccessor.invoke(DirectMethodHandleAccessor.java:104)
	at java.lang.reflect.Method.invoke(Method.java:565)
	at org.eclipse.lsp4j.jsonrpc.services.GenericEndpoint.lambda$recursiveFindRpcMethods$0(GenericEndpoint.java:65)
	at org.eclipse.lsp4j.jsonrpc.services.GenericEndpoint.notify(GenericEndpoint.java:160)
	at org.eclipse.lsp4j.jsonrpc.RemoteEndpoint.handleNotification(RemoteEndpoint.java:231)
	at org.eclipse.lsp4j.jsonrpc.RemoteEndpoint.consume(RemoteEndpoint.java:198)
	at org.eclipse.lsp4j.jsonrpc.json.StreamMessageProducer.handleMessage(StreamMessageProducer.java:185)
	at org.eclipse.lsp4j.jsonrpc.json.StreamMessageProducer.listen(StreamMessageProducer.java:97)
	at org.eclipse.lsp4j.jsonrpc.json.ConcurrentMessageProcessor.run(ConcurrentMessageProcessor.java:114)
	at java.util.concurrent.Executors$RunnableAdapter.call(Executors.java:545)
	at java.util.concurrent.FutureTask.run(FutureTask.java:328)
	at java.util.concurrent.ThreadPoolExecutor.runWorker(ThreadPoolExecutor.java:1090)
	at java.util.concurrent.ThreadPoolExecutor$Worker.run(ThreadPoolExecutor.java:614)
	at java.lang.Thread.run(Thread.java:1474)
Caused by: org.h2.mvstore.MVStoreException: File is corrupted - unable to recover a valid set of chunks [2.4.240/6]
	at org.h2.mvstore.DataUtils.newMVStoreException(DataUtils.java:996)
	at org.h2.mvstore.RandomAccessStore.readStoreHeader(RandomAccessStore.java:320)
	at org.h2.mvstore.FileStore.start(FileStore.java:919)
	at org.h2.mvstore.MVStore.<init>(MVStore.java:294)
	at org.h2.mvstore.MVStore$Builder.open(MVStore.java:2164)
	at org.h2.mvstore.db.Store.<init>(Store.java:133)
	at org.h2.engine.Database.<init>(Database.java:328)
	at org.h2.engine.Engine.openSession(Engine.java:92)
	at org.h2.engine.Engine.openSession(Engine.java:222)
	at org.h2.engine.Engine.createSession(Engine.java:201)
	at org.h2.engine.SessionRemote.connectEmbeddedOrServer(SessionRemote.java:350)
	at org.h2.jdbc.JdbcConnection.<init>(JdbcConnection.java:124)
	at org.h2.Driver.connect(Driver.java:59)
	at java.sql.DriverManager.getConnection(DriverManager.java:613)
	at java.sql.DriverManager.getConnection(DriverManager.java:199)
	at scala.meta.internal.metals.H2ConnectionProvider.upgradeIfNeeded(H2ConnectionProvider.scala:132)
	at scala.meta.internal.metals.H2ConnectionProvider.persistentConnection(H2ConnectionProvider.scala:108)
	at scala.meta.internal.metals.Tables.tryNoAutoServer(Tables.scala:37)
	at scala.meta.internal.metals.H2ConnectionProvider.tryAutoServer(H2ConnectionProvider.scala:73)
	at scala.meta.internal.metals.H2ConnectionProvider.connect(H2ConnectionProvider.scala:44)
	at scala.meta.internal.metals.H2ConnectionProvider.connection(H2ConnectionProvider.scala:34)
	at scala.meta.internal.metals.Tables.$anonfun$dependencySources$1(Tables.scala:23)
	at scala.meta.internal.metals.DependencySources.getBuildTarget(DependencySources.scala:25)
	at scala.meta.internal.metals.BuildTargets.$anonfun$inverseSources$2(BuildTargets.scala:260)
	at scala.Option.flatMap(Option.scala:283)
	at scala.meta.internal.metals.BuildTargets.inverseSources(BuildTargets.scala:260)
	at scala.meta.internal.metals.ModuleStatus.refresh(ModuleStatus.scala:45)
	at scala.meta.internal.metals.WorkspaceLspService.setFocusedDocument(WorkspaceLspService.scala:213)
	at scala.meta.internal.metals.WorkspaceLspService.didOpen(WorkspaceLspService.scala:463)
	at scala.meta.metals.lsp.DelegatingScalaService.didOpen(DelegatingScalaService.scala:38)
	at jdk.internal.reflect.DirectMethodHandleAccessor.invoke(DirectMethodHandleAccessor.java:104)
	at java.lang.reflect.Method.invoke(Method.java:565)
	at org.eclipse.lsp4j.jsonrpc.services.GenericEndpoint.lambda$recursiveFindRpcMethods$0(GenericEndpoint.java:65)
	at org.eclipse.lsp4j.jsonrpc.services.GenericEndpoint.notify(GenericEndpoint.java:160)
	at org.eclipse.lsp4j.jsonrpc.RemoteEndpoint.handleNotification(RemoteEndpoint.java:231)
	at org.eclipse.lsp4j.jsonrpc.RemoteEndpoint.consume(RemoteEndpoint.java:198)
	at org.eclipse.lsp4j.jsonrpc.json.StreamMessageProducer.handleMessage(StreamMessageProducer.java:185)
	at org.eclipse.lsp4j.jsonrpc.json.StreamMessageProducer.listen(StreamMessageProducer.java:97)
	at org.eclipse.lsp4j.jsonrpc.json.ConcurrentMessageProcessor.run(ConcurrentMessageProcessor.java:114)
	at java.util.concurrent.Executors$RunnableAdapter.call(Executors.java:545)
	at java.util.concurrent.FutureTask.run(FutureTask.java:328)
	at java.util.concurrent.ThreadPoolExecutor.runWorker(ThreadPoolExecutor.java:1090)
	at java.util.concurrent.ThreadPoolExecutor$Worker.run(ThreadPoolExecutor.java:614)
	at java.lang.Thread.run(Thread.java:1474)

2025.11.29 01:09:03 WARN  Using H2 2.4.240 which is newer than the version Flyway has been verified with. The latest verified version of H2 is 2.3.232.
2025.11.29 01:09:04 INFO  no build target found for D:\ProyectoFinalLenguajesFront\frontend\src\main\scala\app\views\ReporteView.scala. Using presentation compiler with project's scala-library version: 3.3.6
2025.11.29 01:09:05 INFO  no build target found for D:\ProyectoFinalLenguajesFront\frontend\src\main\scala\app\views\ReporteView.scala. Using presentation compiler with project's scala-library version: 3.3.6
2025.11.29 01:09:05 INFO  Attempting to connect to the build server...
2025.11.29 01:09:05 INFO  Found a Bloop server running
2025.11.29 01:09:05 INFO  tracing is disabled for protocol BSP, to enable tracing of incoming and outgoing JSON messages create an empty file at D:\ProyectoFinalLenguajesFront\.metals\bsp.trace.json or C:\Users\HP - Victus\AppData\Local\scalameta\metals\cache\bsp.trace.json
2025.11.29 01:09:05 INFO  Attempting to connect to the build server...
2025.11.29 01:09:05 INFO  Found a Bloop server running
2025.11.29 01:09:05 INFO  Attempting to connect to the build server...
2025.11.29 01:09:05 INFO  Found a Bloop server running
2025.11.29 01:09:05 INFO  tracing is disabled for protocol BSP, to enable tracing of incoming and outgoing JSON messages create an empty file at D:\ProyectoFinalLenguajesFront\project\project\.metals\bsp.trace.json or C:\Users\HP - Victus\AppData\Local\scalameta\metals\cache\bsp.trace.json
2025.11.29 01:09:05 INFO  tracing is disabled for protocol BSP, to enable tracing of incoming and outgoing JSON messages create an empty file at D:\ProyectoFinalLenguajesFront\project\.metals\bsp.trace.json or C:\Users\HP - Victus\AppData\Local\scalameta\metals\cache\bsp.trace.json
2025.11.29 01:09:05 INFO  time: Connected to build server in 0.45s
2025.11.29 01:09:05 INFO  Connected to Build server: Bloop v2.0.17
2025.11.29 01:09:05 WARN  2.13.13 is no longer supported in the current Metals versions, using the last known supported version 1.6.2
2025.11.29 01:09:08 WARN  Using H2 2.4.240 which is newer than the version Flyway has been verified with. The latest verified version of H2 is 2.3.232.
2025.11.29 01:09:15 INFO  time: indexed workspace in 9.03s
2025.11.29 01:09:15 WARN  no build target for: D:\ProyectoFinalLenguajesFront\frontend\src\main\scala\app\views\ReporteView.scala
2025.11.29 01:09:15 INFO  no build target found for D:\ProyectoFinalLenguajesFront\frontend\src\main\scala\app\views\ReporteView.scala. Using presentation compiler with project's scala-library version: 2.13.18
2025.11.29 01:09:15 WARN  no build target for: D:\ProyectoFinalLenguajesFront\frontend\src\main\scala\app\views\ReporteView.scala
2025.11.29 01:09:15 INFO  no build target found for D:\ProyectoFinalLenguajesFront\frontend\src\main\scala\app\views\ReporteView.scala. Using presentation compiler with project's scala-library version: 2.13.18
2025.11.29 01:09:16 INFO  Generated JavaScript file 'D:\ProyectoFinalLenguajesFront-main\.bloop\frontend\frontend-test-js'
2025.11.29 01:09:16 WARN  Cannot discover test frameworks, missing node_modules in test project, expected them at D:\ProyectoFinalLenguajesFront-main\frontend\node_modules
2025.11.29 01:09:17 INFO  time: code lens generation in 2.06s
2025.11.29 01:09:18 INFO  no build target found for D:\ProyectoFinalLenguajesFront\frontend\src\main\scala\app\views\ReporteView.scala. Using presentation compiler with project's scala-library version: 2.13.18
2025.11.29 01:09:35 INFO  no build target found for D:\ProyectoFinalLenguajesFront\frontend\src\main\scala\app\views\CompraView.scala. Using presentation compiler with project's scala-library version: 2.13.18
2025.11.29 01:09:35 WARN  no build target for: D:\ProyectoFinalLenguajesFront\frontend\src\main\scala\app\views\CompraView.scala
2025.11.29 01:09:35 INFO  no build target found for D:\ProyectoFinalLenguajesFront\frontend\src\main\scala\app\views\CompraView.scala. Using presentation compiler with project's scala-library version: 2.13.18
2025.11.29 01:09:35 INFO  no build target found for D:\ProyectoFinalLenguajesFront\frontend\src\main\scala\app\views\CompraView.scala. Using presentation compiler with project's scala-library version: 2.13.18
2025.11.29 01:09:35 INFO  no build target found for D:\ProyectoFinalLenguajesFront\frontend\src\main\scala\app\views\CompraView.scala. Using presentation compiler with project's scala-library version: 2.13.18
2025.11.29 01:09:36 INFO  no build target found for D:\ProyectoFinalLenguajesFront\frontend\src\main\scala\app\views\CompraView.scala. Using presentation compiler with project's scala-library version: 2.13.18
2025.11.29 01:09:35 INFO  no build target found for D:\ProyectoFinalLenguajesFront\frontend\src\main\scala\app\views\CompraView.scala. Using presentation compiler with project's scala-library version: 2.13.18
2025.11.29 01:09:37 INFO  no build target found for D:\ProyectoFinalLenguajesFront\frontend\src\main\scala\app\views\CompraView.scala. Using presentation compiler with project's scala-library version: 2.13.18
2025.11.29 01:09:37 INFO  no build target found for D:\ProyectoFinalLenguajesFront\frontend\src\main\scala\app\views\CompraView.scala. Using presentation compiler with project's scala-library version: 2.13.18
2025.11.29 01:09:40 INFO  no build target found for D:\ProyectoFinalLenguajesFront\frontend\src\main\scala\app\views\CompraView.scala. Using presentation compiler with project's scala-library version: 2.13.18
2025.11.29 01:10:20 INFO  no build target found for D:\ProyectoFinalLenguajesFront\frontend\src\main\scala\app\views\CompraView.scala. Using presentation compiler with project's scala-library version: 2.13.18
2025.11.29 01:10:20 INFO  no build target found for D:\ProyectoFinalLenguajesFront\frontend\src\main\scala\app\views\CompraView.scala. Using presentation compiler with project's scala-library version: 2.13.18
2025.11.29 01:10:24 INFO  no build target found for D:\ProyectoFinalLenguajesFront\frontend\src\main\scala\app\views\CompraView.scala. Using presentation compiler with project's scala-library version: 2.13.18
nov. 29, 2025 1:10:24 A. M. org.eclipse.lsp4j.jsonrpc.RemoteEndpoint handleCancellation
ADVERTENCIA: Unmatched cancel notification for request id 64
2025.11.29 01:10:27 INFO  no build target found for D:\ProyectoFinalLenguajesFront\frontend\src\main\scala\app\views\CompraView.scala. Using presentation compiler with project's scala-library version: 2.13.18
2025.11.29 01:10:27 INFO  no build target found for D:\ProyectoFinalLenguajesFront\frontend\src\main\scala\app\views\CompraView.scala. Using presentation compiler with project's scala-library version: 2.13.18
2025.11.29 01:10:33 INFO  no build target found for D:\ProyectoFinalLenguajesFront\frontend\src\main\scala\app\views\CompraView.scala. Using presentation compiler with project's scala-library version: 2.13.18
2025.11.29 01:10:36 INFO  no build target found for D:\ProyectoFinalLenguajesFront\frontend\src\main\scala\app\views\CompraView.scala. Using presentation compiler with project's scala-library version: 2.13.18
2025.11.29 01:10:45 INFO  no build target found for D:\ProyectoFinalLenguajesFront\frontend\src\main\scala\app\views\CompraView.scala. Using presentation compiler with project's scala-library version: 2.13.18
2025.11.29 01:10:45 INFO  no build target found for D:\ProyectoFinalLenguajesFront\frontend\src\main\scala\app\views\CompraView.scala. Using presentation compiler with project's scala-library version: 2.13.18
2025.11.29 01:11:04 INFO  no build target found for D:\ProyectoFinalLenguajesFront\frontend\src\main\scala\app\views\CompraView.scala. Using presentation compiler with project's scala-library version: 2.13.18
2025.11.29 01:13:04 INFO  no build target found for D:\ProyectoFinalLenguajesFront\frontend\src\main\scala\app\views\CompraView.scala. Using presentation compiler with project's scala-library version: 2.13.18
2025.11.29 01:13:20 INFO  no build target found for D:\ProyectoFinalLenguajesFront\frontend\src\main\scala\app\views\ReporteView.scala. Using presentation compiler with project's scala-library version: 2.13.18
2025.11.29 01:13:20 WARN  no build target for: D:\ProyectoFinalLenguajesFront\frontend\src\main\scala\app\views\ReporteView.scala
2025.11.29 01:13:21 INFO  no build target found for D:\ProyectoFinalLenguajesFront\frontend\src\main\scala\app\views\ReporteView.scala. Using presentation compiler with project's scala-library version: 2.13.18
2025.11.29 01:13:20 INFO  no build target found for D:\ProyectoFinalLenguajesFront\frontend\src\main\scala\app\views\ReporteView.scala. Using presentation compiler with project's scala-library version: 2.13.18
2025.11.29 01:13:59 INFO  no build target found for D:\ProyectoFinalLenguajesFront\frontend\src\main\scala\app\views\ReporteView.scala. Using presentation compiler with project's scala-library version: 2.13.18
2025.11.29 01:13:59 INFO  no build target found for D:\ProyectoFinalLenguajesFront\frontend\src\main\scala\app\views\ReporteView.scala. Using presentation compiler with project's scala-library version: 2.13.18
2025.11.29 01:14:00 INFO  no build target found for D:\ProyectoFinalLenguajesFront\frontend\src\main\scala\app\views\ReporteView.scala. Using presentation compiler with project's scala-library version: 2.13.18
2025.11.29 01:14:05 INFO  no build target found for D:\ProyectoFinalLenguajesFront\frontend\src\main\scala\app\views\ReporteView.scala. Using presentation compiler with project's scala-library version: 2.13.18
2025.11.29 01:14:05 INFO  no build target found for D:\ProyectoFinalLenguajesFront\frontend\src\main\scala\app\views\ReporteView.scala. Using presentation compiler with project's scala-library version: 2.13.18
2025.11.29 01:15:00 INFO  no build target found for D:\ProyectoFinalLenguajesFront\frontend\src\main\scala\app\views\ReporteView.scala. Using presentation compiler with project's scala-library version: 2.13.18
2025.11.29 01:15:00 INFO  no build target found for D:\ProyectoFinalLenguajesFront\frontend\src\main\scala\app\views\ReporteView.scala. Using presentation compiler with project's scala-library version: 2.13.18
2025.11.29 01:15:00 INFO  no build target found for D:\ProyectoFinalLenguajesFront\frontend\src\main\scala\app\views\ReporteView.scala. Using presentation compiler with project's scala-library version: 2.13.18
2025.11.29 01:15:09 INFO  no build target found for D:\ProyectoFinalLenguajesFront\frontend\src\main\scala\app\views\ReporteView.scala. Using presentation compiler with project's scala-library version: 2.13.18
2025.11.29 01:15:10 INFO  no build target found for D:\ProyectoFinalLenguajesFront\frontend\src\main\scala\app\views\ReporteView.scala. Using presentation compiler with project's scala-library version: 2.13.18
2025.11.29 01:15:10 INFO  no build target found for D:\ProyectoFinalLenguajesFront\frontend\src\main\scala\app\views\ReporteView.scala. Using presentation compiler with project's scala-library version: 2.13.18
2025.11.29 01:15:10 INFO  no build target found for D:\ProyectoFinalLenguajesFront\frontend\src\main\scala\app\views\ReporteView.scala. Using presentation compiler with project's scala-library version: 2.13.18
2025.11.29 01:15:12 INFO  no build target found for D:\ProyectoFinalLenguajesFront\frontend\src\main\scala\app\views\ReporteView.scala. Using presentation compiler with project's scala-library version: 2.13.18
2025.11.29 01:15:12 INFO  no build target found for D:\ProyectoFinalLenguajesFront\frontend\src\main\scala\app\views\ReporteView.scala. Using presentation compiler with project's scala-library version: 2.13.18
2025.11.29 01:15:12 INFO  no build target found for D:\ProyectoFinalLenguajesFront\frontend\src\main\scala\app\views\ReporteView.scala. Using presentation compiler with project's scala-library version: 2.13.18
2025.11.29 01:15:15 INFO  no build target found for D:\ProyectoFinalLenguajesFront\frontend\src\main\scala\app\views\ReporteView.scala. Using presentation compiler with project's scala-library version: 2.13.18
2025.11.29 01:15:15 INFO  no build target found for D:\ProyectoFinalLenguajesFront\frontend\src\main\scala\app\views\ReporteView.scala. Using presentation compiler with project's scala-library version: 2.13.18
2025.11.29 01:15:16 INFO  no build target found for D:\ProyectoFinalLenguajesFront\frontend\src\main\scala\app\views\ReporteView.scala. Using presentation compiler with project's scala-library version: 2.13.18
2025.11.29 01:15:16 INFO  no build target found for D:\ProyectoFinalLenguajesFront\frontend\src\main\scala\app\views\ReporteView.scala. Using presentation compiler with project's scala-library version: 2.13.18
2025.11.29 01:15:16 INFO  no build target found for D:\ProyectoFinalLenguajesFront\frontend\src\main\scala\app\views\ReporteView.scala. Using presentation compiler with project's scala-library version: 2.13.18
2025.11.29 01:15:17 INFO  no build target found for D:\ProyectoFinalLenguajesFront\frontend\src\main\scala\app\views\CompraView.scala. Using presentation compiler with project's scala-library version: 2.13.18
2025.11.29 01:15:17 INFO  no build target found for D:\ProyectoFinalLenguajesFront\frontend\src\main\scala\app\views\CompraView.scala. Using presentation compiler with project's scala-library version: 2.13.18
2025.11.29 01:15:17 INFO  no build target found for D:\ProyectoFinalLenguajesFront\frontend\src\main\scala\app\views\CompraView.scala. Using presentation compiler with project's scala-library version: 2.13.18
2025.11.29 01:15:17 INFO  no build target found for D:\ProyectoFinalLenguajesFront\frontend\src\main\scala\app\views\CompraView.scala. Using presentation compiler with project's scala-library version: 2.13.18
2025.11.29 01:15:17 INFO  no build target found for D:\ProyectoFinalLenguajesFront\frontend\src\main\scala\app\views\CompraView.scala. Using presentation compiler with project's scala-library version: 2.13.18
2025.11.29 01:15:17 INFO  no build target found for D:\ProyectoFinalLenguajesFront\frontend\src\main\scala\app\views\CompraView.scala. Using presentation compiler with project's scala-library version: 2.13.18
2025.11.29 01:15:17 INFO  no build target found for D:\ProyectoFinalLenguajesFront\frontend\src\main\scala\app\views\CompraView.scala. Using presentation compiler with project's scala-library version: 2.13.18
2025.11.29 01:15:17 INFO  no build target found for D:\ProyectoFinalLenguajesFront\frontend\src\main\scala\app\views\CompraView.scala. Using presentation compiler with project's scala-library version: 2.13.18
2025.11.29 01:15:17 INFO  no build target found for D:\ProyectoFinalLenguajesFront\frontend\src\main\scala\app\views\CompraView.scala. Using presentation compiler with project's scala-library version: 2.13.18
2025.11.29 01:15:17 INFO  no build target found for D:\ProyectoFinalLenguajesFront\frontend\src\main\scala\app\views\CompraView.scala. Using presentation compiler with project's scala-library version: 2.13.18
2025.11.29 01:15:17 INFO  no build target found for D:\ProyectoFinalLenguajesFront\frontend\src\main\scala\app\views\CompraView.scala. Using presentation compiler with project's scala-library version: 2.13.18
2025.11.29 01:15:17 INFO  no build target found for D:\ProyectoFinalLenguajesFront\frontend\src\main\scala\app\views\CompraView.scala. Using presentation compiler with project's scala-library version: 2.13.18
2025.11.29 01:15:17 INFO  no build target found for D:\ProyectoFinalLenguajesFront\frontend\src\main\scala\app\views\CompraView.scala. Using presentation compiler with project's scala-library version: 2.13.18
2025.11.29 01:15:17 INFO  no build target found for D:\ProyectoFinalLenguajesFront\frontend\src\main\scala\app\views\CompraView.scala. Using presentation compiler with project's scala-library version: 2.13.18
2025.11.29 01:15:17 INFO  no build target found for D:\ProyectoFinalLenguajesFront\frontend\src\main\scala\app\views\CompraView.scala. Using presentation compiler with project's scala-library version: 2.13.18
2025.11.29 01:15:17 INFO  no build target found for D:\ProyectoFinalLenguajesFront\frontend\src\main\scala\app\views\CompraView.scala. Using presentation compiler with project's scala-library version: 2.13.18
2025.11.29 01:15:17 INFO  no build target found for D:\ProyectoFinalLenguajesFront\frontend\src\main\scala\app\views\CompraView.scala. Using presentation compiler with project's scala-library version: 2.13.18
2025.11.29 01:15:17 INFO  no build target found for D:\ProyectoFinalLenguajesFront\frontend\src\main\scala\app\views\CompraView.scala. Using presentation compiler with project's scala-library version: 2.13.18
2025.11.29 01:15:17 INFO  no build target found for D:\ProyectoFinalLenguajesFront\frontend\src\main\scala\app\views\ReporteView.scala. Using presentation compiler with project's scala-library version: 2.13.18
2025.11.29 01:15:17 INFO  no build target found for D:\ProyectoFinalLenguajesFront\frontend\src\main\scala\app\views\ReporteView.scala. Using presentation compiler with project's scala-library version: 2.13.18
2025.11.29 01:15:17 INFO  no build target found for D:\ProyectoFinalLenguajesFront\frontend\src\main\scala\app\views\ReporteView.scala. Using presentation compiler with project's scala-library version: 2.13.18
2025.11.29 01:15:17 INFO  no build target found for D:\ProyectoFinalLenguajesFront\frontend\src\main\scala\app\views\ReporteView.scala. Using presentation compiler with project's scala-library version: 2.13.18
2025.11.29 01:15:17 INFO  no build target found for D:\ProyectoFinalLenguajesFront\frontend\src\main\scala\app\views\ReporteView.scala. Using presentation compiler with project's scala-library version: 2.13.18
2025.11.29 01:15:17 INFO  no build target found for D:\ProyectoFinalLenguajesFront\frontend\src\main\scala\app\views\ReporteView.scala. Using presentation compiler with project's scala-library version: 2.13.18
2025.11.29 01:15:17 INFO  no build target found for D:\ProyectoFinalLenguajesFront\frontend\src\main\scala\app\views\ReporteView.scala. Using presentation compiler with project's scala-library version: 2.13.18
2025.11.29 01:15:17 INFO  no build target found for D:\ProyectoFinalLenguajesFront\frontend\src\main\scala\app\views\ReporteView.scala. Using presentation compiler with project's scala-library version: 2.13.18
2025.11.29 01:15:17 INFO  no build target found for D:\ProyectoFinalLenguajesFront\frontend\src\main\scala\app\views\ReporteView.scala. Using presentation compiler with project's scala-library version: 2.13.18
2025.11.29 01:15:17 INFO  no build target found for D:\ProyectoFinalLenguajesFront\frontend\src\main\scala\app\views\ReporteView.scala. Using presentation compiler with project's scala-library version: 2.13.18
2025.11.29 01:15:17 INFO  no build target found for D:\ProyectoFinalLenguajesFront\frontend\src\main\scala\app\views\ReporteView.scala. Using presentation compiler with project's scala-library version: 2.13.18
2025.11.29 01:15:17 INFO  no build target found for D:\ProyectoFinalLenguajesFront\frontend\src\main\scala\app\views\ReporteView.scala. Using presentation compiler with project's scala-library version: 2.13.18
2025.11.29 01:15:17 INFO  no build target found for D:\ProyectoFinalLenguajesFront\frontend\src\main\scala\app\views\ReporteView.scala. Using presentation compiler with project's scala-library version: 2.13.18
2025.11.29 01:15:17 INFO  no build target found for D:\ProyectoFinalLenguajesFront\frontend\src\main\scala\app\views\ReporteView.scala. Using presentation compiler with project's scala-library version: 2.13.18
2025.11.29 01:15:17 INFO  no build target found for D:\ProyectoFinalLenguajesFront\frontend\src\main\scala\app\views\ReporteView.scala. Using presentation compiler with project's scala-library version: 2.13.18
2025.11.29 01:15:17 INFO  no build target found for D:\ProyectoFinalLenguajesFront\frontend\src\main\scala\app\views\ReporteView.scala. Using presentation compiler with project's scala-library version: 2.13.18
2025.11.29 01:15:17 INFO  no build target found for D:\ProyectoFinalLenguajesFront\frontend\src\main\scala\app\views\ReporteView.scala. Using presentation compiler with project's scala-library version: 2.13.18
2025.11.29 01:15:17 INFO  no build target found for D:\ProyectoFinalLenguajesFront\frontend\src\main\scala\app\views\ReporteView.scala. Using presentation compiler with project's scala-library version: 2.13.18
2025.11.29 01:15:16 INFO  no build target found for D:\ProyectoFinalLenguajesFront\frontend\src\main\scala\app\views\ReporteView.scala. Using presentation compiler with project's scala-library version: 2.13.18
2025.11.29 01:15:17 WARN  no build target for: D:\ProyectoFinalLenguajesFront\frontend\src\main\scala\app\views\ReporteView.scala
2025.11.29 01:15:17 INFO  no build target found for D:\ProyectoFinalLenguajesFront\frontend\src\main\scala\app\views\ReporteView.scala. Using presentation compiler with project's scala-library version: 2.13.18
2025.11.29 01:15:17 INFO  Created report: Optional[file:///D:/ProyectoFinalLenguajesFront/frontend/src/main/scala/app/views/CompraView.scala]
2025.11.29 01:15:17 INFO  empty definition using pc, found symbol in pc:  (full report at: "D:\ProyectoFinalLenguajesFront\.metals\.reports\metals-full\2025-11-29\r_empty-definition_01-15-18-311.md")
2025.11.29 01:15:17 INFO  no build target found for D:\ProyectoFinalLenguajesFront\frontend\src\main\scala\app\views\ReporteView.scala. Using presentation compiler with project's scala-library version: 2.13.18
2025.11.29 01:15:18 INFO  no build target found for D:\ProyectoFinalLenguajesFront\frontend\src\main\scala\app\views\ReporteView.scala. Using presentation compiler with project's scala-library version: 2.13.18
2025.11.29 01:15:18 INFO  Created report: Optional[file:///D:/ProyectoFinalLenguajesFront/frontend/src/main/scala/app/views/ReporteView.scala]
2025.11.29 01:15:18 INFO  java.util.NoSuchElementException: head of empty String (full report at: "D:\ProyectoFinalLenguajesFront\.metals\.reports\metals-full\2025-11-29\r_compiler-error_01-15-18-457.md")
2025.11.29 01:15:18 INFO  no build target found for D:\ProyectoFinalLenguajesFront\frontend\src\main\scala\app\views\ReporteView.scala. Using presentation compiler with project's scala-library version: 2.13.18
2025.11.29 01:15:18 INFO  Created report: Optional[file:///D:/ProyectoFinalLenguajesFront/frontend/src/main/scala/app/views/ReporteView.scala]
2025.11.29 01:15:18 INFO  java.util.NoSuchElementException: head of empty String (full report at: "D:\ProyectoFinalLenguajesFront\.metals\.reports\metals-full\2025-11-29\r_compiler-error_01-15-18-642.md")
2025.11.29 01:15:18 INFO  Created report: Optional[file:///D:/ProyectoFinalLenguajesFront/frontend/src/main/scala/app/views/ReporteView.scala]
2025.11.29 01:15:18 INFO  java.util.NoSuchElementException: head of empty String (full report at: "D:\ProyectoFinalLenguajesFront\.metals\.reports\metals-full\2025-11-29\r_compiler-error_01-15-18-848.md")
2025.11.29 01:15:18 INFO  Created report: Optional[file:///D:/ProyectoFinalLenguajesFront/frontend/src/main/scala/app/views/ReporteView.scala]
2025.11.29 01:15:18 INFO  java.util.NoSuchElementException: head of empty String (full report at: "D:\ProyectoFinalLenguajesFront\.metals\.reports\metals-full\2025-11-29\r_compiler-error_01-15-18-943.md")
2025.11.29 01:15:18 INFO  Created report: Optional[file:///D:/ProyectoFinalLenguajesFront/frontend/src/main/scala/app/views/ReporteView.scala]
2025.11.29 01:15:18 INFO  java.util.NoSuchElementException: head of empty String (full report at: "D:\ProyectoFinalLenguajesFront\.metals\.reports\metals-full\2025-11-29\r_compiler-error_01-15-19-030.md")
2025.11.29 01:15:18 INFO  Created report: Optional[file:///D:/ProyectoFinalLenguajesFront/frontend/src/main/scala/app/views/ReporteView.scala]
2025.11.29 01:15:18 INFO  java.util.NoSuchElementException: head of empty String (full report at: "D:\ProyectoFinalLenguajesFront\.metals\.reports\metals-full\2025-11-29\r_compiler-error_01-15-19-109.md")
2025.11.29 01:15:18 INFO  Created report: Optional[file:///D:/ProyectoFinalLenguajesFront/frontend/src/main/scala/app/views/ReporteView.scala]
2025.11.29 01:15:18 INFO  java.util.NoSuchElementException: head of empty String (full report at: "D:\ProyectoFinalLenguajesFront\.metals\.reports\metals-full\2025-11-29\r_compiler-error_01-15-19-193.md")
2025.11.29 01:15:18 INFO  Created report: Optional[file:///D:/ProyectoFinalLenguajesFront/frontend/src/main/scala/app/views/ReporteView.scala]
2025.11.29 01:15:18 INFO  java.util.NoSuchElementException: head of empty String (full report at: "D:\ProyectoFinalLenguajesFront\.metals\.reports\metals-full\2025-11-29\r_compiler-error_01-15-19-264.md")
2025.11.29 01:15:19 INFO  time: code lens generation in 1.93s
2025.11.29 01:15:19 INFO  no build target found for D:\ProyectoFinalLenguajesFront\frontend\src\main\scala\app\views\ReporteView.scala. Using presentation compiler with project's scala-library version: 2.13.18
2025.11.29 01:15:21 INFO  no build target found for D:\ProyectoFinalLenguajesFront\frontend\src\main\scala\app\views\ReporteView.scala. Using presentation compiler with project's scala-library version: 2.13.18
2025.11.29 01:15:23 INFO  no build target found for D:\ProyectoFinalLenguajesFront\frontend\src\main\scala\app\views\ReporteView.scala. Using presentation compiler with project's scala-library version: 2.13.18
2025.11.29 01:15:23 INFO  no build target found for D:\ProyectoFinalLenguajesFront\frontend\src\main\scala\app\views\ReporteView.scala. Using presentation compiler with project's scala-library version: 2.13.18
2025.11.29 01:15:24 INFO  no build target found for D:\ProyectoFinalLenguajesFront\frontend\src\main\scala\app\views\ReporteView.scala. Using presentation compiler with project's scala-library version: 2.13.18
2025.11.29 01:15:26 INFO  no build target found for D:\ProyectoFinalLenguajesFront\frontend\src\main\scala\app\views\ReporteView.scala. Using presentation compiler with project's scala-library version: 2.13.18
2025.11.29 01:15:26 INFO  no build target found for D:\ProyectoFinalLenguajesFront\frontend\src\main\scala\app\views\ReporteView.scala. Using presentation compiler with project's scala-library version: 2.13.18
2025.11.29 01:15:29 INFO  no build target found for D:\ProyectoFinalLenguajesFront\frontend\src\main\scala\app\views\ReporteView.scala. Using presentation compiler with project's scala-library version: 2.13.18
2025.11.29 01:15:29 INFO  no build target found for D:\ProyectoFinalLenguajesFront\frontend\src\main\scala\app\views\ReporteView.scala. Using presentation compiler with project's scala-library version: 2.13.18
2025.11.29 01:15:31 INFO  no build target found for D:\ProyectoFinalLenguajesFront\frontend\src\main\scala\app\views\ReporteView.scala. Using presentation compiler with project's scala-library version: 2.13.18
2025.11.29 01:15:31 INFO  no build target found for D:\ProyectoFinalLenguajesFront\frontend\src\main\scala\app\views\ReporteView.scala. Using presentation compiler with project's scala-library version: 2.13.18
2025.11.29 01:15:32 INFO  no build target found for D:\ProyectoFinalLenguajesFront\frontend\src\main\scala\app\views\ReporteView.scala. Using presentation compiler with project's scala-library version: 2.13.18
2025.11.29 01:15:33 INFO  no build target found for D:\ProyectoFinalLenguajesFront\frontend\src\main\scala\app\views\ReporteView.scala. Using presentation compiler with project's scala-library version: 2.13.18
2025.11.29 01:15:32 INFO  no build target found for D:\ProyectoFinalLenguajesFront\frontend\src\main\scala\app\views\ReporteView.scala. Using presentation compiler with project's scala-library version: 2.13.18
2025.11.29 01:15:32 INFO  no build target found for D:\ProyectoFinalLenguajesFront\frontend\src\main\scala\app\views\ReporteView.scala. Using presentation compiler with project's scala-library version: 2.13.18
2025.11.29 01:15:33 INFO  no build target found for D:\ProyectoFinalLenguajesFront\frontend\src\main\scala\app\views\ReporteView.scala. Using presentation compiler with project's scala-library version: 2.13.18
2025.11.29 01:15:33 INFO  no build target found for D:\ProyectoFinalLenguajesFront\frontend\src\main\scala\app\views\ReporteView.scala. Using presentation compiler with project's scala-library version: 2.13.18
2025.11.29 01:15:34 INFO  no build target found for D:\ProyectoFinalLenguajesFront\frontend\src\main\scala\app\views\ReporteView.scala. Using presentation compiler with project's scala-library version: 2.13.18
2025.11.29 01:15:34 WARN  no build target for: D:\ProyectoFinalLenguajesFront\frontend\src\main\scala\app\views\ReporteView.scala
2025.11.29 01:15:34 INFO  no build target found for D:\ProyectoFinalLenguajesFront\frontend\src\main\scala\app\views\ReporteView.scala. Using presentation compiler with project's scala-library version: 2.13.18
2025.11.29 01:15:34 INFO  no build target found for D:\ProyectoFinalLenguajesFront\frontend\src\main\scala\app\views\ReporteView.scala. Using presentation compiler with project's scala-library version: 2.13.18
2025.11.29 01:15:38 INFO  no build target found for D:\ProyectoFinalLenguajesFront\frontend\src\main\scala\app\views\ReporteView.scala. Using presentation compiler with project's scala-library version: 2.13.18
2025.11.29 01:15:38 INFO  no build target found for D:\ProyectoFinalLenguajesFront\frontend\src\main\scala\app\views\ReporteView.scala. Using presentation compiler with project's scala-library version: 2.13.18
2025.11.29 01:15:41 INFO  no build target found for D:\ProyectoFinalLenguajesFront\frontend\src\main\scala\app\views\ReporteView.scala. Using presentation compiler with project's scala-library version: 2.13.18
2025.11.29 01:15:41 INFO  no build target found for D:\ProyectoFinalLenguajesFront\frontend\src\main\scala\app\views\ReporteView.scala. Using presentation compiler with project's scala-library version: 2.13.18
2025.11.29 01:15:44 INFO  no build target found for D:\ProyectoFinalLenguajesFront\frontend\src\main\scala\app\views\ReporteView.scala. Using presentation compiler with project's scala-library version: 2.13.18
2025.11.29 01:15:46 INFO  no build target found for D:\ProyectoFinalLenguajesFront\frontend\src\main\scala\app\views\ReporteView.scala. Using presentation compiler with project's scala-library version: 2.13.18
2025.11.29 01:15:49 INFO  no build target found for D:\ProyectoFinalLenguajesFront\frontend\src\main\scala\app\views\ReporteView.scala. Using presentation compiler with project's scala-library version: 2.13.18
2025.11.29 01:15:49 INFO  no build target found for D:\ProyectoFinalLenguajesFront\frontend\src\main\scala\app\views\ReporteView.scala. Using presentation compiler with project's scala-library version: 2.13.18
2025.11.29 01:15:49 INFO  no build target found for D:\ProyectoFinalLenguajesFront\frontend\src\main\scala\app\views\ReporteView.scala. Using presentation compiler with project's scala-library version: 2.13.18
2025.11.29 01:15:50 INFO  no build target found for D:\ProyectoFinalLenguajesFront\frontend\src\main\scala\app\views\AdminView.scala. Using presentation compiler with project's scala-library version: 2.13.18
2025.11.29 01:15:50 WARN  no build target for: D:\ProyectoFinalLenguajesFront\frontend\src\main\scala\app\views\AdminView.scala
2025.11.29 01:15:49 INFO  no build target found for D:\ProyectoFinalLenguajesFront\frontend\src\main\scala\app\views\AdminView.scala. Using presentation compiler with project's scala-library version: 2.13.18
2025.11.29 01:15:50 INFO  no build target found for D:\ProyectoFinalLenguajesFront\frontend\src\main\scala\app\views\AdminView.scala. Using presentation compiler with project's scala-library version: 2.13.18
2025.11.29 01:15:50 INFO  no build target found for D:\ProyectoFinalLenguajesFront\frontend\src\main\scala\app\views\AdminView.scala. Using presentation compiler with project's scala-library version: 2.13.18
2025.11.29 01:15:50 INFO  no build target found for D:\ProyectoFinalLenguajesFront\frontend\src\main\scala\app\views\AdminView.scala. Using presentation compiler with project's scala-library version: 2.13.18
2025.11.29 01:15:51 INFO  no build target found for D:\ProyectoFinalLenguajesFront\frontend\src\main\scala\app\views\AdminView.scala. Using presentation compiler with project's scala-library version: 2.13.18
2025.11.29 01:15:55 INFO  no build target found for D:\ProyectoFinalLenguajesFront\frontend\src\main\scala\app\views\CompraView.scala. Using presentation compiler with project's scala-library version: 2.13.18
2025.11.29 01:15:55 WARN  no build target for: D:\ProyectoFinalLenguajesFront\frontend\src\main\scala\app\views\CompraView.scala
2025.11.29 01:15:55 INFO  no build target found for D:\ProyectoFinalLenguajesFront\frontend\src\main\scala\app\views\CompraView.scala. Using presentation compiler with project's scala-library version: 2.13.18
2025.11.29 01:15:55 INFO  no build target found for D:\ProyectoFinalLenguajesFront\frontend\src\main\scala\app\views\CompraView.scala. Using presentation compiler with project's scala-library version: 2.13.18
2025.11.29 01:15:57 INFO  no build target found for D:\ProyectoFinalLenguajesFront\frontend\src\main\scala\app\views\PaginaPrincipal.scala. Using presentation compiler with project's scala-library version: 2.13.18
2025.11.29 01:15:57 WARN  no build target for: D:\ProyectoFinalLenguajesFront\frontend\src\main\scala\app\views\PaginaPrincipal.scala
2025.11.29 01:15:57 INFO  no build target found for D:\ProyectoFinalLenguajesFront\frontend\src\main\scala\app\views\PaginaPrincipal.scala. Using presentation compiler with project's scala-library version: 2.13.18
2025.11.29 01:15:57 INFO  no build target found for D:\ProyectoFinalLenguajesFront\frontend\src\main\scala\app\views\PaginaPrincipal.scala. Using presentation compiler with project's scala-library version: 2.13.18
2025.11.29 01:15:57 INFO  no build target found for D:\ProyectoFinalLenguajesFront\frontend\src\main\scala\app\views\PaginaPrincipal.scala. Using presentation compiler with project's scala-library version: 2.13.18
2025.11.29 01:15:58 INFO  no build target found for D:\ProyectoFinalLenguajesFront\frontend\src\main\scala\app\views\PaginaPrincipal.scala. Using presentation compiler with project's scala-library version: 2.13.18
2025.11.29 01:16:00 INFO  no build target found for D:\ProyectoFinalLenguajesFront\frontend\src\main\scala\app\views\PaginaPrincipal.scala. Using presentation compiler with project's scala-library version: 2.13.18
2025.11.29 01:16:00 INFO  no build target found for D:\ProyectoFinalLenguajesFront\frontend\src\main\scala\app\views\PaginaPrincipal.scala. Using presentation compiler with project's scala-library version: 2.13.18
2025.11.29 01:16:00 INFO  no build target found for D:\ProyectoFinalLenguajesFront\frontend\src\main\scala\app\views\PaginaPrincipal.scala. Using presentation compiler with project's scala-library version: 2.13.18
2025.11.29 01:16:00 INFO  no build target found for D:\ProyectoFinalLenguajesFront\frontend\src\main\scala\app\views\PaginaPrincipal.scala. Using presentation compiler with project's scala-library version: 2.13.18
2025.11.29 01:16:00 INFO  no build target found for D:\ProyectoFinalLenguajesFront\frontend\src\main\scala\app\views\PaginaPrincipal.scala. Using presentation compiler with project's scala-library version: 2.13.18
2025.11.29 01:16:01 INFO  no build target found for D:\ProyectoFinalLenguajesFront\frontend\src\main\scala\app\views\PaginaPrincipal.scala. Using presentation compiler with project's scala-library version: 2.13.18
2025.11.29 01:16:01 INFO  no build target found for D:\ProyectoFinalLenguajesFront\frontend\src\main\scala\app\views\PaginaPrincipal.scala. Using presentation compiler with project's scala-library version: 2.13.18
2025.11.29 01:16:01 INFO  no build target found for D:\ProyectoFinalLenguajesFront\frontend\src\main\scala\app\views\PaginaPrincipal.scala. Using presentation compiler with project's scala-library version: 2.13.18
nov. 29, 2025 1:16:01 A. M. org.eclipse.lsp4j.jsonrpc.RemoteEndpoint handleCancellation
ADVERTENCIA: Unmatched cancel notification for request id 386
2025.11.29 01:16:01 INFO  no build target found for D:\ProyectoFinalLenguajesFront\frontend\src\main\scala\app\views\PaginaPrincipal.scala. Using presentation compiler with project's scala-library version: 2.13.18
2025.11.29 01:16:01 INFO  no build target found for D:\ProyectoFinalLenguajesFront\frontend\src\main\scala\app\views\PaginaPrincipal.scala. Using presentation compiler with project's scala-library version: 2.13.18
2025.11.29 01:16:01 INFO  no build target found for D:\ProyectoFinalLenguajesFront\frontend\src\main\scala\app\views\PaginaPrincipal.scala. Using presentation compiler with project's scala-library version: 2.13.18
2025.11.29 01:16:01 INFO  Created report: Optional[file:///D:/ProyectoFinalLenguajesFront/frontend/src/main/scala/app/views/PaginaPrincipal.scala]
2025.11.29 01:16:01 INFO  empty definition using pc, found symbol in pc:  (full report at: "D:\ProyectoFinalLenguajesFront\.metals\.reports\metals-full\2025-11-29\r_empty-definition_01-16-01-846.md")
2025.11.29 01:16:02 INFO  no build target found for D:\ProyectoFinalLenguajesFront\frontend\src\main\scala\app\views\ReporteView.scala. Using presentation compiler with project's scala-library version: 2.13.18
2025.11.29 01:16:02 WARN  no build target for: D:\ProyectoFinalLenguajesFront\frontend\src\main\scala\app\views\ReporteView.scala
2025.11.29 01:16:02 INFO  no build target found for D:\ProyectoFinalLenguajesFront\frontend\src\main\scala\app\views\ReporteView.scala. Using presentation compiler with project's scala-library version: 2.13.18
2025.11.29 01:16:02 INFO  no build target found for D:\ProyectoFinalLenguajesFront\frontend\src\main\scala\app\views\ReporteView.scala. Using presentation compiler with project's scala-library version: 2.13.18
2025.11.29 01:16:02 INFO  no build target found for D:\ProyectoFinalLenguajesFront\frontend\src\main\scala\app\views\ReporteView.scala. Using presentation compiler with project's scala-library version: 2.13.18
2025.11.29 01:16:03 INFO  no build target found for D:\ProyectoFinalLenguajesFront\frontend\src\main\scala\app\views\ReporteView.scala. Using presentation compiler with project's scala-library version: 2.13.18
2025.11.29 01:16:03 INFO  no build target found for D:\ProyectoFinalLenguajesFront\frontend\src\main\scala\app\views\ReporteView.scala. Using presentation compiler with project's scala-library version: 2.13.18
2025.11.29 01:16:03 INFO  no build target found for D:\ProyectoFinalLenguajesFront\frontend\src\main\scala\app\views\ReporteView.scala. Using presentation compiler with project's scala-library version: 2.13.18
2025.11.29 01:16:03 INFO  no build target found for D:\ProyectoFinalLenguajesFront\frontend\src\main\scala\app\views\ReporteView.scala. Using presentation compiler with project's scala-library version: 2.13.18
2025.11.29 01:16:03 INFO  no build target found for D:\ProyectoFinalLenguajesFront\frontend\src\main\scala\app\views\ReporteView.scala. Using presentation compiler with project's scala-library version: 2.13.18
2025.11.29 01:16:05 INFO  no build target found for D:\ProyectoFinalLenguajesFront\frontend\src\main\scala\app\views\ReporteView.scala. Using presentation compiler with project's scala-library version: 2.13.18
2025.11.29 01:16:05 INFO  no build target found for D:\ProyectoFinalLenguajesFront\frontend\src\main\scala\app\views\ReporteView.scala. Using presentation compiler with project's scala-library version: 2.13.18
2025.11.29 01:16:05 INFO  no build target found for D:\ProyectoFinalLenguajesFront\frontend\src\main\scala\app\views\ReporteView.scala. Using presentation compiler with project's scala-library version: 2.13.18
2025.11.29 01:16:05 INFO  no build target found for D:\ProyectoFinalLenguajesFront\frontend\src\main\scala\app\views\ReporteView.scala. Using presentation compiler with project's scala-library version: 2.13.18
2025.11.29 01:16:05 INFO  no build target found for D:\ProyectoFinalLenguajesFront\frontend\src\main\scala\app\views\ReporteView.scala. Using presentation compiler with project's scala-library version: 2.13.18
2025.11.29 01:16:05 INFO  no build target found for D:\ProyectoFinalLenguajesFront\frontend\src\main\scala\app\views\ReporteView.scala. Using presentation compiler with project's scala-library version: 2.13.18
2025.11.29 01:16:05 INFO  no build target found for D:\ProyectoFinalLenguajesFront\frontend\src\main\scala\app\views\ReporteView.scala. Using presentation compiler with project's scala-library version: 2.13.18
2025.11.29 01:16:05 INFO  no build target found for D:\ProyectoFinalLenguajesFront\frontend\src\main\scala\app\views\ReporteView.scala. Using presentation compiler with project's scala-library version: 2.13.18
2025.11.29 01:16:05 INFO  no build target found for D:\ProyectoFinalLenguajesFront\frontend\src\main\scala\app\views\ReporteView.scala. Using presentation compiler with project's scala-library version: 2.13.18
2025.11.29 01:16:05 INFO  no build target found for D:\ProyectoFinalLenguajesFront\frontend\src\main\scala\app\views\ReporteView.scala. Using presentation compiler with project's scala-library version: 2.13.18
2025.11.29 01:16:05 INFO  no build target found for D:\ProyectoFinalLenguajesFront\frontend\src\main\scala\app\views\ReporteView.scala. Using presentation compiler with project's scala-library version: 2.13.18
2025.11.29 01:16:05 INFO  no build target found for D:\ProyectoFinalLenguajesFront\frontend\src\main\scala\app\views\ReporteView.scala. Using presentation compiler with project's scala-library version: 2.13.18
2025.11.29 01:16:05 INFO  no build target found for D:\ProyectoFinalLenguajesFront\frontend\src\main\scala\app\views\ReporteView.scala. Using presentation compiler with project's scala-library version: 2.13.18
2025.11.29 01:16:06 INFO  no build target found for D:\ProyectoFinalLenguajesFront\frontend\src\main\scala\app\views\ReporteView.scala. Using presentation compiler with project's scala-library version: 2.13.18
2025.11.29 01:16:06 INFO  no build target found for D:\ProyectoFinalLenguajesFront\frontend\src\main\scala\app\views\ReporteView.scala. Using presentation compiler with project's scala-library version: 2.13.18
2025.11.29 01:16:06 WARN  no build target for: D:\ProyectoFinalLenguajesFront\frontend\src\main\scala\app\views\ReporteView.scala
2025.11.29 01:16:06 INFO  no build target found for D:\ProyectoFinalLenguajesFront\frontend\src\main\scala\app\views\ReporteView.scala. Using presentation compiler with project's scala-library version: 2.13.18
2025.11.29 01:16:06 INFO  no build target found for D:\ProyectoFinalLenguajesFront\frontend\src\main\scala\app\views\ReporteView.scala. Using presentation compiler with project's scala-library version: 2.13.18
2025.11.29 01:16:26 INFO  no build target found for D:\ProyectoFinalLenguajesFront\frontend\src\main\scala\app\views\ReporteView.scala. Using presentation compiler with project's scala-library version: 2.13.18
2025.11.29 01:16:35 INFO  no build target found for D:\ProyectoFinalLenguajesFront\frontend\src\main\scala\app\views\ReporteView.scala. Using presentation compiler with project's scala-library version: 2.13.18
2025.11.29 01:16:35 INFO  no build target found for D:\ProyectoFinalLenguajesFront\frontend\src\main\scala\app\views\ReporteView.scala. Using presentation compiler with project's scala-library version: 2.13.18
2025.11.29 01:16:35 INFO  no build target found for D:\ProyectoFinalLenguajesFront\frontend\src\main\scala\app\views\ReporteView.scala. Using presentation compiler with project's scala-library version: 2.13.18
2025.11.29 01:16:38 INFO  no build target found for D:\ProyectoFinalLenguajesFront\frontend\src\main\scala\app\views\ReporteView.scala. Using presentation compiler with project's scala-library version: 2.13.18
2025.11.29 01:16:38 INFO  no build target found for D:\ProyectoFinalLenguajesFront\frontend\src\main\scala\app\views\ReporteView.scala. Using presentation compiler with project's scala-library version: 2.13.18
2025.11.29 01:16:39 INFO  no build target found for D:\ProyectoFinalLenguajesFront\frontend\src\main\scala\app\views\ReporteView.scala. Using presentation compiler with project's scala-library version: 2.13.18
2025.11.29 01:16:39 INFO  no build target found for D:\ProyectoFinalLenguajesFront\frontend\src\main\scala\app\views\ReporteView.scala. Using presentation compiler with project's scala-library version: 2.13.18
2025.11.29 01:16:39 INFO  no build target found for D:\ProyectoFinalLenguajesFront\frontend\src\main\scala\app\views\ReporteView.scala. Using presentation compiler with project's scala-library version: 2.13.18
2025.11.29 01:16:40 INFO  no build target found for D:\ProyectoFinalLenguajesFront\frontend\src\main\scala\app\views\ReporteView.scala. Using presentation compiler with project's scala-library version: 2.13.18
2025.11.29 01:16:40 INFO  no build target found for D:\ProyectoFinalLenguajesFront\frontend\src\main\scala\app\views\ReporteView.scala. Using presentation compiler with project's scala-library version: 2.13.18
2025.11.29 01:16:40 INFO  no build target found for D:\ProyectoFinalLenguajesFront\frontend\src\main\scala\app\views\ReporteView.scala. Using presentation compiler with project's scala-library version: 2.13.18
2025.11.29 01:16:40 INFO  no build target found for D:\ProyectoFinalLenguajesFront\frontend\src\main\scala\app\views\ReporteView.scala. Using presentation compiler with project's scala-library version: 2.13.18
2025.11.29 01:16:41 INFO  no build target found for D:\ProyectoFinalLenguajesFront\frontend\src\main\scala\app\views\PaginaPrincipal.scala. Using presentation compiler with project's scala-library version: 2.13.18
2025.11.29 01:16:41 INFO  no build target found for D:\ProyectoFinalLenguajesFront\frontend\src\main\scala\app\views\PaginaPrincipal.scala. Using presentation compiler with project's scala-library version: 2.13.18
2025.11.29 01:16:41 INFO  no build target found for D:\ProyectoFinalLenguajesFront\frontend\src\main\scala\app\views\PaginaPrincipal.scala. Using presentation compiler with project's scala-library version: 2.13.18
2025.11.29 01:16:41 INFO  no build target found for D:\ProyectoFinalLenguajesFront\frontend\src\main\scala\app\views\PaginaPrincipal.scala. Using presentation compiler with project's scala-library version: 2.13.18
2025.11.29 01:16:41 INFO  no build target found for D:\ProyectoFinalLenguajesFront\frontend\src\main\scala\app\views\PaginaPrincipal.scala. Using presentation compiler with project's scala-library version: 2.13.18
2025.11.29 01:16:41 INFO  no build target found for D:\ProyectoFinalLenguajesFront\frontend\src\main\scala\app\views\PaginaPrincipal.scala. Using presentation compiler with project's scala-library version: 2.13.18
2025.11.29 01:16:41 INFO  no build target found for D:\ProyectoFinalLenguajesFront\frontend\src\main\scala\app\views\PaginaPrincipal.scala. Using presentation compiler with project's scala-library version: 2.13.18
2025.11.29 01:16:41 INFO  no build target found for D:\ProyectoFinalLenguajesFront\frontend\src\main\scala\app\views\PaginaPrincipal.scala. Using presentation compiler with project's scala-library version: 2.13.18
2025.11.29 01:16:41 INFO  no build target found for D:\ProyectoFinalLenguajesFront\frontend\src\main\scala\app\views\PaginaPrincipal.scala. Using presentation compiler with project's scala-library version: 2.13.18
2025.11.29 01:16:41 INFO  no build target found for D:\ProyectoFinalLenguajesFront\frontend\src\main\scala\app\views\PaginaPrincipal.scala. Using presentation compiler with project's scala-library version: 2.13.18
2025.11.29 01:16:41 INFO  no build target found for D:\ProyectoFinalLenguajesFront\frontend\src\main\scala\app\views\PaginaPrincipal.scala. Using presentation compiler with project's scala-library version: 2.13.18
2025.11.29 01:16:41 INFO  no build target found for D:\ProyectoFinalLenguajesFront\frontend\src\main\scala\app\views\PaginaPrincipal.scala. Using presentation compiler with project's scala-library version: 2.13.18
2025.11.29 01:16:41 INFO  no build target found for D:\ProyectoFinalLenguajesFront\frontend\src\main\scala\app\views\PaginaPrincipal.scala. Using presentation compiler with project's scala-library version: 2.13.18
2025.11.29 01:16:41 INFO  no build target found for D:\ProyectoFinalLenguajesFront\frontend\src\main\scala\app\views\ReporteView.scala. Using presentation compiler with project's scala-library version: 2.13.18
2025.11.29 01:16:41 INFO  no build target found for D:\ProyectoFinalLenguajesFront\frontend\src\main\scala\app\views\ReporteView.scala. Using presentation compiler with project's scala-library version: 2.13.18
2025.11.29 01:16:41 INFO  no build target found for D:\ProyectoFinalLenguajesFront\frontend\src\main\scala\app\views\ReporteView.scala. Using presentation compiler with project's scala-library version: 2.13.18
2025.11.29 01:16:41 INFO  no build target found for D:\ProyectoFinalLenguajesFront\frontend\src\main\scala\app\views\ReporteView.scala. Using presentation compiler with project's scala-library version: 2.13.18
2025.11.29 01:16:41 INFO  no build target found for D:\ProyectoFinalLenguajesFront\frontend\src\main\scala\app\views\ReporteView.scala. Using presentation compiler with project's scala-library version: 2.13.18
2025.11.29 01:16:41 INFO  no build target found for D:\ProyectoFinalLenguajesFront\frontend\src\main\scala\app\views\ReporteView.scala. Using presentation compiler with project's scala-library version: 2.13.18
2025.11.29 01:16:41 INFO  no build target found for D:\ProyectoFinalLenguajesFront\frontend\src\main\scala\app\views\ReporteView.scala. Using presentation compiler with project's scala-library version: 2.13.18
2025.11.29 01:16:41 INFO  no build target found for D:\ProyectoFinalLenguajesFront\frontend\src\main\scala\app\views\ReporteView.scala. Using presentation compiler with project's scala-library version: 2.13.18
2025.11.29 01:16:41 INFO  no build target found for D:\ProyectoFinalLenguajesFront\frontend\src\main\scala\app\views\ReporteView.scala. Using presentation compiler with project's scala-library version: 2.13.18
2025.11.29 01:16:41 INFO  no build target found for D:\ProyectoFinalLenguajesFront\frontend\src\main\scala\app\views\ReporteView.scala. Using presentation compiler with project's scala-library version: 2.13.18
2025.11.29 01:16:41 INFO  no build target found for D:\ProyectoFinalLenguajesFront\frontend\src\main\scala\app\views\ReporteView.scala. Using presentation compiler with project's scala-library version: 2.13.18
2025.11.29 01:16:41 INFO  no build target found for D:\ProyectoFinalLenguajesFront\frontend\src\main\scala\app\views\ReporteView.scala. Using presentation compiler with project's scala-library version: 2.13.18
2025.11.29 01:16:41 INFO  Created report: Optional[file:///D:/ProyectoFinalLenguajesFront/frontend/src/main/scala/app/views/ReporteView.scala]
2025.11.29 01:16:41 INFO  java.util.NoSuchElementException: head of empty String (full report at: "D:\ProyectoFinalLenguajesFront\.metals\.reports\metals-full\2025-11-29\r_compiler-error_01-16-41-268.md")
2025.11.29 01:16:40 INFO  no build target found for D:\ProyectoFinalLenguajesFront\frontend\src\main\scala\app\views\ReporteView.scala. Using presentation compiler with project's scala-library version: 2.13.18
2025.11.29 01:16:41 INFO  Created report: Optional[file:///D:/ProyectoFinalLenguajesFront/frontend/src/main/scala/app/views/ReporteView.scala]
2025.11.29 01:16:41 INFO  java.util.NoSuchElementException: head of empty String (full report at: "D:\ProyectoFinalLenguajesFront\.metals\.reports\metals-full\2025-11-29\r_compiler-error_01-16-41-333.md")
2025.11.29 01:16:41 INFO  no build target found for D:\ProyectoFinalLenguajesFront\frontend\src\main\scala\app\views\ReporteView.scala. Using presentation compiler with project's scala-library version: 2.13.18
2025.11.29 01:16:41 INFO  Created report: Optional[file:///D:/ProyectoFinalLenguajesFront/frontend/src/main/scala/app/views/ReporteView.scala]
2025.11.29 01:16:41 INFO  java.util.NoSuchElementException: head of empty String (full report at: "D:\ProyectoFinalLenguajesFront\.metals\.reports\metals-full\2025-11-29\r_compiler-error_01-16-41-432.md")
2025.11.29 01:16:40 INFO  no build target found for D:\ProyectoFinalLenguajesFront\frontend\src\main\scala\app\views\ReporteView.scala. Using presentation compiler with project's scala-library version: 2.13.18
2025.11.29 01:16:41 INFO  no build target found for D:\ProyectoFinalLenguajesFront\frontend\src\main\scala\app\views\ReporteView.scala. Using presentation compiler with project's scala-library version: 2.13.18
2025.11.29 01:16:41 INFO  no build target found for D:\ProyectoFinalLenguajesFront\frontend\src\main\scala\app\views\ReporteView.scala. Using presentation compiler with project's scala-library version: 2.13.18
2025.11.29 01:16:41 INFO  Created report: Optional[file:///D:/ProyectoFinalLenguajesFront/frontend/src/main/scala/app/views/ReporteView.scala]
2025.11.29 01:16:41 INFO  java.util.NoSuchElementException: head of empty String (full report at: "D:\ProyectoFinalLenguajesFront\.metals\.reports\metals-full\2025-11-29\r_compiler-error_01-16-41-513.md")
2025.11.29 01:16:41 INFO  no build target found for D:\ProyectoFinalLenguajesFront\frontend\src\main\scala\app\views\ReporteView.scala. Using presentation compiler with project's scala-library version: 2.13.18
2025.11.29 01:16:41 INFO  Created report: Optional[file:///D:/ProyectoFinalLenguajesFront/frontend/src/main/scala/app/views/ReporteView.scala]
2025.11.29 01:16:41 INFO  java.util.NoSuchElementException: head of empty String (full report at: "D:\ProyectoFinalLenguajesFront\.metals\.reports\metals-full\2025-11-29\r_compiler-error_01-16-41-631.md")
2025.11.29 01:16:41 INFO  Created report: Optional[file:///D:/ProyectoFinalLenguajesFront/frontend/src/main/scala/app/views/ReporteView.scala]
2025.11.29 01:16:41 INFO  java.util.NoSuchElementException: head of empty String (full report at: "D:\ProyectoFinalLenguajesFront\.metals\.reports\metals-full\2025-11-29\r_compiler-error_01-16-41-705.md")
2025.11.29 01:16:41 INFO  empty definition using pc, found symbol in pc:  (full report at: "D:\ProyectoFinalLenguajesFront\.metals\.reports\metals-full\2025-11-29\r_empty-definition_00-19-43-585.md")
2025.11.29 01:16:41 INFO  Created report: Optional[file:///D:/ProyectoFinalLenguajesFront/frontend/src/main/scala/app/views/ReporteView.scala]
2025.11.29 01:16:41 INFO  java.util.NoSuchElementException: head of empty String (full report at: "D:\ProyectoFinalLenguajesFront\.metals\.reports\metals-full\2025-11-29\r_compiler-error_01-16-41-772.md")
2025.11.29 01:16:41 INFO  Created report: Optional[file:///D:/ProyectoFinalLenguajesFront/frontend/src/main/scala/app/views/ReporteView.scala]
2025.11.29 01:16:41 INFO  java.util.NoSuchElementException: head of empty String (full report at: "D:\ProyectoFinalLenguajesFront\.metals\.reports\metals-full\2025-11-29\r_compiler-error_01-16-41-835.md")
2025.11.29 01:16:41 INFO  Created report: Optional[file:///D:/ProyectoFinalLenguajesFront/frontend/src/main/scala/app/views/ReporteView.scala]
2025.11.29 01:16:41 INFO  java.util.NoSuchElementException: head of empty String (full report at: "D:\ProyectoFinalLenguajesFront\.metals\.reports\metals-full\2025-11-29\r_compiler-error_01-16-41-899.md")
2025.11.29 01:16:41 INFO  Created report: Optional[file:///D:/ProyectoFinalLenguajesFront/frontend/src/main/scala/app/views/ReporteView.scala]
2025.11.29 01:16:41 INFO  java.util.NoSuchElementException: head of empty String (full report at: "D:\ProyectoFinalLenguajesFront\.metals\.reports\metals-full\2025-11-29\r_compiler-error_01-16-41-962.md")
2025.11.29 01:16:41 INFO  Created report: Optional[file:///D:/ProyectoFinalLenguajesFront/frontend/src/main/scala/app/views/ReporteView.scala]
2025.11.29 01:16:41 INFO  java.util.NoSuchElementException: head of empty String (full report at: "D:\ProyectoFinalLenguajesFront\.metals\.reports\metals-full\2025-11-29\r_compiler-error_01-16-42-018.md")
2025.11.29 01:16:41 INFO  Created report: Optional[file:///D:/ProyectoFinalLenguajesFront/frontend/src/main/scala/app/views/ReporteView.scala]
2025.11.29 01:16:41 INFO  java.util.NoSuchElementException: head of empty String (full report at: "D:\ProyectoFinalLenguajesFront\.metals\.reports\metals-full\2025-11-29\r_compiler-error_01-16-42-079.md")
2025.11.29 01:16:41 INFO  no build target found for D:\ProyectoFinalLenguajesFront\frontend\src\main\scala\app\views\ReporteView.scala. Using presentation compiler with project's scala-library version: 2.13.18
2025.11.29 01:16:41 INFO  Created report: Optional[file:///D:/ProyectoFinalLenguajesFront/frontend/src/main/scala/app/views/ReporteView.scala]
2025.11.29 01:16:41 INFO  java.util.NoSuchElementException: head of empty String (full report at: "D:\ProyectoFinalLenguajesFront\.metals\.reports\metals-full\2025-11-29\r_compiler-error_01-16-42-169.md")
2025.11.29 01:16:41 INFO  no build target found for D:\ProyectoFinalLenguajesFront\frontend\src\main\scala\app\views\ReporteView.scala. Using presentation compiler with project's scala-library version: 2.13.18
2025.11.29 01:16:41 WARN  no build target for: D:\ProyectoFinalLenguajesFront\frontend\src\main\scala\app\views\ReporteView.scala
2025.11.29 01:16:41 INFO  no build target found for D:\ProyectoFinalLenguajesFront\frontend\src\main\scala\app\views\ReporteView.scala. Using presentation compiler with project's scala-library version: 2.13.18
2025.11.29 01:16:42 INFO  no build target found for D:\ProyectoFinalLenguajesFront\frontend\src\main\scala\app\views\ReporteView.scala. Using presentation compiler with project's scala-library version: 2.13.18
2025.11.29 01:16:42 INFO  no build target found for D:\ProyectoFinalLenguajesFront\frontend\src\main\scala\app\views\ReporteView.scala. Using presentation compiler with project's scala-library version: 2.13.18
2025.11.29 01:16:43 INFO  no build target found for D:\ProyectoFinalLenguajesFront\frontend\src\main\scala\app\views\ReporteView.scala. Using presentation compiler with project's scala-library version: 2.13.18
2025.11.29 01:16:43 INFO  no build target found for D:\ProyectoFinalLenguajesFront\frontend\src\main\scala\app\views\ReporteView.scala. Using presentation compiler with project's scala-library version: 2.13.18
2025.11.29 01:16:43 INFO  no build target found for D:\ProyectoFinalLenguajesFront\frontend\src\main\scala\app\views\ReporteView.scala. Using presentation compiler with project's scala-library version: 2.13.18
2025.11.29 01:16:43 INFO  no build target found for D:\ProyectoFinalLenguajesFront\frontend\src\main\scala\app\views\ReporteView.scala. Using presentation compiler with project's scala-library version: 2.13.18
2025.11.29 01:16:44 INFO  no build target found for D:\ProyectoFinalLenguajesFront\frontend\src\main\scala\app\views\ReporteView.scala. Using presentation compiler with project's scala-library version: 2.13.18
2025.11.29 01:16:44 INFO  no build target found for D:\ProyectoFinalLenguajesFront\frontend\src\main\scala\app\views\ReporteView.scala. Using presentation compiler with project's scala-library version: 2.13.18
2025.11.29 01:16:44 INFO  no build target found for D:\ProyectoFinalLenguajesFront\frontend\src\main\scala\app\views\ReporteView.scala. Using presentation compiler with project's scala-library version: 2.13.18
2025.11.29 01:16:45 INFO  no build target found for D:\ProyectoFinalLenguajesFront\frontend\src\main\scala\app\views\ReporteView.scala. Using presentation compiler with project's scala-library version: 2.13.18
2025.11.29 01:16:44 WARN  no build target for: D:\ProyectoFinalLenguajesFront\frontend\src\main\scala\app\views\ReporteView.scala
2025.11.29 01:16:45 INFO  no build target found for D:\ProyectoFinalLenguajesFront\frontend\src\main\scala\app\views\ReporteView.scala. Using presentation compiler with project's scala-library version: 2.13.18
2025.11.29 01:16:44 INFO  no build target found for D:\ProyectoFinalLenguajesFront\frontend\src\main\scala\app\views\ReporteView.scala. Using presentation compiler with project's scala-library version: 2.13.18
2025.11.29 01:16:47 INFO  no build target found for D:\ProyectoFinalLenguajesFront\frontend\src\main\scala\app\views\ReporteView.scala. Using presentation compiler with project's scala-library version: 2.13.18
2025.11.29 01:16:47 INFO  no build target found for D:\ProyectoFinalLenguajesFront\frontend\src\main\scala\app\views\ReporteView.scala. Using presentation compiler with project's scala-library version: 2.13.18
2025.11.29 01:16:47 INFO  no build target found for D:\ProyectoFinalLenguajesFront\frontend\src\main\scala\app\views\ReporteView.scala. Using presentation compiler with project's scala-library version: 2.13.18
2025.11.29 01:16:48 INFO  no build target found for D:\ProyectoFinalLenguajesFront\frontend\src\main\scala\app\views\ReporteView.scala. Using presentation compiler with project's scala-library version: 2.13.18
2025.11.29 01:16:47 INFO  no build target found for D:\ProyectoFinalLenguajesFront\frontend\src\main\scala\app\views\ReporteView.scala. Using presentation compiler with project's scala-library version: 2.13.18
2025.11.29 01:16:48 INFO  no build target found for D:\ProyectoFinalLenguajesFront\frontend\src\main\scala\app\views\ReporteView.scala. Using presentation compiler with project's scala-library version: 2.13.18
2025.11.29 01:16:47 INFO  no build target found for D:\ProyectoFinalLenguajesFront\frontend\src\main\scala\app\views\ReporteView.scala. Using presentation compiler with project's scala-library version: 2.13.18
2025.11.29 01:16:47 INFO  no build target found for D:\ProyectoFinalLenguajesFront\frontend\src\main\scala\app\views\ReporteView.scala. Using presentation compiler with project's scala-library version: 2.13.18
2025.11.29 01:16:49 INFO  no build target found for D:\ProyectoFinalLenguajesFront\frontend\src\main\scala\app\views\ReporteView.scala. Using presentation compiler with project's scala-library version: 2.13.18
2025.11.29 01:16:49 WARN  no build target for: D:\ProyectoFinalLenguajesFront\frontend\src\main\scala\app\views\ReporteView.scala
2025.11.29 01:16:49 INFO  no build target found for D:\ProyectoFinalLenguajesFront\frontend\src\main\scala\app\views\ReporteView.scala. Using presentation compiler with project's scala-library version: 2.13.18
2025.11.29 01:16:49 INFO  no build target found for D:\ProyectoFinalLenguajesFront\frontend\src\main\scala\app\views\ReporteView.scala. Using presentation compiler with project's scala-library version: 2.13.18
2025.11.29 01:16:49 INFO  no build target found for D:\ProyectoFinalLenguajesFront\frontend\src\main\scala\app\views\ReporteView.scala. Using presentation compiler with project's scala-library version: 2.13.18
2025.11.29 01:16:49 INFO  no build target found for D:\ProyectoFinalLenguajesFront\frontend\src\main\scala\app\views\ReporteView.scala. Using presentation compiler with project's scala-library version: 2.13.18
2025.11.29 01:16:50 INFO  no build target found for D:\ProyectoFinalLenguajesFront\frontend\src\main\scala\app\views\ReporteView.scala. Using presentation compiler with project's scala-library version: 2.13.18
2025.11.29 01:16:50 INFO  no build target found for D:\ProyectoFinalLenguajesFront\frontend\src\main\scala\app\views\ReporteView.scala. Using presentation compiler with project's scala-library version: 2.13.18
2025.11.29 01:16:50 INFO  no build target found for D:\ProyectoFinalLenguajesFront\frontend\src\main\scala\app\views\ReporteView.scala. Using presentation compiler with project's scala-library version: 2.13.18
2025.11.29 01:16:50 INFO  no build target found for D:\ProyectoFinalLenguajesFront\frontend\src\main\scala\app\views\ReporteView.scala. Using presentation compiler with project's scala-library version: 2.13.18
2025.11.29 01:16:50 WARN  no build target for: D:\ProyectoFinalLenguajesFront\frontend\src\main\scala\app\views\ReporteView.scala
2025.11.29 01:16:51 INFO  no build target found for D:\ProyectoFinalLenguajesFront\frontend\src\main\scala\app\views\ReporteView.scala. Using presentation compiler with project's scala-library version: 2.13.18
2025.11.29 01:16:52 INFO  no build target found for D:\ProyectoFinalLenguajesFront\frontend\src\main\scala\app\views\ReporteView.scala. Using presentation compiler with project's scala-library version: 2.13.18
2025.11.29 01:16:52 INFO  no build target found for D:\ProyectoFinalLenguajesFront\frontend\src\main\scala\app\views\ReporteView.scala. Using presentation compiler with project's scala-library version: 2.13.18
2025.11.29 01:16:52 INFO  no build target found for D:\ProyectoFinalLenguajesFront\frontend\src\main\scala\app\views\ReporteView.scala. Using presentation compiler with project's scala-library version: 2.13.18
2025.11.29 01:16:52 INFO  no build target found for D:\ProyectoFinalLenguajesFront\frontend\src\main\scala\app\views\ReporteView.scala. Using presentation compiler with project's scala-library version: 2.13.18
2025.11.29 01:16:52 INFO  no build target found for D:\ProyectoFinalLenguajesFront\frontend\src\main\scala\app\views\ReporteView.scala. Using presentation compiler with project's scala-library version: 2.13.18
2025.11.29 01:16:53 INFO  no build target found for D:\ProyectoFinalLenguajesFront\frontend\src\main\scala\app\views\ReporteView.scala. Using presentation compiler with project's scala-library version: 2.13.18
2025.11.29 01:16:53 INFO  no build target found for D:\ProyectoFinalLenguajesFront\frontend\src\main\scala\app\views\ReporteView.scala. Using presentation compiler with project's scala-library version: 2.13.18
2025.11.29 01:16:53 WARN  no build target for: D:\ProyectoFinalLenguajesFront\frontend\src\main\scala\app\views\ReporteView.scala
2025.11.29 01:16:52 INFO  no build target found for D:\ProyectoFinalLenguajesFront\frontend\src\main\scala\app\views\ReporteView.scala. Using presentation compiler with project's scala-library version: 2.13.18
2025.11.29 01:16:53 INFO  no build target found for D:\ProyectoFinalLenguajesFront\frontend\src\main\scala\app\views\ReporteView.scala. Using presentation compiler with project's scala-library version: 2.13.18
2025.11.29 01:16:53 INFO  no build target found for D:\ProyectoFinalLenguajesFront\frontend\src\main\scala\app\views\ReporteView.scala. Using presentation compiler with project's scala-library version: 2.13.18
2025.11.29 01:16:53 INFO  no build target found for D:\ProyectoFinalLenguajesFront\frontend\src\main\scala\app\views\ReporteView.scala. Using presentation compiler with project's scala-library version: 2.13.18
2025.11.29 01:16:55 INFO  no build target found for D:\ProyectoFinalLenguajesFront\frontend\src\main\scala\app\views\ReporteView.scala. Using presentation compiler with project's scala-library version: 2.13.18
2025.11.29 01:16:55 INFO  no build target found for D:\ProyectoFinalLenguajesFront\frontend\src\main\scala\app\views\ReporteView.scala. Using presentation compiler with project's scala-library version: 2.13.18
2025.11.29 01:16:57 INFO  no build target found for D:\ProyectoFinalLenguajesFront\frontend\src\main\scala\app\views\ReporteView.scala. Using presentation compiler with project's scala-library version: 2.13.18
2025.11.29 01:16:57 INFO  no build target found for D:\ProyectoFinalLenguajesFront\frontend\src\main\scala\app\views\ReporteView.scala. Using presentation compiler with project's scala-library version: 2.13.18
2025.11.29 01:16:59 INFO  no build target found for D:\ProyectoFinalLenguajesFront\frontend\src\main\scala\app\views\ReporteView.scala. Using presentation compiler with project's scala-library version: 2.13.18
2025.11.29 01:16:59 INFO  no build target found for D:\ProyectoFinalLenguajesFront\frontend\src\main\scala\app\views\ReporteView.scala. Using presentation compiler with project's scala-library version: 2.13.18
2025.11.29 01:16:59 INFO  no build target found for D:\ProyectoFinalLenguajesFront\frontend\src\main\scala\app\views\ReporteView.scala. Using presentation compiler with project's scala-library version: 2.13.18
2025.11.29 01:16:59 INFO  no build target found for D:\ProyectoFinalLenguajesFront\frontend\src\main\scala\app\views\ReporteView.scala. Using presentation compiler with project's scala-library version: 2.13.18
2025.11.29 01:16:59 INFO  no build target found for D:\ProyectoFinalLenguajesFront\frontend\src\main\scala\app\views\ReporteView.scala. Using presentation compiler with project's scala-library version: 2.13.18
2025.11.29 01:17:00 INFO  no build target found for D:\ProyectoFinalLenguajesFront\frontend\src\main\scala\app\views\ReporteView.scala. Using presentation compiler with project's scala-library version: 2.13.18
2025.11.29 01:17:00 INFO  no build target found for D:\ProyectoFinalLenguajesFront\frontend\src\main\scala\app\views\ReporteView.scala. Using presentation compiler with project's scala-library version: 2.13.18
2025.11.29 01:17:00 INFO  no build target found for D:\ProyectoFinalLenguajesFront\frontend\src\main\scala\app\views\ReporteView.scala. Using presentation compiler with project's scala-library version: 2.13.18
2025.11.29 01:17:01 INFO  no build target found for D:\ProyectoFinalLenguajesFront\frontend\src\main\scala\app\views\ReporteView.scala. Using presentation compiler with project's scala-library version: 2.13.18
2025.11.29 01:17:01 INFO  no build target found for D:\ProyectoFinalLenguajesFront\frontend\src\main\scala\app\views\ReporteView.scala. Using presentation compiler with project's scala-library version: 2.13.18
2025.11.29 01:17:01 INFO  no build target found for D:\ProyectoFinalLenguajesFront\frontend\src\main\scala\app\views\ReporteView.scala. Using presentation compiler with project's scala-library version: 2.13.18
2025.11.29 01:17:01 INFO  no build target found for D:\ProyectoFinalLenguajesFront\frontend\src\main\scala\app\views\ReporteView.scala. Using presentation compiler with project's scala-library version: 2.13.18
2025.11.29 01:17:02 INFO  no build target found for D:\ProyectoFinalLenguajesFront\frontend\src\main\scala\app\views\ReporteView.scala. Using presentation compiler with project's scala-library version: 2.13.18
2025.11.29 01:17:02 INFO  no build target found for D:\ProyectoFinalLenguajesFront\frontend\src\main\scala\app\views\ReporteView.scala. Using presentation compiler with project's scala-library version: 2.13.18
2025.11.29 01:17:02 INFO  no build target found for D:\ProyectoFinalLenguajesFront\frontend\src\main\scala\app\views\ReporteView.scala. Using presentation compiler with project's scala-library version: 2.13.18
2025.11.29 01:17:03 INFO  no build target found for D:\ProyectoFinalLenguajesFront\frontend\src\main\scala\app\views\ReporteView.scala. Using presentation compiler with project's scala-library version: 2.13.18
2025.11.29 01:17:03 INFO  no build target found for D:\ProyectoFinalLenguajesFront\frontend\src\main\scala\app\views\ReporteView.scala. Using presentation compiler with project's scala-library version: 2.13.18
2025.11.29 01:17:03 INFO  no build target found for D:\ProyectoFinalLenguajesFront\frontend\src\main\scala\app\views\ReporteView.scala. Using presentation compiler with project's scala-library version: 2.13.18
2025.11.29 01:17:03 INFO  no build target found for D:\ProyectoFinalLenguajesFront\frontend\src\main\scala\app\views\ReporteView.scala. Using presentation compiler with project's scala-library version: 2.13.18
2025.11.29 01:17:04 INFO  no build target found for D:\ProyectoFinalLenguajesFront\frontend\src\main\scala\app\views\ReporteView.scala. Using presentation compiler with project's scala-library version: 2.13.18
2025.11.29 01:17:03 INFO  no build target found for D:\ProyectoFinalLenguajesFront\frontend\src\main\scala\app\views\ReporteView.scala. Using presentation compiler with project's scala-library version: 2.13.18
2025.11.29 01:17:04 INFO  no build target found for D:\ProyectoFinalLenguajesFront\frontend\src\main\scala\app\views\ReporteView.scala. Using presentation compiler with project's scala-library version: 2.13.18
2025.11.29 01:17:05 INFO  no build target found for D:\ProyectoFinalLenguajesFront\frontend\src\main\scala\app\views\ReporteView.scala. Using presentation compiler with project's scala-library version: 2.13.18
2025.11.29 01:17:05 INFO  no build target found for D:\ProyectoFinalLenguajesFront\frontend\src\main\scala\app\views\ReporteView.scala. Using presentation compiler with project's scala-library version: 2.13.18
2025.11.29 01:17:05 INFO  no build target found for D:\ProyectoFinalLenguajesFront\frontend\src\main\scala\app\views\ReporteView.scala. Using presentation compiler with project's scala-library version: 2.13.18
2025.11.29 01:17:05 INFO  no build target found for D:\ProyectoFinalLenguajesFront\frontend\src\main\scala\app\views\ReporteView.scala. Using presentation compiler with project's scala-library version: 2.13.18
2025.11.29 01:17:05 INFO  no build target found for D:\ProyectoFinalLenguajesFront\frontend\src\main\scala\app\views\ReporteView.scala. Using presentation compiler with project's scala-library version: 2.13.18
2025.11.29 01:17:05 INFO  no build target found for D:\ProyectoFinalLenguajesFront\frontend\src\main\scala\app\views\ReporteView.scala. Using presentation compiler with project's scala-library version: 2.13.18
2025.11.29 01:17:05 INFO  no build target found for D:\ProyectoFinalLenguajesFront\frontend\src\main\scala\app\views\ReporteView.scala. Using presentation compiler with project's scala-library version: 2.13.18
2025.11.29 01:17:05 INFO  no build target found for D:\ProyectoFinalLenguajesFront\frontend\src\main\scala\app\views\ReporteView.scala. Using presentation compiler with project's scala-library version: 2.13.18
2025.11.29 01:17:05 INFO  no build target found for D:\ProyectoFinalLenguajesFront\frontend\src\main\scala\app\views\ReporteView.scala. Using presentation compiler with project's scala-library version: 2.13.18
2025.11.29 01:17:06 INFO  no build target found for D:\ProyectoFinalLenguajesFront\frontend\src\main\scala\app\views\ReporteView.scala. Using presentation compiler with project's scala-library version: 2.13.18
2025.11.29 01:17:06 INFO  no build target found for D:\ProyectoFinalLenguajesFront\frontend\src\main\scala\app\views\ReporteView.scala. Using presentation compiler with project's scala-library version: 2.13.18
2025.11.29 01:17:06 INFO  no build target found for D:\ProyectoFinalLenguajesFront\frontend\src\main\scala\app\views\ReporteView.scala. Using presentation compiler with project's scala-library version: 2.13.18
2025.11.29 01:17:06 INFO  no build target found for D:\ProyectoFinalLenguajesFront\frontend\src\main\scala\app\views\ReporteView.scala. Using presentation compiler with project's scala-library version: 2.13.18
2025.11.29 01:17:07 INFO  no build target found for D:\ProyectoFinalLenguajesFront\frontend\src\main\scala\app\views\ReporteView.scala. Using presentation compiler with project's scala-library version: 2.13.18
2025.11.29 01:17:06 WARN  no build target for: D:\ProyectoFinalLenguajesFront\frontend\src\main\scala\app\views\ReporteView.scala
2025.11.29 01:17:06 INFO  no build target found for D:\ProyectoFinalLenguajesFront\frontend\src\main\scala\app\views\ReporteView.scala. Using presentation compiler with project's scala-library version: 2.13.18
2025.11.29 01:17:07 INFO  no build target found for D:\ProyectoFinalLenguajesFront\frontend\src\main\scala\app\views\ReporteView.scala. Using presentation compiler with project's scala-library version: 2.13.18
2025.11.29 01:17:07 INFO  no build target found for D:\ProyectoFinalLenguajesFront\frontend\src\main\scala\app\views\ReporteView.scala. Using presentation compiler with project's scala-library version: 2.13.18
2025.11.29 01:17:08 INFO  no build target found for D:\ProyectoFinalLenguajesFront\frontend\src\main\scala\app\views\ReporteView.scala. Using presentation compiler with project's scala-library version: 2.13.18
2025.11.29 01:17:08 INFO  no build target found for D:\ProyectoFinalLenguajesFront\frontend\src\main\scala\app\views\ReporteView.scala. Using presentation compiler with project's scala-library version: 2.13.18
2025.11.29 01:17:10 INFO  no build target found for D:\ProyectoFinalLenguajesFront\frontend\src\main\scala\app\views\ReporteView.scala. Using presentation compiler with project's scala-library version: 2.13.18
2025.11.29 01:17:33 INFO  no build target found for D:\ProyectoFinalLenguajesFront\frontend\src\main\scala\app\views\ReporteView.scala. Using presentation compiler with project's scala-library version: 2.13.18
2025.11.29 01:17:35 INFO  no build target found for D:\ProyectoFinalLenguajesFront\frontend\src\main\scala\app\views\ReporteView.scala. Using presentation compiler with project's scala-library version: 2.13.18
2025.11.29 01:17:36 INFO  no build target found for D:\ProyectoFinalLenguajesFront\frontend\src\main\scala\app\views\ReporteView.scala. Using presentation compiler with project's scala-library version: 2.13.18
2025.11.29 01:17:42 INFO  no build target found for D:\ProyectoFinalLenguajesFront\frontend\src\main\scala\app\views\ReporteView.scala. Using presentation compiler with project's scala-library version: 2.13.18
2025.11.29 01:17:49 INFO  no build target found for D:\ProyectoFinalLenguajesFront\frontend\src\main\scala\app\views\ReporteView.scala. Using presentation compiler with project's scala-library version: 2.13.18
2025.11.29 01:17:49 INFO  no build target found for D:\ProyectoFinalLenguajesFront\frontend\src\main\scala\app\views\ReporteView.scala. Using presentation compiler with project's scala-library version: 2.13.18
2025.11.29 01:17:49 INFO  no build target found for D:\ProyectoFinalLenguajesFront\frontend\src\main\scala\app\views\ReporteView.scala. Using presentation compiler with project's scala-library version: 2.13.18
2025.11.29 01:17:49 INFO  no build target found for D:\ProyectoFinalLenguajesFront\frontend\src\main\scala\app\views\ReporteView.scala. Using presentation compiler with project's scala-library version: 2.13.18
2025.11.29 01:17:51 INFO  no build target found for D:\ProyectoFinalLenguajesFront\frontend\src\main\scala\app\views\ReporteView.scala. Using presentation compiler with project's scala-library version: 2.13.18
2025.11.29 01:17:51 INFO  no build target found for D:\ProyectoFinalLenguajesFront\frontend\src\main\scala\app\views\ReporteView.scala. Using presentation compiler with project's scala-library version: 2.13.18
2025.11.29 01:17:51 INFO  no build target found for D:\ProyectoFinalLenguajesFront\frontend\src\main\scala\app\views\ReporteView.scala. Using presentation compiler with project's scala-library version: 2.13.18
2025.11.29 01:17:51 INFO  empty definition using pc, found symbol in pc:  (full report at: "D:\ProyectoFinalLenguajesFront\.metals\.reports\metals-full\2025-11-29\r_empty-definition_00-19-43-585.md")
2025.11.29 01:17:51 INFO  no build target found for D:\ProyectoFinalLenguajesFront\frontend\src\main\scala\app\views\ReporteView.scala. Using presentation compiler with project's scala-library version: 2.13.18
2025.11.29 01:17:51 INFO  no build target found for D:\ProyectoFinalLenguajesFront\frontend\src\main\scala\app\views\ReporteView.scala. Using presentation compiler with project's scala-library version: 2.13.18
2025.11.29 01:17:51 INFO  no build target found for D:\ProyectoFinalLenguajesFront\frontend\src\main\scala\app\views\ReporteView.scala. Using presentation compiler with project's scala-library version: 2.13.18
2025.11.29 01:17:51 INFO  no build target found for D:\ProyectoFinalLenguajesFront\frontend\src\main\scala\app\views\PaginaPrincipal.scala. Using presentation compiler with project's scala-library version: 2.13.18
2025.11.29 01:17:51 INFO  no build target found for D:\ProyectoFinalLenguajesFront\frontend\src\main\scala\app\views\PaginaPrincipal.scala. Using presentation compiler with project's scala-library version: 2.13.18
2025.11.29 01:17:51 INFO  no build target found for D:\ProyectoFinalLenguajesFront\frontend\src\main\scala\app\views\ReporteView.scala. Using presentation compiler with project's scala-library version: 2.13.18
2025.11.29 01:17:51 INFO  no build target found for D:\ProyectoFinalLenguajesFront\frontend\src\main\scala\app\views\ReporteView.scala. Using presentation compiler with project's scala-library version: 2.13.18
2025.11.29 01:17:52 INFO  Created report: Optional[file:///D:/ProyectoFinalLenguajesFront/frontend/src/main/scala/app/views/ReporteView.scala]
2025.11.29 01:17:52 INFO  java.util.NoSuchElementException: head of empty String (full report at: "D:\ProyectoFinalLenguajesFront\.metals\.reports\metals-full\2025-11-29\r_compiler-error_01-17-52-050.md")
2025.11.29 01:17:52 INFO  Created report: Optional[file:///D:/ProyectoFinalLenguajesFront/frontend/src/main/scala/app/views/ReporteView.scala]
2025.11.29 01:17:52 INFO  java.util.NoSuchElementException: head of empty String (full report at: "D:\ProyectoFinalLenguajesFront\.metals\.reports\metals-full\2025-11-29\r_compiler-error_01-17-52-098.md")
2025.11.29 01:17:51 INFO  no build target found for D:\ProyectoFinalLenguajesFront\frontend\src\main\scala\app\views\ReporteView.scala. Using presentation compiler with project's scala-library version: 2.13.18
2025.11.29 01:17:51 INFO  no build target found for D:\ProyectoFinalLenguajesFront\frontend\src\main\scala\app\views\ReporteView.scala. Using presentation compiler with project's scala-library version: 2.13.18
2025.11.29 01:17:52 INFO  no build target found for D:\ProyectoFinalLenguajesFront\frontend\src\main\scala\app\views\ReporteView.scala. Using presentation compiler with project's scala-library version: 2.13.18
2025.11.29 01:17:52 WARN  no build target for: D:\ProyectoFinalLenguajesFront\frontend\src\main\scala\app\views\ReporteView.scala
2025.11.29 01:17:52 INFO  no build target found for D:\ProyectoFinalLenguajesFront\frontend\src\main\scala\app\views\ReporteView.scala. Using presentation compiler with project's scala-library version: 2.13.18
2025.11.29 01:17:56 INFO  no build target found for D:\ProyectoFinalLenguajesFront\frontend\src\main\scala\app\views\ReporteView.scala. Using presentation compiler with project's scala-library version: 2.13.18
2025.11.29 01:17:56 INFO  no build target found for D:\ProyectoFinalLenguajesFront\frontend\src\main\scala\app\views\ReporteView.scala. Using presentation compiler with project's scala-library version: 2.13.18
2025.11.29 01:17:56 INFO  no build target found for D:\ProyectoFinalLenguajesFront\frontend\src\main\scala\app\views\ReporteView.scala. Using presentation compiler with project's scala-library version: 2.13.18
2025.11.29 01:17:56 INFO  no build target found for D:\ProyectoFinalLenguajesFront\frontend\src\main\scala\app\views\ReporteView.scala. Using presentation compiler with project's scala-library version: 2.13.18
2025.11.29 01:17:58 INFO  no build target found for D:\ProyectoFinalLenguajesFront\frontend\src\main\scala\app\views\ReporteView.scala. Using presentation compiler with project's scala-library version: 2.13.18
2025.11.29 01:17:58 INFO  no build target found for D:\ProyectoFinalLenguajesFront\frontend\src\main\scala\app\views\ReporteView.scala. Using presentation compiler with project's scala-library version: 2.13.18
2025.11.29 01:17:59 INFO  no build target found for D:\ProyectoFinalLenguajesFront\frontend\src\main\scala\app\views\ReporteView.scala. Using presentation compiler with project's scala-library version: 2.13.18
2025.11.29 01:17:59 INFO  no build target found for D:\ProyectoFinalLenguajesFront\frontend\src\main\scala\app\views\ReporteView.scala. Using presentation compiler with project's scala-library version: 2.13.18
2025.11.29 01:17:59 INFO  no build target found for D:\ProyectoFinalLenguajesFront\frontend\src\main\scala\app\views\ReporteView.scala. Using presentation compiler with project's scala-library version: 2.13.18
2025.11.29 01:17:59 INFO  no build target found for D:\ProyectoFinalLenguajesFront\frontend\src\main\scala\app\views\ReporteView.scala. Using presentation compiler with project's scala-library version: 2.13.18
2025.11.29 01:17:59 INFO  no build target found for D:\ProyectoFinalLenguajesFront\frontend\src\main\scala\app\views\ReporteView.scala. Using presentation compiler with project's scala-library version: 2.13.18
2025.11.29 01:17:59 INFO  no build target found for D:\ProyectoFinalLenguajesFront\frontend\src\main\scala\app\views\ReporteView.scala. Using presentation compiler with project's scala-library version: 2.13.18
2025.11.29 01:17:59 INFO  no build target found for D:\ProyectoFinalLenguajesFront\frontend\src\main\scala\app\views\ReporteView.scala. Using presentation compiler with project's scala-library version: 2.13.18
2025.11.29 01:17:59 INFO  no build target found for D:\ProyectoFinalLenguajesFront\frontend\src\main\scala\app\views\ReporteView.scala. Using presentation compiler with project's scala-library version: 2.13.18
2025.11.29 01:18:00 INFO  no build target found for D:\ProyectoFinalLenguajesFront\frontend\src\main\scala\app\views\ReporteView.scala. Using presentation compiler with project's scala-library version: 2.13.18
2025.11.29 01:18:00 INFO  no build target found for D:\ProyectoFinalLenguajesFront\frontend\src\main\scala\app\views\ReporteView.scala. Using presentation compiler with project's scala-library version: 2.13.18
2025.11.29 01:18:00 INFO  no build target found for D:\ProyectoFinalLenguajesFront\frontend\src\main\scala\app\views\ReporteView.scala. Using presentation compiler with project's scala-library version: 2.13.18
2025.11.29 01:18:00 INFO  no build target found for D:\ProyectoFinalLenguajesFront\frontend\src\main\scala\app\views\ReporteView.scala. Using presentation compiler with project's scala-library version: 2.13.18
2025.11.29 01:18:00 INFO  no build target found for D:\ProyectoFinalLenguajesFront\frontend\src\main\scala\app\views\ReporteView.scala. Using presentation compiler with project's scala-library version: 2.13.18
2025.11.29 01:18:01 WARN  no build target for: D:\ProyectoFinalLenguajesFront\frontend\src\main\scala\app\views\ReporteView.scala
2025.11.29 01:18:01 INFO  no build target found for D:\ProyectoFinalLenguajesFront\frontend\src\main\scala\app\views\ReporteView.scala. Using presentation compiler with project's scala-library version: 2.13.18
2025.11.29 01:18:00 INFO  no build target found for D:\ProyectoFinalLenguajesFront\frontend\src\main\scala\app\views\ReporteView.scala. Using presentation compiler with project's scala-library version: 2.13.18
2025.11.29 01:18:01 INFO  no build target found for D:\ProyectoFinalLenguajesFront\frontend\src\main\scala\app\views\ReporteView.scala. Using presentation compiler with project's scala-library version: 2.13.18
2025.11.29 01:18:01 INFO  no build target found for D:\ProyectoFinalLenguajesFront\frontend\src\main\scala\app\views\ReporteView.scala. Using presentation compiler with project's scala-library version: 2.13.18
2025.11.29 01:18:03 INFO  no build target found for D:\ProyectoFinalLenguajesFront\frontend\src\main\scala\app\views\ReporteView.scala. Using presentation compiler with project's scala-library version: 2.13.18
2025.11.29 01:18:03 INFO  no build target found for D:\ProyectoFinalLenguajesFront\frontend\src\main\scala\app\views\ReporteView.scala. Using presentation compiler with project's scala-library version: 2.13.18
2025.11.29 01:18:04 INFO  no build target found for D:\ProyectoFinalLenguajesFront\frontend\src\main\scala\app\views\ReporteView.scala. Using presentation compiler with project's scala-library version: 2.13.18
2025.11.29 01:18:04 INFO  no build target found for D:\ProyectoFinalLenguajesFront\frontend\src\main\scala\app\views\ReporteView.scala. Using presentation compiler with project's scala-library version: 2.13.18
2025.11.29 01:18:04 INFO  no build target found for D:\ProyectoFinalLenguajesFront\frontend\src\main\scala\app\views\ReporteView.scala. Using presentation compiler with project's scala-library version: 2.13.18
2025.11.29 01:18:04 INFO  no build target found for D:\ProyectoFinalLenguajesFront\frontend\src\main\scala\app\views\ReporteView.scala. Using presentation compiler with project's scala-library version: 2.13.18
2025.11.29 01:18:06 INFO  no build target found for D:\ProyectoFinalLenguajesFront\frontend\src\main\scala\app\views\ReporteView.scala. Using presentation compiler with project's scala-library version: 2.13.18
2025.11.29 01:18:06 INFO  no build target found for D:\ProyectoFinalLenguajesFront\frontend\src\main\scala\app\views\ReporteView.scala. Using presentation compiler with project's scala-library version: 2.13.18
2025.11.29 01:18:08 INFO  no build target found for D:\ProyectoFinalLenguajesFront\frontend\src\main\scala\app\views\ReporteView.scala. Using presentation compiler with project's scala-library version: 2.13.18
2025.11.29 01:18:08 INFO  no build target found for D:\ProyectoFinalLenguajesFront\frontend\src\main\scala\app\views\ReporteView.scala. Using presentation compiler with project's scala-library version: 2.13.18
2025.11.29 01:18:08 INFO  no build target found for D:\ProyectoFinalLenguajesFront\frontend\src\main\scala\app\views\ReporteView.scala. Using presentation compiler with project's scala-library version: 2.13.18
2025.11.29 01:18:10 INFO  no build target found for D:\ProyectoFinalLenguajesFront\frontend\src\main\scala\app\views\ReporteView.scala. Using presentation compiler with project's scala-library version: 2.13.18
2025.11.29 01:18:16 INFO  no build target found for D:\ProyectoFinalLenguajesFront\frontend\src\main\scala\app\views\ReporteView.scala. Using presentation compiler with project's scala-library version: 2.13.18
2025.11.29 01:18:16 INFO  no build target found for D:\ProyectoFinalLenguajesFront\frontend\src\main\scala\app\views\ReporteView.scala. Using presentation compiler with project's scala-library version: 2.13.18
2025.11.29 01:18:17 INFO  no build target found for D:\ProyectoFinalLenguajesFront\frontend\src\main\scala\app\views\ReporteView.scala. Using presentation compiler with project's scala-library version: 2.13.18
2025.11.29 01:18:45 INFO  no build target found for D:\ProyectoFinalLenguajesFront\frontend\src\main\scala\app\views\ReporteView.scala. Using presentation compiler with project's scala-library version: 2.13.18
2025.11.29 01:24:43 INFO  no build target found for D:\ProyectoFinalLenguajesFront\frontend\src\main\scala\app\views\CompraView.scala. Using presentation compiler with project's scala-library version: 2.13.18
2025.11.29 01:24:43 WARN  no build target for: D:\ProyectoFinalLenguajesFront\frontend\src\main\scala\app\views\CompraView.scala
2025.11.29 01:24:43 INFO  no build target found for D:\ProyectoFinalLenguajesFront\frontend\src\main\scala\app\views\CompraView.scala. Using presentation compiler with project's scala-library version: 2.13.18
2025.11.29 01:24:43 INFO  no build target found for D:\ProyectoFinalLenguajesFront\frontend\src\main\scala\app\views\CompraView.scala. Using presentation compiler with project's scala-library version: 2.13.18
2025.11.29 01:25:04 INFO  no build target found for D:\ProyectoFinalLenguajesFront\frontend\src\main\scala\app\views\CompraView.scala. Using presentation compiler with project's scala-library version: 2.13.18
2025.11.29 01:25:04 INFO  no build target found for D:\ProyectoFinalLenguajesFront\frontend\src\main\scala\app\views\CompraView.scala. Using presentation compiler with project's scala-library version: 2.13.18
2025.11.29 01:25:05 INFO  no build target found for D:\ProyectoFinalLenguajesFront\frontend\src\main\scala\app\views\CompraView.scala. Using presentation compiler with project's scala-library version: 2.13.18
2025.11.29 01:25:05 INFO  no build target found for D:\ProyectoFinalLenguajesFront\frontend\src\main\scala\app\views\CompraView.scala. Using presentation compiler with project's scala-library version: 2.13.18
2025.11.29 01:25:05 INFO  no build target found for D:\ProyectoFinalLenguajesFront\frontend\src\main\scala\app\views\CompraView.scala. Using presentation compiler with project's scala-library version: 2.13.18
2025.11.29 01:25:05 INFO  no build target found for D:\ProyectoFinalLenguajesFront\frontend\src\main\scala\app\views\CompraView.scala. Using presentation compiler with project's scala-library version: 2.13.18
2025.11.29 01:25:05 INFO  no build target found for D:\ProyectoFinalLenguajesFront\frontend\src\main\scala\app\views\CompraView.scala. Using presentation compiler with project's scala-library version: 2.13.18
2025.11.29 01:25:05 INFO  no build target found for D:\ProyectoFinalLenguajesFront\frontend\src\main\scala\app\views\CompraView.scala. Using presentation compiler with project's scala-library version: 2.13.18
2025.11.29 01:25:06 INFO  no build target found for D:\ProyectoFinalLenguajesFront\frontend\src\main\scala\app\views\CompraView.scala. Using presentation compiler with project's scala-library version: 2.13.18
2025.11.29 01:25:06 INFO  no build target found for D:\ProyectoFinalLenguajesFront\frontend\src\main\scala\app\views\CompraView.scala. Using presentation compiler with project's scala-library version: 2.13.18
2025.11.29 01:25:07 WARN  no build target for: D:\ProyectoFinalLenguajesFront\frontend\src\main\scala\app\views\CompraView.scala
2025.11.29 01:25:07 INFO  no build target found for D:\ProyectoFinalLenguajesFront\frontend\src\main\scala\app\views\CompraView.scala. Using presentation compiler with project's scala-library version: 2.13.18
2025.11.29 01:25:08 INFO  no build target found for D:\ProyectoFinalLenguajesFront\frontend\src\main\scala\app\views\CompraView.scala. Using presentation compiler with project's scala-library version: 2.13.18
2025.11.29 01:25:08 INFO  no build target found for D:\ProyectoFinalLenguajesFront\frontend\src\main\scala\app\views\CompraView.scala. Using presentation compiler with project's scala-library version: 2.13.18
2025.11.29 01:25:10 INFO  no build target found for D:\ProyectoFinalLenguajesFront\frontend\src\main\scala\app\views\CompraView.scala. Using presentation compiler with project's scala-library version: 2.13.18
2025.11.29 01:25:10 INFO  no build target found for D:\ProyectoFinalLenguajesFront\frontend\src\main\scala\app\views\CompraView.scala. Using presentation compiler with project's scala-library version: 2.13.18
2025.11.29 01:25:10 INFO  no build target found for D:\ProyectoFinalLenguajesFront\frontend\src\main\scala\app\views\CompraView.scala. Using presentation compiler with project's scala-library version: 2.13.18
2025.11.29 01:25:10 INFO  no build target found for D:\ProyectoFinalLenguajesFront\frontend\src\main\scala\app\views\CompraView.scala. Using presentation compiler with project's scala-library version: 2.13.18
2025.11.29 01:25:11 WARN  no build target for: D:\ProyectoFinalLenguajesFront\frontend\src\main\scala\app\views\CompraView.scala
2025.11.29 01:25:11 INFO  no build target found for D:\ProyectoFinalLenguajesFront\frontend\src\main\scala\app\views\CompraView.scala. Using presentation compiler with project's scala-library version: 2.13.18
2025.11.29 01:25:12 INFO  no build target found for D:\ProyectoFinalLenguajesFront\frontend\src\main\scala\app\views\CompraView.scala. Using presentation compiler with project's scala-library version: 2.13.18
2025.11.29 01:25:12 INFO  no build target found for D:\ProyectoFinalLenguajesFront\frontend\src\main\scala\app\views\CompraView.scala. Using presentation compiler with project's scala-library version: 2.13.18
2025.11.29 01:25:13 INFO  no build target found for D:\ProyectoFinalLenguajesFront\frontend\src\main\scala\app\views\CompraView.scala. Using presentation compiler with project's scala-library version: 2.13.18
2025.11.29 01:25:13 INFO  no build target found for D:\ProyectoFinalLenguajesFront\frontend\src\main\scala\app\views\CompraView.scala. Using presentation compiler with project's scala-library version: 2.13.18
2025.11.29 01:25:13 INFO  no build target found for D:\ProyectoFinalLenguajesFront\frontend\src\main\scala\app\views\CompraView.scala. Using presentation compiler with project's scala-library version: 2.13.18
2025.11.29 01:25:13 INFO  no build target found for D:\ProyectoFinalLenguajesFront\frontend\src\main\scala\app\views\CompraView.scala. Using presentation compiler with project's scala-library version: 2.13.18
2025.11.29 01:25:14 WARN  no build target for: D:\ProyectoFinalLenguajesFront\frontend\src\main\scala\app\views\CompraView.scala
2025.11.29 01:25:13 INFO  no build target found for D:\ProyectoFinalLenguajesFront\frontend\src\main\scala\app\views\CompraView.scala. Using presentation compiler with project's scala-library version: 2.13.18
2025.11.29 01:25:49 INFO  no build target found for D:\ProyectoFinalLenguajesFront\frontend\src\main\scala\app\views\CompraView.scala. Using presentation compiler with project's scala-library version: 2.13.18
2025.11.29 01:25:49 INFO  no build target found for D:\ProyectoFinalLenguajesFront\frontend\src\main\scala\app\views\CompraView.scala. Using presentation compiler with project's scala-library version: 2.13.18
2025.11.29 01:26:21 INFO  no build target found for D:\ProyectoFinalLenguajesFront\frontend\src\main\scala\app\views\CompraView.scala. Using presentation compiler with project's scala-library version: 2.13.18
2025.11.29 01:26:32 INFO  no build target found for D:\ProyectoFinalLenguajesFront\frontend\src\main\scala\app\views\CompraView.scala. Using presentation compiler with project's scala-library version: 2.13.18
2025.11.29 01:27:08 INFO  no build target found for D:\ProyectoFinalLenguajesFront\frontend\src\main\scala\app\views\CompraView.scala. Using presentation compiler with project's scala-library version: 2.13.18
2025.11.29 01:27:10 INFO  no build target found for D:\ProyectoFinalLenguajesFront\frontend\src\main\scala\app\views\CompraView.scala. Using presentation compiler with project's scala-library version: 2.13.18
2025.11.29 01:27:10 INFO  no build target found for D:\ProyectoFinalLenguajesFront\frontend\src\main\scala\app\views\CompraView.scala. Using presentation compiler with project's scala-library version: 2.13.18
2025.11.29 01:27:10 WARN  Could not find 'backgroundColor' using presentation compiler nor semanticdb. Trying to guess the definition using available information from local class context. 
2025.11.29 01:27:10 INFO  Created report: Optional[file:///D:/ProyectoFinalLenguajesFront/frontend/src/main/scala/app/views/CompraView.scala]
2025.11.29 01:27:10 INFO  empty definition using pc, found symbol in pc:  (full report at: "D:\ProyectoFinalLenguajesFront\.metals\.reports\metals-full\2025-11-29\r_empty-definition_01-27-10-619.md")
2025.11.29 01:27:13 INFO  no build target found for D:\ProyectoFinalLenguajesFront\frontend\src\main\scala\app\views\CompraView.scala. Using presentation compiler with project's scala-library version: 2.13.18
Exception in thread "pool-6-thread-1" java.lang.InterruptedException
	at scala.meta.internal.metals.FutureCancelToken.checkCanceled(FutureCancelToken.scala:29)
	at scala.meta.internal.pc.CompilerAccess.$anonfun$onCompilerJobQueue$1(CompilerAccess.scala:207)
	at scala.meta.internal.pc.CompilerJobQueue$Job.run(CompilerJobQueue.scala:152)
	at java.base/java.util.concurrent.ThreadPoolExecutor.runWorker(ThreadPoolExecutor.java:1090)
	at java.base/java.util.concurrent.ThreadPoolExecutor$Worker.run(ThreadPoolExecutor.java:614)
	at java.base/java.lang.Thread.run(Thread.java:1474)
2025.11.29 01:27:13 INFO  no build target found for D:\ProyectoFinalLenguajesFront\frontend\src\main\scala\app\views\CompraView.scala. Using presentation compiler with project's scala-library version: 2.13.18
Exception in thread "pool-6-thread-2" java.lang.InterruptedException
	at scala.meta.internal.metals.FutureCancelToken.checkCanceled(FutureCancelToken.scala:29)
	at scala.meta.internal.pc.CompilerAccess.$anonfun$onCompilerJobQueue$1(CompilerAccess.scala:207)
	at scala.meta.internal.pc.CompilerJobQueue$Job.run(CompilerJobQueue.scala:152)
	at java.base/java.util.concurrent.ThreadPoolExecutor.runWorker(ThreadPoolExecutor.java:1090)
	at java.base/java.util.concurrent.ThreadPoolExecutor$Worker.run(ThreadPoolExecutor.java:614)
	at java.base/java.lang.Thread.run(Thread.java:1474)
2025.11.29 01:27:13 INFO  no build target found for D:\ProyectoFinalLenguajesFront\frontend\src\main\scala\app\views\CompraView.scala. Using presentation compiler with project's scala-library version: 2.13.18
Exception in thread "pool-6-thread-3" java.lang.InterruptedException
	at scala.meta.internal.metals.FutureCancelToken.checkCanceled(FutureCancelToken.scala:29)
	at scala.meta.internal.pc.CompilerAccess.$anonfun$onCompilerJobQueue$1(CompilerAccess.scala:207)
	at scala.meta.internal.pc.CompilerJobQueue$Job.run(CompilerJobQueue.scala:152)
	at java.base/java.util.concurrent.ThreadPoolExecutor.runWorker(ThreadPoolExecutor.java:1090)
	at java.base/java.util.concurrent.ThreadPoolExecutor$Worker.run(ThreadPoolExecutor.java:614)
	at java.base/java.lang.Thread.run(Thread.java:1474)
2025.11.29 01:27:13 INFO  no build target found for D:\ProyectoFinalLenguajesFront\frontend\src\main\scala\app\views\CompraView.scala. Using presentation compiler with project's scala-library version: 2.13.18
Exception in thread "pool-6-thread-4" java.lang.InterruptedException
	at scala.meta.internal.metals.FutureCancelToken.checkCanceled(FutureCancelToken.scala:29)
	at scala.meta.internal.pc.CompilerAccess.$anonfun$onCompilerJobQueue$1(CompilerAccess.scala:207)
	at scala.meta.internal.pc.CompilerJobQueue$Job.run(CompilerJobQueue.scala:152)
	at java.base/java.util.concurrent.ThreadPoolExecutor.runWorker(ThreadPoolExecutor.java:1090)
	at java.base/java.util.concurrent.ThreadPoolExecutor$Worker.run(ThreadPoolExecutor.java:614)
	at java.base/java.lang.Thread.run(Thread.java:1474)
2025.11.29 01:27:13 INFO  no build target found for D:\ProyectoFinalLenguajesFront\frontend\src\main\scala\app\views\CompraView.scala. Using presentation compiler with project's scala-library version: 2.13.18
2025.11.29 01:27:17 INFO  no build target found for D:\ProyectoFinalLenguajesFront\frontend\src\main\scala\app\views\CompraView.scala. Using presentation compiler with project's scala-library version: 2.13.18
2025.11.29 01:28:23 INFO  no build target found for D:\ProyectoFinalLenguajesFront\frontend\src\main\scala\app\views\CompraView.scala. Using presentation compiler with project's scala-library version: 2.13.18
2025.11.29 01:29:17 INFO  no build target found for D:\ProyectoFinalLenguajesFront\frontend\src\main\scala\app\views\CompraView.scala. Using presentation compiler with project's scala-library version: 2.13.18
2025.11.29 01:29:19 INFO  no build target found for D:\ProyectoFinalLenguajesFront\frontend\src\main\scala\app\views\CompraView.scala. Using presentation compiler with project's scala-library version: 2.13.18
2025.11.29 01:29:34 INFO  no build target found for D:\ProyectoFinalLenguajesFront\frontend\src\main\scala\app\views\CompraView.scala. Using presentation compiler with project's scala-library version: 2.13.18
2025.11.29 01:29:36 INFO  no build target found for D:\ProyectoFinalLenguajesFront\frontend\src\main\scala\app\views\CompraView.scala. Using presentation compiler with project's scala-library version: 2.13.18
2025.11.29 01:29:36 INFO  no build target found for D:\ProyectoFinalLenguajesFront\frontend\src\main\scala\app\views\CompraView.scala. Using presentation compiler with project's scala-library version: 2.13.18
2025.11.29 01:29:36 INFO  no build target found for D:\ProyectoFinalLenguajesFront\frontend\src\main\scala\app\views\CompraView.scala. Using presentation compiler with project's scala-library version: 2.13.18
2025.11.29 01:29:38 INFO  no build target found for D:\ProyectoFinalLenguajesFront\frontend\src\main\scala\app\views\CompraView.scala. Using presentation compiler with project's scala-library version: 2.13.18
2025.11.29 01:31:47 INFO  no build target found for D:\ProyectoFinalLenguajesFront\frontend\src\main\scala\app\views\CompraView.scala. Using presentation compiler with project's scala-library version: 2.13.18
2025.11.29 01:31:47 INFO  no build target found for D:\ProyectoFinalLenguajesFront\frontend\src\main\scala\app\views\CompraView.scala. Using presentation compiler with project's scala-library version: 2.13.18
2025.11.29 01:33:17 INFO  no build target found for D:\ProyectoFinalLenguajesFront\frontend\src\main\scala\app\views\PaginaPrincipal.scala. Using presentation compiler with project's scala-library version: 2.13.18
2025.11.29 01:33:17 WARN  no build target for: D:\ProyectoFinalLenguajesFront\frontend\src\main\scala\app\views\PaginaPrincipal.scala
2025.11.29 01:33:17 INFO  no build target found for D:\ProyectoFinalLenguajesFront\frontend\src\main\scala\app\views\PaginaPrincipal.scala. Using presentation compiler with project's scala-library version: 2.13.18
2025.11.29 01:33:17 INFO  no build target found for D:\ProyectoFinalLenguajesFront\frontend\src\main\scala\app\views\PaginaPrincipal.scala. Using presentation compiler with project's scala-library version: 2.13.18
2025.11.29 01:33:17 INFO  no build target found for D:\ProyectoFinalLenguajesFront\frontend\src\main\scala\app\views\PaginaPrincipal.scala. Using presentation compiler with project's scala-library version: 2.13.18
2025.11.29 01:33:37 INFO  no build target found for D:\ProyectoFinalLenguajesFront\frontend\src\main\scala\app\views\PaginaPrincipal.scala. Using presentation compiler with project's scala-library version: 2.13.18
2025.11.29 01:33:37 INFO  no build target found for D:\ProyectoFinalLenguajesFront\frontend\src\main\scala\app\views\PaginaPrincipal.scala. Using presentation compiler with project's scala-library version: 2.13.18
2025.11.29 01:33:39 INFO  no build target found for D:\ProyectoFinalLenguajesFront\frontend\src\main\scala\app\views\PaginaPrincipal.scala. Using presentation compiler with project's scala-library version: 2.13.18
2025.11.29 01:33:43 INFO  no build target found for D:\ProyectoFinalLenguajesFront\frontend\src\main\scala\app\views\AgregarView.scala. Using presentation compiler with project's scala-library version: 2.13.18
2025.11.29 01:33:43 INFO  no build target found for D:\ProyectoFinalLenguajesFront\frontend\src\main\scala\app\views\AgregarView.scala. Using presentation compiler with project's scala-library version: 2.13.18
2025.11.29 01:33:43 WARN  no build target for: D:\ProyectoFinalLenguajesFront\frontend\src\main\scala\app\views\AgregarView.scala
2025.11.29 01:33:43 INFO  no build target found for D:\ProyectoFinalLenguajesFront\frontend\src\main\scala\app\views\AgregarView.scala. Using presentation compiler with project's scala-library version: 2.13.18
2025.11.29 01:33:43 INFO  no build target found for D:\ProyectoFinalLenguajesFront\frontend\src\main\scala\app\views\AgregarView.scala. Using presentation compiler with project's scala-library version: 2.13.18
2025.11.29 01:33:43 INFO  no build target found for D:\ProyectoFinalLenguajesFront\frontend\src\main\scala\app\views\AgregarView.scala. Using presentation compiler with project's scala-library version: 2.13.18
2025.11.29 01:33:43 INFO  no build target found for D:\ProyectoFinalLenguajesFront\frontend\src\main\scala\app\views\AgregarView.scala. Using presentation compiler with project's scala-library version: 2.13.18
2025.11.29 01:33:44 INFO  no build target found for D:\ProyectoFinalLenguajesFront\frontend\src\main\scala\app\views\AgregarView.scala. Using presentation compiler with project's scala-library version: 2.13.18
2025.11.29 01:33:46 INFO  no build target found for D:\ProyectoFinalLenguajesFront\frontend\src\main\scala\app\Main.scala. Using presentation compiler with project's scala-library version: 2.13.18
2025.11.29 01:33:46 WARN  no build target for: D:\ProyectoFinalLenguajesFront\frontend\src\main\scala\app\Main.scala
2025.11.29 01:33:46 INFO  no build target found for D:\ProyectoFinalLenguajesFront\frontend\src\main\scala\app\Main.scala. Using presentation compiler with project's scala-library version: 2.13.18
2025.11.29 01:33:46 INFO  no build target found for D:\ProyectoFinalLenguajesFront\frontend\src\main\scala\app\Main.scala. Using presentation compiler with project's scala-library version: 2.13.18
2025.11.29 01:33:46 INFO  no build target found for D:\ProyectoFinalLenguajesFront\frontend\src\main\scala\app\Main.scala. Using presentation compiler with project's scala-library version: 2.13.18
2025.11.29 01:33:46 INFO  no build target found for D:\ProyectoFinalLenguajesFront\frontend\src\main\scala\app\Main.scala. Using presentation compiler with project's scala-library version: 2.13.18
2025.11.29 01:33:48 INFO  no build target found for D:\ProyectoFinalLenguajesFront\frontend\src\main\scala\app\Main.scala. Using presentation compiler with project's scala-library version: 2.13.18
2025.11.29 01:33:48 INFO  no build target found for D:\ProyectoFinalLenguajesFront\frontend\src\main\scala\app\Main.scala. Using presentation compiler with project's scala-library version: 2.13.18
2025.11.29 01:33:48 INFO  no build target found for D:\ProyectoFinalLenguajesFront\frontend\src\main\scala\app\Main.scala. Using presentation compiler with project's scala-library version: 2.13.18
2025.11.29 01:33:49 INFO  no build target found for D:\ProyectoFinalLenguajesFront\frontend\src\main\scala\app\Main.scala. Using presentation compiler with project's scala-library version: 2.13.18
2025.11.29 01:33:52 INFO  no build target found for D:\ProyectoFinalLenguajesFront\frontend\src\main\scala\app\Main.scala. Using presentation compiler with project's scala-library version: 2.13.18
2025.11.29 01:33:54 INFO  no build target found for D:\ProyectoFinalLenguajesFront\frontend\src\main\scala\app\Main.scala. Using presentation compiler with project's scala-library version: 2.13.18
2025.11.29 01:33:56 INFO  no build target found for D:\ProyectoFinalLenguajesFront\frontend\src\main\scala\app\Main.scala. Using presentation compiler with project's scala-library version: 2.13.18
2025.11.29 01:34:01 INFO  no build target found for D:\ProyectoFinalLenguajesFront\frontend\src\main\scala\app\Main.scala. Using presentation compiler with project's scala-library version: 2.13.18
2025.11.29 01:34:04 INFO  no build target found for D:\ProyectoFinalLenguajesFront\frontend\src\main\scala\app\Main.scala. Using presentation compiler with project's scala-library version: 2.13.18
2025.11.29 01:34:04 INFO  no build target found for D:\ProyectoFinalLenguajesFront\frontend\src\main\scala\app\Main.scala. Using presentation compiler with project's scala-library version: 2.13.18
2025.11.29 01:34:04 INFO  no build target found for D:\ProyectoFinalLenguajesFront\frontend\src\main\scala\app\Main.scala. Using presentation compiler with project's scala-library version: 2.13.18
2025.11.29 01:34:04 INFO  no build target found for D:\ProyectoFinalLenguajesFront\frontend\src\main\scala\app\Main.scala. Using presentation compiler with project's scala-library version: 2.13.18
2025.11.29 01:34:05 INFO  no build target found for D:\ProyectoFinalLenguajesFront\frontend\src\main\scala\app\Main.scala. Using presentation compiler with project's scala-library version: 2.13.18
2025.11.29 01:34:05 INFO  no build target found for D:\ProyectoFinalLenguajesFront\frontend\src\main\scala\app\Main.scala. Using presentation compiler with project's scala-library version: 2.13.18
2025.11.29 01:34:05 INFO  no build target found for D:\ProyectoFinalLenguajesFront\frontend\src\main\scala\app\Main.scala. Using presentation compiler with project's scala-library version: 2.13.18
2025.11.29 01:34:05 INFO  no build target found for D:\ProyectoFinalLenguajesFront\frontend\src\main\scala\app\Main.scala. Using presentation compiler with project's scala-library version: 2.13.18
2025.11.29 01:34:06 INFO  no build target found for D:\ProyectoFinalLenguajesFront\frontend\src\main\scala\app\Main.scala. Using presentation compiler with project's scala-library version: 2.13.18
2025.11.29 01:34:06 INFO  no build target found for D:\ProyectoFinalLenguajesFront\frontend\src\main\scala\app\Main.scala. Using presentation compiler with project's scala-library version: 2.13.18
nov. 29, 2025 1:34:06 A. M. org.eclipse.lsp4j.jsonrpc.RemoteEndpoint handleCancellation
ADVERTENCIA: Unmatched cancel notification for request id 934
2025.11.29 01:34:06 INFO  no build target found for D:\ProyectoFinalLenguajesFront\frontend\src\main\scala\app\Main.scala. Using presentation compiler with project's scala-library version: 2.13.18
2025.11.29 01:34:06 INFO  no build target found for D:\ProyectoFinalLenguajesFront\frontend\src\main\scala\app\Main.scala. Using presentation compiler with project's scala-library version: 2.13.18
2025.11.29 01:34:06 INFO  no build target found for D:\ProyectoFinalLenguajesFront\frontend\src\main\scala\app\Main.scala. Using presentation compiler with project's scala-library version: 2.13.18
2025.11.29 01:34:07 INFO  no build target found for D:\ProyectoFinalLenguajesFront\frontend\src\main\scala\app\Main.scala. Using presentation compiler with project's scala-library version: 2.13.18
2025.11.29 01:34:07 WARN  no build target for: D:\ProyectoFinalLenguajesFront\frontend\src\main\scala\app\Main.scala
2025.11.29 01:34:07 INFO  no build target found for D:\ProyectoFinalLenguajesFront\frontend\src\main\scala\app\Main.scala. Using presentation compiler with project's scala-library version: 2.13.18
2025.11.29 01:34:07 INFO  no build target found for D:\ProyectoFinalLenguajesFront\frontend\src\main\scala\app\Main.scala. Using presentation compiler with project's scala-library version: 2.13.18
2025.11.29 01:34:07 INFO  no build target found for D:\ProyectoFinalLenguajesFront\frontend\src\main\scala\app\Main.scala. Using presentation compiler with project's scala-library version: 2.13.18
2025.11.29 01:34:07 INFO  no build target found for D:\ProyectoFinalLenguajesFront\frontend\src\main\scala\app\Main.scala. Using presentation compiler with project's scala-library version: 2.13.18
2025.11.29 01:34:08 INFO  no build target found for D:\ProyectoFinalLenguajesFront\frontend\src\main\scala\app\Main.scala. Using presentation compiler with project's scala-library version: 2.13.18
2025.11.29 01:34:08 INFO  no build target found for D:\ProyectoFinalLenguajesFront\frontend\src\main\scala\app\Main.scala. Using presentation compiler with project's scala-library version: 2.13.18
2025.11.29 01:34:07 INFO  no build target found for D:\ProyectoFinalLenguajesFront\frontend\src\main\scala\app\Main.scala. Using presentation compiler with project's scala-library version: 2.13.18
2025.11.29 01:34:07 INFO  no build target found for D:\ProyectoFinalLenguajesFront\frontend\src\main\scala\app\Main.scala. Using presentation compiler with project's scala-library version: 2.13.18
2025.11.29 01:34:09 WARN  no build target for: D:\ProyectoFinalLenguajesFront\frontend\src\main\scala\app\Main.scala
2025.11.29 01:34:09 INFO  no build target found for D:\ProyectoFinalLenguajesFront\frontend\src\main\scala\app\Main.scala. Using presentation compiler with project's scala-library version: 2.13.18
2025.11.29 01:34:11 INFO  no build target found for D:\ProyectoFinalLenguajesFront\frontend\src\main\scala\app\Main.scala. Using presentation compiler with project's scala-library version: 2.13.18
2025.11.29 01:34:12 INFO  no build target found for D:\ProyectoFinalLenguajesFront\frontend\src\main\scala\app\Main.scala. Using presentation compiler with project's scala-library version: 2.13.18
2025.11.29 01:34:11 INFO  no build target found for D:\ProyectoFinalLenguajesFront\frontend\src\main\scala\app\Main.scala. Using presentation compiler with project's scala-library version: 2.13.18
2025.11.29 01:34:12 INFO  no build target found for D:\ProyectoFinalLenguajesFront\frontend\src\main\scala\app\Main.scala. Using presentation compiler with project's scala-library version: 2.13.18
2025.11.29 01:34:12 INFO  no build target found for D:\ProyectoFinalLenguajesFront\frontend\src\main\scala\app\Main.scala. Using presentation compiler with project's scala-library version: 2.13.18
2025.11.29 01:34:11 INFO  no build target found for D:\ProyectoFinalLenguajesFront\frontend\src\main\scala\app\Main.scala. Using presentation compiler with project's scala-library version: 2.13.18
2025.11.29 01:34:11 INFO  no build target found for D:\ProyectoFinalLenguajesFront\frontend\src\main\scala\app\Main.scala. Using presentation compiler with project's scala-library version: 2.13.18
2025.11.29 01:34:11 INFO  no build target found for D:\ProyectoFinalLenguajesFront\frontend\src\main\scala\app\Main.scala. Using presentation compiler with project's scala-library version: 2.13.18
2025.11.29 01:34:12 INFO  no build target found for D:\ProyectoFinalLenguajesFront\frontend\src\main\scala\app\Main.scala. Using presentation compiler with project's scala-library version: 2.13.18
2025.11.29 01:34:12 INFO  no build target found for D:\ProyectoFinalLenguajesFront\frontend\src\main\scala\app\Main.scala. Using presentation compiler with project's scala-library version: 2.13.18
2025.11.29 01:34:13 INFO  no build target found for D:\ProyectoFinalLenguajesFront\frontend\src\main\scala\app\Main.scala. Using presentation compiler with project's scala-library version: 2.13.18
2025.11.29 01:34:13 INFO  no build target found for D:\ProyectoFinalLenguajesFront\frontend\src\main\scala\app\Main.scala. Using presentation compiler with project's scala-library version: 2.13.18
2025.11.29 01:34:13 INFO  no build target found for D:\ProyectoFinalLenguajesFront\frontend\src\main\scala\app\Main.scala. Using presentation compiler with project's scala-library version: 2.13.18
2025.11.29 01:34:13 INFO  no build target found for D:\ProyectoFinalLenguajesFront\frontend\src\main\scala\app\Main.scala. Using presentation compiler with project's scala-library version: 2.13.18
2025.11.29 01:34:14 WARN  no build target for: D:\ProyectoFinalLenguajesFront\frontend\src\main\scala\app\Main.scala
2025.11.29 01:34:14 INFO  no build target found for D:\ProyectoFinalLenguajesFront\frontend\src\main\scala\app\Main.scala. Using presentation compiler with project's scala-library version: 2.13.18
2025.11.29 01:34:17 INFO  no build target found for D:\ProyectoFinalLenguajesFront\frontend\src\main\scala\app\views\CompraView.scala. Using presentation compiler with project's scala-library version: 2.13.18
2025.11.29 01:34:17 WARN  no build target for: D:\ProyectoFinalLenguajesFront\frontend\src\main\scala\app\views\CompraView.scala
2025.11.29 01:34:17 INFO  no build target found for D:\ProyectoFinalLenguajesFront\frontend\src\main\scala\app\views\CompraView.scala. Using presentation compiler with project's scala-library version: 2.13.18
2025.11.29 01:34:17 INFO  no build target found for D:\ProyectoFinalLenguajesFront\frontend\src\main\scala\app\views\CompraView.scala. Using presentation compiler with project's scala-library version: 2.13.18
2025.11.29 01:34:18 INFO  no build target found for D:\ProyectoFinalLenguajesFront\frontend\src\main\scala\app\views\CompraView.scala. Using presentation compiler with project's scala-library version: 2.13.18
2025.11.29 01:34:45 INFO  no build target found for D:\ProyectoFinalLenguajesFront\frontend\src\main\scala\app\views\CompraView.scala. Using presentation compiler with project's scala-library version: 2.13.18
2025.11.29 01:34:45 INFO  no build target found for D:\ProyectoFinalLenguajesFront\frontend\src\main\scala\app\views\CompraView.scala. Using presentation compiler with project's scala-library version: 2.13.18
2025.11.29 01:34:48 INFO  no build target found for D:\ProyectoFinalLenguajesFront\frontend\src\main\scala\app\views\CompraView.scala. Using presentation compiler with project's scala-library version: 2.13.18
2025.11.29 01:35:00 INFO  no build target found for D:\ProyectoFinalLenguajesFront\frontend\src\main\scala\app\views\CompraView.scala. Using presentation compiler with project's scala-library version: 2.13.18
2025.11.29 01:35:00 INFO  no build target found for D:\ProyectoFinalLenguajesFront\frontend\src\main\scala\app\views\CompraView.scala. Using presentation compiler with project's scala-library version: 2.13.18
2025.11.29 01:37:31 INFO  no build target found for D:\ProyectoFinalLenguajesFront\frontend\src\main\scala\app\views\CompraView.scala. Using presentation compiler with project's scala-library version: 2.13.18
2025.11.29 01:37:34 INFO  no build target found for D:\ProyectoFinalLenguajesFront\frontend\src\main\scala\app\views\CompraView.scala. Using presentation compiler with project's scala-library version: 2.13.18
2025.11.29 01:37:42 INFO  no build target found for D:\ProyectoFinalLenguajesFront\frontend\src\main\scala\app\views\CompraView.scala. Using presentation compiler with project's scala-library version: 2.13.18
2025.11.29 01:37:48 INFO  no build target found for D:\ProyectoFinalLenguajesFront\frontend\src\main\scala\app\views\CompraView.scala. Using presentation compiler with project's scala-library version: 2.13.18
2025.11.29 01:37:51 INFO  no build target found for D:\ProyectoFinalLenguajesFront\frontend\src\main\scala\app\views\CompraView.scala. Using presentation compiler with project's scala-library version: 2.13.18
2025.11.29 01:37:51 INFO  no build target found for D:\ProyectoFinalLenguajesFront\frontend\src\main\scala\app\views\CompraView.scala. Using presentation compiler with project's scala-library version: 2.13.18
2025.11.29 01:37:52 INFO  no build target found for D:\ProyectoFinalLenguajesFront\frontend\src\main\scala\app\views\CompraView.scala. Using presentation compiler with project's scala-library version: 2.13.18
2025.11.29 01:37:52 INFO  no build target found for D:\ProyectoFinalLenguajesFront\frontend\src\main\scala\app\views\CompraView.scala. Using presentation compiler with project's scala-library version: 2.13.18
2025.11.29 01:37:52 INFO  no build target found for D:\ProyectoFinalLenguajesFront\frontend\src\main\scala\app\views\CompraView.scala. Using presentation compiler with project's scala-library version: 2.13.18
2025.11.29 01:37:52 INFO  no build target found for D:\ProyectoFinalLenguajesFront\frontend\src\main\scala\app\views\CompraView.scala. Using presentation compiler with project's scala-library version: 2.13.18
2025.11.29 01:37:52 INFO  no build target found for D:\ProyectoFinalLenguajesFront\frontend\src\main\scala\app\views\CompraView.scala. Using presentation compiler with project's scala-library version: 2.13.18
2025.11.29 01:37:52 INFO  no build target found for D:\ProyectoFinalLenguajesFront\frontend\src\main\scala\app\views\CompraView.scala. Using presentation compiler with project's scala-library version: 2.13.18
2025.11.29 01:37:52 INFO  no build target found for D:\ProyectoFinalLenguajesFront\frontend\src\main\scala\app\views\CompraView.scala. Using presentation compiler with project's scala-library version: 2.13.18
2025.11.29 01:37:52 INFO  no build target found for D:\ProyectoFinalLenguajesFront\frontend\src\main\scala\app\views\CompraView.scala. Using presentation compiler with project's scala-library version: 2.13.18
2025.11.29 01:37:53 WARN  no build target for: D:\ProyectoFinalLenguajesFront\frontend\src\main\scala\app\views\CompraView.scala
2025.11.29 01:37:53 INFO  no build target found for D:\ProyectoFinalLenguajesFront\frontend\src\main\scala\app\views\CompraView.scala. Using presentation compiler with project's scala-library version: 2.13.18
2025.11.29 01:39:28 INFO  no build target found for D:\ProyectoFinalLenguajesFront\frontend\src\main\scala\app\views\CompraView.scala. Using presentation compiler with project's scala-library version: 2.13.18
2025.11.29 01:39:30 INFO  no build target found for D:\ProyectoFinalLenguajesFront\frontend\src\main\scala\app\views\CompraView.scala. Using presentation compiler with project's scala-library version: 2.13.18
2025.11.29 01:39:34 INFO  no build target found for D:\ProyectoFinalLenguajesFront\frontend\src\main\scala\app\views\CompraView.scala. Using presentation compiler with project's scala-library version: 2.13.18
2025.11.29 01:39:34 INFO  no build target found for D:\ProyectoFinalLenguajesFront\frontend\src\main\scala\app\views\CompraView.scala. Using presentation compiler with project's scala-library version: 2.13.18
2025.11.29 01:39:43 INFO  no build target found for D:\ProyectoFinalLenguajesFront\frontend\src\main\scala\app\views\CompraView.scala. Using presentation compiler with project's scala-library version: 2.13.18
2025.11.29 01:39:47 INFO  no build target found for D:\ProyectoFinalLenguajesFront\frontend\src\main\scala\app\views\CompraView.scala. Using presentation compiler with project's scala-library version: 2.13.18
2025.11.29 01:39:59 INFO  no build target found for D:\ProyectoFinalLenguajesFront\frontend\src\main\scala\app\views\CompraView.scala. Using presentation compiler with project's scala-library version: 2.13.18
2025.11.29 01:39:59 INFO  no build target found for D:\ProyectoFinalLenguajesFront\frontend\src\main\scala\app\views\CompraView.scala. Using presentation compiler with project's scala-library version: 2.13.18
2025.11.29 01:40:01 INFO  no build target found for D:\ProyectoFinalLenguajesFront\frontend\src\main\scala\app\views\CompraView.scala. Using presentation compiler with project's scala-library version: 2.13.18
2025.11.29 01:40:01 INFO  no build target found for D:\ProyectoFinalLenguajesFront\frontend\src\main\scala\app\views\CompraView.scala. Using presentation compiler with project's scala-library version: 2.13.18
2025.11.29 01:40:01 INFO  no build target found for D:\ProyectoFinalLenguajesFront\frontend\src\main\scala\app\views\CompraView.scala. Using presentation compiler with project's scala-library version: 2.13.18
2025.11.29 01:40:02 INFO  no build target found for D:\ProyectoFinalLenguajesFront\frontend\src\main\scala\app\views\CompraView.scala. Using presentation compiler with project's scala-library version: 2.13.18
2025.11.29 01:40:06 INFO  no build target found for D:\ProyectoFinalLenguajesFront\frontend\src\main\scala\app\views\CompraView.scala. Using presentation compiler with project's scala-library version: 2.13.18
2025.11.29 01:40:09 INFO  no build target found for D:\ProyectoFinalLenguajesFront\frontend\src\main\scala\app\views\CompraView.scala. Using presentation compiler with project's scala-library version: 2.13.18
2025.11.29 01:40:09 INFO  no build target found for D:\ProyectoFinalLenguajesFront\frontend\src\main\scala\app\views\CompraView.scala. Using presentation compiler with project's scala-library version: 2.13.18
2025.11.29 01:40:09 INFO  no build target found for D:\ProyectoFinalLenguajesFront\frontend\src\main\scala\app\views\CompraView.scala. Using presentation compiler with project's scala-library version: 2.13.18
2025.11.29 01:40:11 INFO  no build target found for D:\ProyectoFinalLenguajesFront\frontend\src\main\scala\app\views\CompraView.scala. Using presentation compiler with project's scala-library version: 2.13.18
2025.11.29 01:40:13 INFO  no build target found for D:\ProyectoFinalLenguajesFront\frontend\src\main\scala\app\views\CompraView.scala. Using presentation compiler with project's scala-library version: 2.13.18
2025.11.29 01:40:13 INFO  no build target found for D:\ProyectoFinalLenguajesFront\frontend\src\main\scala\app\views\CompraView.scala. Using presentation compiler with project's scala-library version: 2.13.18
2025.11.29 01:40:15 INFO  no build target found for D:\ProyectoFinalLenguajesFront\frontend\src\main\scala\app\views\CompraView.scala. Using presentation compiler with project's scala-library version: 2.13.18
2025.11.29 01:40:15 INFO  no build target found for D:\ProyectoFinalLenguajesFront\frontend\src\main\scala\app\views\CompraView.scala. Using presentation compiler with project's scala-library version: 2.13.18
2025.11.29 01:40:27 INFO  no build target found for D:\ProyectoFinalLenguajesFront\frontend\src\main\scala\app\views\CompraView.scala. Using presentation compiler with project's scala-library version: 2.13.18
2025.11.29 01:40:35 INFO  no build target found for D:\ProyectoFinalLenguajesFront\frontend\src\main\scala\app\views\CompraView.scala. Using presentation compiler with project's scala-library version: 2.13.18
2025.11.29 01:40:35 INFO  no build target found for D:\ProyectoFinalLenguajesFront\frontend\src\main\scala\app\views\CompraView.scala. Using presentation compiler with project's scala-library version: 2.13.18
2025.11.29 01:40:35 INFO  no build target found for D:\ProyectoFinalLenguajesFront\frontend\src\main\scala\app\views\CompraView.scala. Using presentation compiler with project's scala-library version: 2.13.18
2025.11.29 01:40:36 INFO  no build target found for D:\ProyectoFinalLenguajesFront\frontend\src\main\scala\app\views\CompraView.scala. Using presentation compiler with project's scala-library version: 2.13.18
2025.11.29 01:40:36 INFO  no build target found for D:\ProyectoFinalLenguajesFront\frontend\src\main\scala\app\views\CompraView.scala. Using presentation compiler with project's scala-library version: 2.13.18
2025.11.29 01:40:38 INFO  no build target found for D:\ProyectoFinalLenguajesFront\frontend\src\main\scala\app\views\CompraView.scala. Using presentation compiler with project's scala-library version: 2.13.18
2025.11.29 01:40:38 INFO  no build target found for D:\ProyectoFinalLenguajesFront\frontend\src\main\scala\app\views\CompraView.scala. Using presentation compiler with project's scala-library version: 2.13.18
2025.11.29 01:40:39 INFO  no build target found for D:\ProyectoFinalLenguajesFront\frontend\src\main\scala\app\views\CompraView.scala. Using presentation compiler with project's scala-library version: 2.13.18
2025.11.29 01:40:42 INFO  no build target found for D:\ProyectoFinalLenguajesFront\frontend\src\main\scala\app\views\CompraView.scala. Using presentation compiler with project's scala-library version: 2.13.18
2025.11.29 01:40:44 INFO  no build target found for D:\ProyectoFinalLenguajesFront\frontend\src\main\scala\app\views\CompraView.scala. Using presentation compiler with project's scala-library version: 2.13.18
2025.11.29 01:40:44 INFO  no build target found for D:\ProyectoFinalLenguajesFront\frontend\src\main\scala\app\views\CompraView.scala. Using presentation compiler with project's scala-library version: 2.13.18
2025.11.29 01:40:44 INFO  no build target found for D:\ProyectoFinalLenguajesFront\frontend\src\main\scala\app\views\CompraView.scala. Using presentation compiler with project's scala-library version: 2.13.18
2025.11.29 01:40:44 INFO  no build target found for D:\ProyectoFinalLenguajesFront\frontend\src\main\scala\app\views\CompraView.scala. Using presentation compiler with project's scala-library version: 2.13.18
2025.11.29 01:40:44 INFO  no build target found for D:\ProyectoFinalLenguajesFront\frontend\src\main\scala\app\views\CompraView.scala. Using presentation compiler with project's scala-library version: 2.13.18
2025.11.29 01:40:44 INFO  no build target found for D:\ProyectoFinalLenguajesFront\frontend\src\main\scala\app\views\CompraView.scala. Using presentation compiler with project's scala-library version: 2.13.18
2025.11.29 01:40:44 INFO  no build target found for D:\ProyectoFinalLenguajesFront\frontend\src\main\scala\app\views\CompraView.scala. Using presentation compiler with project's scala-library version: 2.13.18
2025.11.29 01:40:44 INFO  no build target found for D:\ProyectoFinalLenguajesFront\frontend\src\main\scala\app\views\CompraView.scala. Using presentation compiler with project's scala-library version: 2.13.18
2025.11.29 01:40:44 INFO  no build target found for D:\ProyectoFinalLenguajesFront\frontend\src\main\scala\app\views\CompraView.scala. Using presentation compiler with project's scala-library version: 2.13.18
2025.11.29 01:40:44 INFO  no build target found for D:\ProyectoFinalLenguajesFront\frontend\src\main\scala\app\views\CompraView.scala. Using presentation compiler with project's scala-library version: 2.13.18
2025.11.29 01:40:44 INFO  no build target found for D:\ProyectoFinalLenguajesFront\frontend\src\main\scala\app\views\CompraView.scala. Using presentation compiler with project's scala-library version: 2.13.18
2025.11.29 01:40:44 INFO  no build target found for D:\ProyectoFinalLenguajesFront\frontend\src\main\scala\app\views\CompraView.scala. Using presentation compiler with project's scala-library version: 2.13.18
2025.11.29 01:40:44 INFO  no build target found for D:\ProyectoFinalLenguajesFront\frontend\src\main\scala\app\views\CompraView.scala. Using presentation compiler with project's scala-library version: 2.13.18
2025.11.29 01:40:44 INFO  no build target found for D:\ProyectoFinalLenguajesFront\frontend\src\main\scala\app\views\CompraView.scala. Using presentation compiler with project's scala-library version: 2.13.18
2025.11.29 01:40:44 WARN  Could not find 'JSON' using presentation compiler nor semanticdb. Trying to guess the definition using available information from local class context. 
2025.11.29 01:40:44 INFO  empty definition using pc, found symbol in pc:  (full report at: "D:\ProyectoFinalLenguajesFront\.metals\.reports\metals-full\2025-11-29\r_empty-definition_01-40-44-554.md")
2025.11.29 01:40:44 INFO  no build target found for D:\ProyectoFinalLenguajesFront\frontend\src\main\scala\app\views\CompraView.scala. Using presentation compiler with project's scala-library version: 2.13.18
2025.11.29 01:40:44 INFO  Created report: Optional[file:///D:/ProyectoFinalLenguajesFront/frontend/src/main/scala/app/views/CompraView.scala]
2025.11.29 01:40:44 INFO  empty definition using pc, found symbol in pc:  (full report at: "D:\ProyectoFinalLenguajesFront\.metals\.reports\metals-full\2025-11-29\r_empty-definition_01-40-44-554.md")
2025.11.29 01:40:44 INFO  empty definition using pc, found symbol in pc:  (full report at: "D:\ProyectoFinalLenguajesFront\.metals\.reports\metals-full\2025-11-29\r_empty-definition_01-40-44-554.md")
2025.11.29 01:40:44 INFO  no build target found for D:\ProyectoFinalLenguajesFront\frontend\src\main\scala\app\views\CompraView.scala. Using presentation compiler with project's scala-library version: 2.13.18
2025.11.29 01:40:44 INFO  empty definition using pc, found symbol in pc:  (full report at: "D:\ProyectoFinalLenguajesFront\.metals\.reports\metals-full\2025-11-29\r_empty-definition_01-40-44-554.md")
2025.11.29 01:40:44 INFO  no build target found for D:\ProyectoFinalLenguajesFront\frontend\src\main\scala\app\views\CompraView.scala. Using presentation compiler with project's scala-library version: 2.13.18
2025.11.29 01:40:44 INFO  no build target found for D:\ProyectoFinalLenguajesFront\frontend\src\main\scala\app\views\CompraView.scala. Using presentation compiler with project's scala-library version: 2.13.18
2025.11.29 01:40:44 INFO  empty definition using pc, found symbol in pc:  (full report at: "D:\ProyectoFinalLenguajesFront\.metals\.reports\metals-full\2025-11-29\r_empty-definition_01-40-44-554.md")
2025.11.29 01:40:44 INFO  no build target found for D:\ProyectoFinalLenguajesFront\frontend\src\main\scala\app\views\CompraView.scala. Using presentation compiler with project's scala-library version: 2.13.18
2025.11.29 01:40:44 INFO  empty definition using pc, found symbol in pc:  (full report at: "D:\ProyectoFinalLenguajesFront\.metals\.reports\metals-full\2025-11-29\r_empty-definition_01-40-44-554.md")
2025.11.29 01:40:44 INFO  empty definition using pc, found symbol in pc:  (full report at: "D:\ProyectoFinalLenguajesFront\.metals\.reports\metals-full\2025-11-29\r_empty-definition_01-40-44-554.md")
2025.11.29 01:40:44 INFO  no build target found for D:\ProyectoFinalLenguajesFront\frontend\src\main\scala\app\views\CompraView.scala. Using presentation compiler with project's scala-library version: 2.13.18
2025.11.29 01:40:44 INFO  no build target found for D:\ProyectoFinalLenguajesFront\frontend\src\main\scala\app\views\CompraView.scala. Using presentation compiler with project's scala-library version: 2.13.18
2025.11.29 01:40:44 INFO  empty definition using pc, found symbol in pc:  (full report at: "D:\ProyectoFinalLenguajesFront\.metals\.reports\metals-full\2025-11-29\r_empty-definition_01-40-44-554.md")
2025.11.29 01:40:44 INFO  no build target found for D:\ProyectoFinalLenguajesFront\frontend\src\main\scala\app\views\CompraView.scala. Using presentation compiler with project's scala-library version: 2.13.18
2025.11.29 01:40:44 WARN  no build target for: D:\ProyectoFinalLenguajesFront\frontend\src\main\scala\app\views\CompraView.scala
2025.11.29 01:40:44 INFO  no build target found for D:\ProyectoFinalLenguajesFront\frontend\src\main\scala\app\views\CompraView.scala. Using presentation compiler with project's scala-library version: 2.13.18
2025.11.29 01:40:45 INFO  no build target found for D:\ProyectoFinalLenguajesFront\frontend\src\main\scala\app\views\CompraView.scala. Using presentation compiler with project's scala-library version: 2.13.18
2025.11.29 01:40:45 INFO  no build target found for D:\ProyectoFinalLenguajesFront\frontend\src\main\scala\app\views\CompraView.scala. Using presentation compiler with project's scala-library version: 2.13.18
2025.11.29 01:40:45 INFO  no build target found for D:\ProyectoFinalLenguajesFront\frontend\src\main\scala\app\views\CompraView.scala. Using presentation compiler with project's scala-library version: 2.13.18
2025.11.29 01:40:45 INFO  no build target found for D:\ProyectoFinalLenguajesFront\frontend\src\main\scala\app\views\CompraView.scala. Using presentation compiler with project's scala-library version: 2.13.18
nov. 29, 2025 1:40:45 A. M. org.eclipse.lsp4j.jsonrpc.RemoteEndpoint handleCancellation
ADVERTENCIA: Unmatched cancel notification for request id 1276
2025.11.29 01:40:45 INFO  no build target found for D:\ProyectoFinalLenguajesFront\frontend\src\main\scala\app\views\CompraView.scala. Using presentation compiler with project's scala-library version: 2.13.18
2025.11.29 01:40:45 INFO  no build target found for D:\ProyectoFinalLenguajesFront\frontend\src\main\scala\app\views\CompraView.scala. Using presentation compiler with project's scala-library version: 2.13.18
2025.11.29 01:40:45 INFO  no build target found for D:\ProyectoFinalLenguajesFront\frontend\src\main\scala\app\views\CompraView.scala. Using presentation compiler with project's scala-library version: 2.13.18
2025.11.29 01:40:45 INFO  no build target found for D:\ProyectoFinalLenguajesFront\frontend\src\main\scala\app\views\CompraView.scala. Using presentation compiler with project's scala-library version: 2.13.18
2025.11.29 01:40:46 INFO  no build target found for D:\ProyectoFinalLenguajesFront\frontend\src\main\scala\app\views\CompraView.scala. Using presentation compiler with project's scala-library version: 2.13.18
2025.11.29 01:40:46 INFO  no build target found for D:\ProyectoFinalLenguajesFront\frontend\src\main\scala\app\views\CompraView.scala. Using presentation compiler with project's scala-library version: 2.13.18
2025.11.29 01:40:46 INFO  no build target found for D:\ProyectoFinalLenguajesFront\frontend\src\main\scala\app\views\CompraView.scala. Using presentation compiler with project's scala-library version: 2.13.18
2025.11.29 01:40:47 WARN  no build target for: D:\ProyectoFinalLenguajesFront\frontend\src\main\scala\app\views\CompraView.scala
2025.11.29 01:40:47 INFO  no build target found for D:\ProyectoFinalLenguajesFront\frontend\src\main\scala\app\views\CompraView.scala. Using presentation compiler with project's scala-library version: 2.13.18
2025.11.29 01:40:49 INFO  no build target found for D:\ProyectoFinalLenguajesFront\frontend\src\main\scala\app\views\CompraView.scala. Using presentation compiler with project's scala-library version: 2.13.18
2025.11.29 01:40:49 INFO  no build target found for D:\ProyectoFinalLenguajesFront\frontend\src\main\scala\app\views\CompraView.scala. Using presentation compiler with project's scala-library version: 2.13.18
2025.11.29 01:40:50 INFO  no build target found for D:\ProyectoFinalLenguajesFront\frontend\src\main\scala\app\views\CompraView.scala. Using presentation compiler with project's scala-library version: 2.13.18
2025.11.29 01:41:33 INFO  no build target found for D:\ProyectoFinalLenguajesFront\frontend\src\main\scala\app\views\CompraView.scala. Using presentation compiler with project's scala-library version: 2.13.18
2025.11.29 01:41:33 INFO  no build target found for D:\ProyectoFinalLenguajesFront\frontend\src\main\scala\app\views\CompraView.scala. Using presentation compiler with project's scala-library version: 2.13.18
2025.11.29 01:41:35 INFO  no build target found for D:\ProyectoFinalLenguajesFront\frontend\src\main\scala\app\views\CompraView.scala. Using presentation compiler with project's scala-library version: 2.13.18
2025.11.29 01:41:35 INFO  no build target found for D:\ProyectoFinalLenguajesFront\frontend\src\main\scala\app\views\CompraView.scala. Using presentation compiler with project's scala-library version: 2.13.18
2025.11.29 01:41:35 INFO  no build target found for D:\ProyectoFinalLenguajesFront\frontend\src\main\scala\app\views\CompraView.scala. Using presentation compiler with project's scala-library version: 2.13.18
2025.11.29 01:41:36 INFO  no build target found for D:\ProyectoFinalLenguajesFront\frontend\src\main\scala\app\views\CompraView.scala. Using presentation compiler with project's scala-library version: 2.13.18
2025.11.29 01:41:36 INFO  no build target found for D:\ProyectoFinalLenguajesFront\frontend\src\main\scala\app\views\CompraView.scala. Using presentation compiler with project's scala-library version: 2.13.18
2025.11.29 01:41:36 INFO  no build target found for D:\ProyectoFinalLenguajesFront\frontend\src\main\scala\app\views\CompraView.scala. Using presentation compiler with project's scala-library version: 2.13.18
2025.11.29 01:41:36 INFO  no build target found for D:\ProyectoFinalLenguajesFront\frontend\src\main\scala\app\views\CompraView.scala. Using presentation compiler with project's scala-library version: 2.13.18
2025.11.29 01:41:36 INFO  no build target found for D:\ProyectoFinalLenguajesFront\frontend\src\main\scala\app\views\CompraView.scala. Using presentation compiler with project's scala-library version: 2.13.18
2025.11.29 01:41:36 INFO  no build target found for D:\ProyectoFinalLenguajesFront\frontend\src\main\scala\app\views\CompraView.scala. Using presentation compiler with project's scala-library version: 2.13.18
2025.11.29 01:41:36 INFO  empty definition using pc, found symbol in pc:  (full report at: "D:\ProyectoFinalLenguajesFront\.metals\.reports\metals-full\2025-11-29\r_empty-definition_01-15-18-311.md")
2025.11.29 01:41:36 INFO  no build target found for D:\ProyectoFinalLenguajesFront\frontend\src\main\scala\app\views\CompraView.scala. Using presentation compiler with project's scala-library version: 2.13.18
2025.11.29 01:41:36 INFO  no build target found for D:\ProyectoFinalLenguajesFront\frontend\src\main\scala\app\views\CompraView.scala. Using presentation compiler with project's scala-library version: 2.13.18
2025.11.29 01:41:36 INFO  no build target found for D:\ProyectoFinalLenguajesFront\frontend\src\main\scala\app\views\CompraView.scala. Using presentation compiler with project's scala-library version: 2.13.18
2025.11.29 01:41:36 INFO  no build target found for D:\ProyectoFinalLenguajesFront\frontend\src\main\scala\app\views\CompraView.scala. Using presentation compiler with project's scala-library version: 2.13.18
2025.11.29 01:41:37 INFO  no build target found for D:\ProyectoFinalLenguajesFront\frontend\src\main\scala\app\views\CompraView.scala. Using presentation compiler with project's scala-library version: 2.13.18
2025.11.29 01:41:36 WARN  no build target for: D:\ProyectoFinalLenguajesFront\frontend\src\main\scala\app\views\CompraView.scala
2025.11.29 01:41:37 INFO  no build target found for D:\ProyectoFinalLenguajesFront\frontend\src\main\scala\app\views\CompraView.scala. Using presentation compiler with project's scala-library version: 2.13.18
2025.11.29 01:41:37 INFO  no build target found for D:\ProyectoFinalLenguajesFront\frontend\src\main\scala\app\views\CompraView.scala. Using presentation compiler with project's scala-library version: 2.13.18
2025.11.29 01:41:37 INFO  no build target found for D:\ProyectoFinalLenguajesFront\frontend\src\main\scala\app\views\CompraView.scala. Using presentation compiler with project's scala-library version: 2.13.18
2025.11.29 01:41:37 INFO  no build target found for D:\ProyectoFinalLenguajesFront\frontend\src\main\scala\app\views\CompraView.scala. Using presentation compiler with project's scala-library version: 2.13.18
2025.11.29 01:41:37 INFO  no build target found for D:\ProyectoFinalLenguajesFront\frontend\src\main\scala\app\views\CompraView.scala. Using presentation compiler with project's scala-library version: 2.13.18
2025.11.29 01:41:38 INFO  no build target found for D:\ProyectoFinalLenguajesFront\frontend\src\main\scala\app\views\CompraView.scala. Using presentation compiler with project's scala-library version: 2.13.18
nov. 29, 2025 1:41:38 A. M. scala.meta.internal.pc.CompilerAccess retryWithCleanCompiler
INFORMACIÓN: compiler crashed due to an error in the Scala compiler, retrying with new compiler instance.
2025.11.29 01:41:37 INFO  no build target found for D:\ProyectoFinalLenguajesFront\frontend\src\main\scala\app\views\CompraView.scala. Using presentation compiler with project's scala-library version: 2.13.18
2025.11.29 01:41:38 INFO  Created report: Optional[file:///D:/ProyectoFinalLenguajesFront/frontend/src/main/scala/app/views/CompraView.scala]
2025.11.29 01:41:38 INFO  scala.reflect.internal.FatalError: 
  unexpected tree: class scala.reflect.internal.Trees$Template
<dom: error>.<RequestInit: error> {
  def <init>(): <$anon: <error>> = {
    super.<init>();
    ()
  };
  <method: error> = null;
  <body: error> = JSON.stringify(data)
}
     while compiling: file:///D:/ProyectoFinalLenguajesFront/frontend/src/main/scala/app/views/CompraView.scala
        during phase: globalPhase=<no phase>, enteringPhase=parser
     library version: version 2.13.18
    compiler version: version 2.13.18
  reconstructed args: -classpath C:\Users\HP - Victus\AppData\Local\Coursier\cache\v1\https\repo1.maven.org\maven2\org\scala-lang\scala-library\2.13.18\scala-library-2.13.18.jar -Ymacro-expand:discard -Ycache-plugin-class-loader:last-modified -Ypresentation-any-thread

  last tree to typer: Template(value <local $anon>)
       tree position: line 45 of file:///D:/ProyectoFinalLenguajesFront/frontend/src/main/scala/app/views/CompraView.scala
              symbol: value <local $anon>
   symbol definition: val <local $anon>: <notype> (a TermSymbol)
      symbol package: app.views
       symbol owners: value <local $anon> -> <$anon: <error>> -> method comprar -> method apply -> object CompraView
           call site: <none> in <none>

== Source file context for tree position ==

    42 
    43             dom.fetch(
    44         "https://tl7vhlzb-8081.brs.devtunnels.ms/comprarlibro/comprar",
    45         new dom.RequestInit {
    46           method = [error] D:\ProyectoFinalLenguajesFront\frontend\src\main\scala\app\views\CompraView.scala:46:20: type mismatch;
    47 [error]  found   : String("POST")
    48 [error]  required: scala.scalajs.js.UndefOr[org.scalajs.dom.HttpMethod]                                                                                                                                                                                                (full report at: "D:\ProyectoFinalLenguajesFront\.metals\.reports\metals-full\2025-11-29\r_compiler-error_01-41-38-581.md")
2025.11.29 01:41:38 INFO  no build target found for D:\ProyectoFinalLenguajesFront\frontend\src\main\scala\app\views\CompraView.scala. Using presentation compiler with project's scala-library version: 2.13.18
2025.11.29 01:41:37 INFO  no build target found for D:\ProyectoFinalLenguajesFront\frontend\src\main\scala\app\views\CompraView.scala. Using presentation compiler with project's scala-library version: 2.13.18
2025.11.29 01:41:38 INFO  no build target found for D:\ProyectoFinalLenguajesFront\frontend\src\main\scala\app\views\CompraView.scala. Using presentation compiler with project's scala-library version: 2.13.18
2025.11.29 01:41:37 INFO  no build target found for D:\ProyectoFinalLenguajesFront\frontend\src\main\scala\app\views\CompraView.scala. Using presentation compiler with project's scala-library version: 2.13.18
Exception in thread "pool-6-thread-5" java.lang.InterruptedException
	at scala.meta.internal.metals.FutureCancelToken.checkCanceled(FutureCancelToken.scala:29)
	at scala.meta.internal.pc.CompilerAccess.$anonfun$onCompilerJobQueue$1(CompilerAccess.scala:207)
	at scala.meta.internal.pc.CompilerJobQueue$Job.run(CompilerJobQueue.scala:152)
	at java.base/java.util.concurrent.ThreadPoolExecutor.runWorker(ThreadPoolExecutor.java:1090)
	at java.base/java.util.concurrent.ThreadPoolExecutor$Worker.run(ThreadPoolExecutor.java:614)
	at java.base/java.lang.Thread.run(Thread.java:1474)
2025.11.29 01:41:38 INFO  no build target found for D:\ProyectoFinalLenguajesFront\frontend\src\main\scala\app\views\CompraView.scala. Using presentation compiler with project's scala-library version: 2.13.18
2025.11.29 01:41:37 INFO  no build target found for D:\ProyectoFinalLenguajesFront\frontend\src\main\scala\app\views\CompraView.scala. Using presentation compiler with project's scala-library version: 2.13.18
2025.11.29 01:41:38 INFO  no build target found for D:\ProyectoFinalLenguajesFront\frontend\src\main\scala\app\views\CompraView.scala. Using presentation compiler with project's scala-library version: 2.13.18
2025.11.29 01:41:38 INFO  no build target found for D:\ProyectoFinalLenguajesFront\frontend\src\main\scala\app\views\CompraView.scala. Using presentation compiler with project's scala-library version: 2.13.18
2025.11.29 01:41:38 INFO  empty definition using pc, found symbol in pc:  (full report at: "D:\ProyectoFinalLenguajesFront\.metals\.reports\metals-full\2025-11-29\r_empty-definition_01-15-18-311.md")
2025.11.29 01:41:38 INFO  no build target found for D:\ProyectoFinalLenguajesFront\frontend\src\main\scala\app\views\CompraView.scala. Using presentation compiler with project's scala-library version: 2.13.18
2025.11.29 01:41:39 WARN  no build target for: D:\ProyectoFinalLenguajesFront\frontend\src\main\scala\app\views\CompraView.scala
2025.11.29 01:41:39 INFO  no build target found for D:\ProyectoFinalLenguajesFront\frontend\src\main\scala\app\views\CompraView.scala. Using presentation compiler with project's scala-library version: 2.13.18
2025.11.29 01:41:41 INFO  no build target found for D:\ProyectoFinalLenguajesFront\frontend\src\main\scala\app\views\CompraView.scala. Using presentation compiler with project's scala-library version: 2.13.18
2025.11.29 01:41:41 INFO  no build target found for D:\ProyectoFinalLenguajesFront\frontend\src\main\scala\app\views\CompraView.scala. Using presentation compiler with project's scala-library version: 2.13.18
2025.11.29 01:41:41 INFO  no build target found for D:\ProyectoFinalLenguajesFront\frontend\src\main\scala\app\views\CompraView.scala. Using presentation compiler with project's scala-library version: 2.13.18
2025.11.29 01:41:41 INFO  empty definition using pc, found symbol in pc:  (full report at: "D:\ProyectoFinalLenguajesFront\.metals\.reports\metals-full\2025-11-29\r_empty-definition_01-15-18-311.md")
2025.11.29 01:41:43 INFO  no build target found for D:\ProyectoFinalLenguajesFront\frontend\src\main\scala\app\views\CompraView.scala. Using presentation compiler with project's scala-library version: 2.13.18
2025.11.29 01:41:43 INFO  no build target found for D:\ProyectoFinalLenguajesFront\frontend\src\main\scala\app\views\CompraView.scala. Using presentation compiler with project's scala-library version: 2.13.18
2025.11.29 01:41:43 INFO  no build target found for D:\ProyectoFinalLenguajesFront\frontend\src\main\scala\app\views\CompraView.scala. Using presentation compiler with project's scala-library version: 2.13.18
2025.11.29 01:41:44 INFO  no build target found for D:\ProyectoFinalLenguajesFront\frontend\src\main\scala\app\views\CompraView.scala. Using presentation compiler with project's scala-library version: 2.13.18
2025.11.29 01:41:43 INFO  no build target found for D:\ProyectoFinalLenguajesFront\frontend\src\main\scala\app\views\CompraView.scala. Using presentation compiler with project's scala-library version: 2.13.18
2025.11.29 01:41:43 INFO  no build target found for D:\ProyectoFinalLenguajesFront\frontend\src\main\scala\app\views\CompraView.scala. Using presentation compiler with project's scala-library version: 2.13.18
2025.11.29 01:41:43 INFO  no build target found for D:\ProyectoFinalLenguajesFront\frontend\src\main\scala\app\views\CompraView.scala. Using presentation compiler with project's scala-library version: 2.13.18
2025.11.29 01:41:44 INFO  no build target found for D:\ProyectoFinalLenguajesFront\frontend\src\main\scala\app\views\CompraView.scala. Using presentation compiler with project's scala-library version: 2.13.18
2025.11.29 01:41:44 INFO  no build target found for D:\ProyectoFinalLenguajesFront\frontend\src\main\scala\app\views\CompraView.scala. Using presentation compiler with project's scala-library version: 2.13.18
2025.11.29 01:41:44 INFO  no build target found for D:\ProyectoFinalLenguajesFront\frontend\src\main\scala\app\views\CompraView.scala. Using presentation compiler with project's scala-library version: 2.13.18
2025.11.29 01:41:44 INFO  no build target found for D:\ProyectoFinalLenguajesFront\frontend\src\main\scala\app\views\CompraView.scala. Using presentation compiler with project's scala-library version: 2.13.18
2025.11.29 01:41:44 INFO  no build target found for D:\ProyectoFinalLenguajesFront\frontend\src\main\scala\app\views\CompraView.scala. Using presentation compiler with project's scala-library version: 2.13.18
2025.11.29 01:41:45 WARN  no build target for: D:\ProyectoFinalLenguajesFront\frontend\src\main\scala\app\views\CompraView.scala
2025.11.29 01:41:45 INFO  no build target found for D:\ProyectoFinalLenguajesFront\frontend\src\main\scala\app\views\CompraView.scala. Using presentation compiler with project's scala-library version: 2.13.18
2025.11.29 01:42:58 INFO  no build target found for D:\ProyectoFinalLenguajesFront\frontend\src\main\scala\app\views\CompraView.scala. Using presentation compiler with project's scala-library version: 2.13.18
2025.11.29 01:44:48 INFO  no build target found for D:\ProyectoFinalLenguajesFront\frontend\src\main\scala\app\views\CompraView.scala. Using presentation compiler with project's scala-library version: 2.13.18
2025.11.29 01:44:48 INFO  no build target found for D:\ProyectoFinalLenguajesFront\frontend\src\main\scala\app\views\CompraView.scala. Using presentation compiler with project's scala-library version: 2.13.18
2025.11.29 01:44:48 INFO  no build target found for D:\ProyectoFinalLenguajesFront\frontend\src\main\scala\app\views\CompraView.scala. Using presentation compiler with project's scala-library version: 2.13.18
2025.11.29 01:44:49 INFO  no build target found for D:\ProyectoFinalLenguajesFront\frontend\src\main\scala\app\views\CompraView.scala. Using presentation compiler with project's scala-library version: 2.13.18
2025.11.29 01:44:49 INFO  no build target found for D:\ProyectoFinalLenguajesFront\frontend\src\main\scala\app\views\CompraView.scala. Using presentation compiler with project's scala-library version: 2.13.18
2025.11.29 01:44:49 INFO  no build target found for D:\ProyectoFinalLenguajesFront\frontend\src\main\scala\app\views\CompraView.scala. Using presentation compiler with project's scala-library version: 2.13.18
2025.11.29 01:44:49 INFO  no build target found for D:\ProyectoFinalLenguajesFront\frontend\src\main\scala\app\views\CompraView.scala. Using presentation compiler with project's scala-library version: 2.13.18
2025.11.29 01:44:49 INFO  no build target found for D:\ProyectoFinalLenguajesFront\frontend\src\main\scala\app\views\CompraView.scala. Using presentation compiler with project's scala-library version: 2.13.18
2025.11.29 01:44:50 INFO  no build target found for D:\ProyectoFinalLenguajesFront\frontend\src\main\scala\app\views\CompraView.scala. Using presentation compiler with project's scala-library version: 2.13.18
2025.11.29 01:44:49 INFO  no build target found for D:\ProyectoFinalLenguajesFront\frontend\src\main\scala\app\views\CompraView.scala. Using presentation compiler with project's scala-library version: 2.13.18
2025.11.29 01:44:49 INFO  no build target found for D:\ProyectoFinalLenguajesFront\frontend\src\main\scala\app\views\CompraView.scala. Using presentation compiler with project's scala-library version: 2.13.18
2025.11.29 01:44:50 INFO  no build target found for D:\ProyectoFinalLenguajesFront\frontend\src\main\scala\app\views\CompraView.scala. Using presentation compiler with project's scala-library version: 2.13.18
2025.11.29 01:44:50 INFO  no build target found for D:\ProyectoFinalLenguajesFront\frontend\src\main\scala\app\views\CompraView.scala. Using presentation compiler with project's scala-library version: 2.13.18
2025.11.29 01:44:50 INFO  no build target found for D:\ProyectoFinalLenguajesFront\frontend\src\main\scala\app\views\CompraView.scala. Using presentation compiler with project's scala-library version: 2.13.18
2025.11.29 01:44:50 INFO  no build target found for D:\ProyectoFinalLenguajesFront\frontend\src\main\scala\app\views\CompraView.scala. Using presentation compiler with project's scala-library version: 2.13.18
2025.11.29 01:44:51 WARN  no build target for: D:\ProyectoFinalLenguajesFront\frontend\src\main\scala\app\views\CompraView.scala
2025.11.29 01:44:51 INFO  no build target found for D:\ProyectoFinalLenguajesFront\frontend\src\main\scala\app\views\CompraView.scala. Using presentation compiler with project's scala-library version: 2.13.18
2025.11.29 01:44:52 INFO  no build target found for D:\ProyectoFinalLenguajesFront\frontend\src\main\scala\app\views\CompraView.scala. Using presentation compiler with project's scala-library version: 2.13.18
2025.11.29 01:46:08 INFO  no build target found for D:\ProyectoFinalLenguajesFront\frontend\src\main\scala\app\views\AnadirAdminView.scala. Using presentation compiler with project's scala-library version: 2.13.18
2025.11.29 01:46:08 WARN  no build target for: D:\ProyectoFinalLenguajesFront\frontend\src\main\scala\app\views\AnadirAdminView.scala
2025.11.29 01:46:08 INFO  no build target found for D:\ProyectoFinalLenguajesFront\frontend\src\main\scala\app\views\AnadirAdminView.scala. Using presentation compiler with project's scala-library version: 2.13.18
2025.11.29 01:46:08 INFO  no build target found for D:\ProyectoFinalLenguajesFront\frontend\src\main\scala\app\views\AnadirAdminView.scala. Using presentation compiler with project's scala-library version: 2.13.18
2025.11.29 01:46:08 INFO  no build target found for D:\ProyectoFinalLenguajesFront\frontend\src\main\scala\app\views\AnadirAdminView.scala. Using presentation compiler with project's scala-library version: 2.13.18
2025.11.29 01:46:08 INFO  no build target found for D:\ProyectoFinalLenguajesFront\frontend\src\main\scala\app\views\AnadirAdminView.scala. Using presentation compiler with project's scala-library version: 2.13.18
2025.11.29 01:46:08 INFO  no build target found for D:\ProyectoFinalLenguajesFront\frontend\src\main\scala\app\views\AnadirAdminView.scala. Using presentation compiler with project's scala-library version: 2.13.18
2025.11.29 01:46:08 INFO  no build target found for D:\ProyectoFinalLenguajesFront\frontend\src\main\scala\app\views\AgregarView.scala. Using presentation compiler with project's scala-library version: 2.13.18
2025.11.29 01:46:09 WARN  no build target for: D:\ProyectoFinalLenguajesFront\frontend\src\main\scala\app\views\AgregarView.scala
2025.11.29 01:46:09 INFO  no build target found for D:\ProyectoFinalLenguajesFront\frontend\src\main\scala\app\views\AgregarView.scala. Using presentation compiler with project's scala-library version: 2.13.18
2025.11.29 01:46:08 INFO  no build target found for D:\ProyectoFinalLenguajesFront\frontend\src\main\scala\app\views\AgregarView.scala. Using presentation compiler with project's scala-library version: 2.13.18
2025.11.29 01:46:08 INFO  no build target found for D:\ProyectoFinalLenguajesFront\frontend\src\main\scala\app\views\AgregarView.scala. Using presentation compiler with project's scala-library version: 2.13.18
2025.11.29 01:46:08 INFO  no build target found for D:\ProyectoFinalLenguajesFront\frontend\src\main\scala\app\views\AgregarView.scala. Using presentation compiler with project's scala-library version: 2.13.18
2025.11.29 01:46:12 INFO  no build target found for D:\ProyectoFinalLenguajesFront\frontend\src\main\scala\app\views\ReporteView.scala. Using presentation compiler with project's scala-library version: 2.13.18
2025.11.29 01:46:12 WARN  no build target for: D:\ProyectoFinalLenguajesFront\frontend\src\main\scala\app\views\ReporteView.scala
2025.11.29 01:46:12 INFO  no build target found for D:\ProyectoFinalLenguajesFront\frontend\src\main\scala\app\views\ReporteView.scala. Using presentation compiler with project's scala-library version: 2.13.18
2025.11.29 01:46:12 INFO  no build target found for D:\ProyectoFinalLenguajesFront\frontend\src\main\scala\app\views\ReporteView.scala. Using presentation compiler with project's scala-library version: 2.13.18
2025.11.29 01:47:58 INFO  no build target found for D:\ProyectoFinalLenguajesFront\frontend\src\main\scala\app\views\Estilos.scala. Using presentation compiler with project's scala-library version: 2.13.18
2025.11.29 01:47:58 INFO  no build target found for D:\ProyectoFinalLenguajesFront\frontend\src\main\scala\app\views\Estilos.scala. Using presentation compiler with project's scala-library version: 2.13.18
2025.11.29 01:47:58 WARN  no build target for: D:\ProyectoFinalLenguajesFront\frontend\src\main\scala\app\views\Estilos.scala
2025.11.29 01:47:58 INFO  no build target found for D:\ProyectoFinalLenguajesFront\frontend\src\main\scala\app\views\Estilos.scala. Using presentation compiler with project's scala-library version: 2.13.18
2025.11.29 01:47:58 INFO  no build target found for D:\ProyectoFinalLenguajesFront\frontend\src\main\scala\app\views\Estilos.scala. Using presentation compiler with project's scala-library version: 2.13.18
2025.11.29 01:47:59 INFO  no build target found for D:\ProyectoFinalLenguajesFront\frontend\src\main\scala\app\views\Estilos.scala. Using presentation compiler with project's scala-library version: 2.13.18
2025.11.29 01:48:11 INFO  no build target found for D:\ProyectoFinalLenguajesFront\frontend\src\main\scala\app\views\EliminarView.scala. Using presentation compiler with project's scala-library version: 2.13.18
2025.11.29 01:48:11 WARN  no build target for: D:\ProyectoFinalLenguajesFront\frontend\src\main\scala\app\views\EliminarView.scala
2025.11.29 01:48:11 INFO  no build target found for D:\ProyectoFinalLenguajesFront\frontend\src\main\scala\app\views\EliminarView.scala. Using presentation compiler with project's scala-library version: 2.13.18
2025.11.29 01:48:11 INFO  no build target found for D:\ProyectoFinalLenguajesFront\frontend\src\main\scala\app\views\EliminarView.scala. Using presentation compiler with project's scala-library version: 2.13.18
2025.11.29 01:48:11 INFO  no build target found for D:\ProyectoFinalLenguajesFront\frontend\src\main\scala\app\views\EliminarView.scala. Using presentation compiler with project's scala-library version: 2.13.18
2025.11.29 01:48:11 INFO  no build target found for D:\ProyectoFinalLenguajesFront\frontend\src\main\scala\app\views\EliminarView.scala. Using presentation compiler with project's scala-library version: 2.13.18
2025.11.29 01:48:11 INFO  no build target found for D:\ProyectoFinalLenguajesFront\frontend\src\main\scala\app\views\EliminarView.scala. Using presentation compiler with project's scala-library version: 2.13.18
2025.11.29 01:48:16 INFO  no build target found for D:\ProyectoFinalLenguajesFront\frontend\src\main\scala\app\views\Estilos.scala. Using presentation compiler with project's scala-library version: 2.13.18
2025.11.29 01:48:16 WARN  no build target for: D:\ProyectoFinalLenguajesFront\frontend\src\main\scala\app\views\Estilos.scala
2025.11.29 01:48:16 INFO  no build target found for D:\ProyectoFinalLenguajesFront\frontend\src\main\scala\app\views\Estilos.scala. Using presentation compiler with project's scala-library version: 2.13.18
2025.11.29 01:48:16 INFO  no build target found for D:\ProyectoFinalLenguajesFront\frontend\src\main\scala\app\views\Estilos.scala. Using presentation compiler with project's scala-library version: 2.13.18
2025.11.29 01:48:16 INFO  no build target found for D:\ProyectoFinalLenguajesFront\frontend\src\main\scala\app\views\Estilos.scala. Using presentation compiler with project's scala-library version: 2.13.18
2025.11.29 01:48:17 INFO  no build target found for D:\ProyectoFinalLenguajesFront\frontend\src\main\scala\app\views\FiltroView.scala. Using presentation compiler with project's scala-library version: 2.13.18
2025.11.29 01:48:17 WARN  no build target for: D:\ProyectoFinalLenguajesFront\frontend\src\main\scala\app\views\FiltroView.scala
2025.11.29 01:48:16 INFO  no build target found for D:\ProyectoFinalLenguajesFront\frontend\src\main\scala\app\views\FiltroView.scala. Using presentation compiler with project's scala-library version: 2.13.18
2025.11.29 01:48:17 INFO  no build target found for D:\ProyectoFinalLenguajesFront\frontend\src\main\scala\app\views\FiltroView.scala. Using presentation compiler with project's scala-library version: 2.13.18
2025.11.29 01:48:16 INFO  no build target found for D:\ProyectoFinalLenguajesFront\frontend\src\main\scala\app\views\FiltroView.scala. Using presentation compiler with project's scala-library version: 2.13.18
2025.11.29 01:48:17 INFO  no build target found for D:\ProyectoFinalLenguajesFront\frontend\src\main\scala\app\views\FiltroView.scala. Using presentation compiler with project's scala-library version: 2.13.18
2025.11.29 01:48:25 INFO  no build target found for D:\ProyectoFinalLenguajesFront\frontend\src\main\scala\app\Main.scala. Using presentation compiler with project's scala-library version: 2.13.18
2025.11.29 01:48:25 WARN  no build target for: D:\ProyectoFinalLenguajesFront\frontend\src\main\scala\app\Main.scala
2025.11.29 01:48:25 INFO  no build target found for D:\ProyectoFinalLenguajesFront\frontend\src\main\scala\app\Main.scala. Using presentation compiler with project's scala-library version: 2.13.18
2025.11.29 01:48:40 INFO  no build target found for D:\ProyectoFinalLenguajesFront\frontend\src\main\scala\app\Main.scala. Using presentation compiler with project's scala-library version: 2.13.18
2025.11.29 01:48:41 INFO  no build target found for D:\ProyectoFinalLenguajesFront\frontend\src\main\scala\app\Main.scala. Using presentation compiler with project's scala-library version: 2.13.18
2025.11.29 01:48:52 INFO  no build target found for D:\ProyectoFinalLenguajesFront\frontend\src\main\scala\app\Main.scala. Using presentation compiler with project's scala-library version: 2.13.18
2025.11.29 01:48:52 INFO  no build target found for D:\ProyectoFinalLenguajesFront\frontend\src\main\scala\app\Main.scala. Using presentation compiler with project's scala-library version: 2.13.18
2025.11.29 01:48:55 INFO  no build target found for D:\ProyectoFinalLenguajesFront\frontend\src\main\scala\app\views\CompraView.scala. Using presentation compiler with project's scala-library version: 2.13.18
2025.11.29 01:48:55 WARN  no build target for: D:\ProyectoFinalLenguajesFront\frontend\src\main\scala\app\views\CompraView.scala
2025.11.29 01:48:55 INFO  no build target found for D:\ProyectoFinalLenguajesFront\frontend\src\main\scala\app\views\CompraView.scala. Using presentation compiler with project's scala-library version: 2.13.18
2025.11.29 01:48:55 INFO  no build target found for D:\ProyectoFinalLenguajesFront\frontend\src\main\scala\app\views\CompraView.scala. Using presentation compiler with project's scala-library version: 2.13.18
2025.11.29 01:48:57 INFO  no build target found for D:\ProyectoFinalLenguajesFront\frontend\src\main\scala\app\views\CompraView.scala. Using presentation compiler with project's scala-library version: 2.13.18
2025.11.29 01:49:16 INFO  no build target found for D:\ProyectoFinalLenguajesFront\frontend\src\main\scala\app\views\CompraView.scala. Using presentation compiler with project's scala-library version: 2.13.18
2025.11.29 01:49:46 INFO  no build target found for D:\ProyectoFinalLenguajesFront\frontend\src\main\scala\app\views\FiltroView.scala. Using presentation compiler with project's scala-library version: 2.13.18
2025.11.29 01:49:46 WARN  no build target for: D:\ProyectoFinalLenguajesFront\frontend\src\main\scala\app\views\FiltroView.scala
2025.11.29 01:49:46 INFO  no build target found for D:\ProyectoFinalLenguajesFront\frontend\src\main\scala\app\views\FiltroView.scala. Using presentation compiler with project's scala-library version: 2.13.18
2025.11.29 01:49:46 INFO  no build target found for D:\ProyectoFinalLenguajesFront\frontend\src\main\scala\app\views\FiltroView.scala. Using presentation compiler with project's scala-library version: 2.13.18
2025.11.29 01:50:25 INFO  no build target found for D:\ProyectoFinalLenguajesFront\frontend\src\main\scala\app\views\CompraView.scala. Using presentation compiler with project's scala-library version: 2.13.18
2025.11.29 01:50:25 WARN  no build target for: D:\ProyectoFinalLenguajesFront\frontend\src\main\scala\app\views\CompraView.scala
2025.11.29 01:50:25 INFO  no build target found for D:\ProyectoFinalLenguajesFront\frontend\src\main\scala\app\views\CompraView.scala. Using presentation compiler with project's scala-library version: 2.13.18
2025.11.29 01:50:25 INFO  no build target found for D:\ProyectoFinalLenguajesFront\frontend\src\main\scala\app\views\CompraView.scala. Using presentation compiler with project's scala-library version: 2.13.18
2025.11.29 01:50:27 INFO  no build target found for D:\ProyectoFinalLenguajesFront\frontend\src\main\scala\app\views\CompraView.scala. Using presentation compiler with project's scala-library version: 2.13.18
2025.11.29 01:50:34 INFO  no build target found for D:\ProyectoFinalLenguajesFront\frontend\src\main\scala\app\views\CompraView.scala. Using presentation compiler with project's scala-library version: 2.13.18
2025.11.29 01:50:34 INFO  no build target found for D:\ProyectoFinalLenguajesFront\frontend\src\main\scala\app\views\CompraView.scala. Using presentation compiler with project's scala-library version: 2.13.18
2025.11.29 01:51:04 INFO  no build target found for D:\ProyectoFinalLenguajesFront\frontend\src\main\scala\app\views\CompraView.scala. Using presentation compiler with project's scala-library version: 2.13.18
2025.11.29 01:51:16 INFO  no build target found for D:\ProyectoFinalLenguajesFront\frontend\src\main\scala\app\views\CompraView.scala. Using presentation compiler with project's scala-library version: 2.13.18
2025.11.29 01:51:16 INFO  no build target found for D:\ProyectoFinalLenguajesFront\frontend\src\main\scala\app\views\CompraView.scala. Using presentation compiler with project's scala-library version: 2.13.18
2025.11.29 01:51:18 INFO  no build target found for D:\ProyectoFinalLenguajesFront\frontend\src\main\scala\app\views\CompraView.scala. Using presentation compiler with project's scala-library version: 2.13.18
2025.11.29 01:51:21 INFO  no build target found for D:\ProyectoFinalLenguajesFront\frontend\src\main\scala\app\views\CompraView.scala. Using presentation compiler with project's scala-library version: 2.13.18
2025.11.29 01:51:22 INFO  no build target found for D:\ProyectoFinalLenguajesFront\frontend\src\main\scala\app\views\CompraView.scala. Using presentation compiler with project's scala-library version: 2.13.18
2025.11.29 01:51:22 INFO  no build target found for D:\ProyectoFinalLenguajesFront\frontend\src\main\scala\app\views\CompraView.scala. Using presentation compiler with project's scala-library version: 2.13.18
2025.11.29 01:51:24 INFO  no build target found for D:\ProyectoFinalLenguajesFront\frontend\src\main\scala\app\views\CompraView.scala. Using presentation compiler with project's scala-library version: 2.13.18
2025.11.29 01:51:28 INFO  no build target found for D:\ProyectoFinalLenguajesFront\frontend\src\main\scala\app\views\CompraView.scala. Using presentation compiler with project's scala-library version: 2.13.18
2025.11.29 01:51:28 INFO  no build target found for D:\ProyectoFinalLenguajesFront\frontend\src\main\scala\app\views\CompraView.scala. Using presentation compiler with project's scala-library version: 2.13.18
2025.11.29 01:52:09 INFO  no build target found for D:\ProyectoFinalLenguajesFront\frontend\src\main\scala\app\views\CompraView.scala. Using presentation compiler with project's scala-library version: 2.13.18
2025.11.29 01:54:49 INFO  no build target found for D:\ProyectoFinalLenguajesFront\frontend\src\main\scala\app\views\CompraView.scala. Using presentation compiler with project's scala-library version: 2.13.18
2025.11.29 01:56:14 INFO  no build target found for D:\ProyectoFinalLenguajesFront\frontend\src\main\scala\app\views\CompraView.scala. Using presentation compiler with project's scala-library version: 2.13.18
2025.11.29 01:56:25 INFO  no build target found for D:\ProyectoFinalLenguajesFront\frontend\src\main\scala\app\views\CompraView.scala. Using presentation compiler with project's scala-library version: 2.13.18
2025.11.29 01:57:09 INFO  no build target found for D:\ProyectoFinalLenguajesFront\frontend\src\main\scala\app\views\CompraView.scala. Using presentation compiler with project's scala-library version: 2.13.18
2025.11.29 01:57:13 INFO  Shutting down server
2025.11.29 01:57:13 INFO  shutting down Metals
2025.11.29 01:57:13 INFO  Shut down connection with build server.
2025.11.29 01:57:13 INFO  Shut down connection with build server.
2025.11.29 01:57:13 INFO  Shut down connection with build server.
2025.11.29 01:57:13 INFO  Exiting server
